[2026-01-04T21:39:03.862+0000] {taskinstance.py:1956} INFO - Dependencies all met for dep_context=non-requeueable deps ti=<TaskInstance: reddit_can_complete_pipeline.pipeline_success scheduled__2026-01-04T12:00:00+00:00 [queued]>
[2026-01-04T21:39:03.893+0000] {taskinstance.py:1956} INFO - Dependencies all met for dep_context=requeueable deps ti=<TaskInstance: reddit_can_complete_pipeline.pipeline_success scheduled__2026-01-04T12:00:00+00:00 [queued]>
[2026-01-04T21:39:03.895+0000] {taskinstance.py:2170} INFO - Starting attempt 1 of 3
[2026-01-04T21:39:03.941+0000] {taskinstance.py:2191} INFO - Executing <Task(BashOperator): pipeline_success> on 2026-01-04 12:00:00+00:00
[2026-01-04T21:39:03.972+0000] {standard_task_runner.py:60} INFO - Started process 3827 to run task
[2026-01-04T21:39:03.983+0000] {standard_task_runner.py:87} INFO - Running: ['***', 'tasks', 'run', 'reddit_can_complete_pipeline', 'pipeline_success', 'scheduled__2026-01-04T12:00:00+00:00', '--job-id', '35', '--raw', '--subdir', 'DAGS_FOLDER/reddit_can_complete_pipeline.py', '--cfg-path', '/tmp/tmphw3qk3b6']
[2026-01-04T21:39:03.995+0000] {standard_task_runner.py:88} INFO - Job 35: Subtask pipeline_success
[2026-01-04T21:39:04.171+0000] {task_command.py:423} INFO - Running <TaskInstance: reddit_can_complete_pipeline.pipeline_success scheduled__2026-01-04T12:00:00+00:00 [running]> on host ea2e4c1a0da0
[2026-01-04T21:39:04.432+0000] {taskinstance.py:2480} INFO - Exporting env vars: AIRFLOW_CTX_DAG_OWNER='bigdata_team' AIRFLOW_CTX_DAG_ID='reddit_can_complete_pipeline' AIRFLOW_CTX_TASK_ID='pipeline_success' AIRFLOW_CTX_EXECUTION_DATE='2026-01-04T12:00:00+00:00' AIRFLOW_CTX_TRY_NUMBER='1' AIRFLOW_CTX_DAG_RUN_ID='scheduled__2026-01-04T12:00:00+00:00'
[2026-01-04T21:39:04.441+0000] {subprocess.py:63} INFO - Tmp dir root location: /tmp
[2026-01-04T21:39:04.448+0000] {subprocess.py:75} INFO - Running command: ['/usr/bin/bash', '-c', '\n        echo "=========================================="\n        echo "✅ PIPELINE TERMINÉ AVEC SUCCÈS"\n        echo "=========================================="\n        echo ""\n        echo "🌐 Dashboard: http://localhost:8501"\n        echo "📊 MongoDB: http://localhost:8081"\n        echo ""\n        echo "📝 Logs complets dans Airflow UI"\n        echo "=========================================="\n        ']
[2026-01-04T21:39:04.481+0000] {subprocess.py:86} INFO - Output:
[2026-01-04T21:39:04.489+0000] {subprocess.py:93} INFO - ==========================================
[2026-01-04T21:39:04.492+0000] {subprocess.py:93} INFO - ✅ PIPELINE TERMINÉ AVEC SUCCÈS
[2026-01-04T21:39:04.494+0000] {subprocess.py:93} INFO - ==========================================
[2026-01-04T21:39:04.496+0000] {subprocess.py:93} INFO - 
[2026-01-04T21:39:04.498+0000] {subprocess.py:93} INFO - 🌐 Dashboard: http://localhost:8501
[2026-01-04T21:39:04.501+0000] {subprocess.py:93} INFO - 📊 MongoDB: http://localhost:8081
[2026-01-04T21:39:04.503+0000] {subprocess.py:93} INFO - 
[2026-01-04T21:39:04.505+0000] {subprocess.py:93} INFO - 📝 Logs complets dans Airflow UI
[2026-01-04T21:39:04.507+0000] {subprocess.py:93} INFO - ==========================================
[2026-01-04T21:39:04.509+0000] {subprocess.py:97} INFO - Command exited with return code 0
[2026-01-04T21:39:04.612+0000] {taskinstance.py:1138} INFO - Marking task as SUCCESS. dag_id=reddit_can_complete_pipeline, task_id=pipeline_success, execution_date=20260104T120000, start_date=20260104T213903, end_date=20260104T213904
[2026-01-04T21:39:04.680+0000] {local_task_job_runner.py:234} INFO - Task exited with return code 0
[2026-01-04T21:39:04.748+0000] {taskinstance.py:3280} INFO - 0 downstream tasks scheduled from follow-on schedule check
