[2026-01-04T18:00:03.996+0000] {taskinstance.py:1956} INFO - Dependencies all met for dep_context=non-requeueable deps ti=<TaskInstance: reddit_can_pipeline_optimized.scraping_intensive scheduled__2026-01-04T15:00:00+00:00 [queued]>
[2026-01-04T18:00:04.084+0000] {taskinstance.py:1956} INFO - Dependencies all met for dep_context=requeueable deps ti=<TaskInstance: reddit_can_pipeline_optimized.scraping_intensive scheduled__2026-01-04T15:00:00+00:00 [queued]>
[2026-01-04T18:00:04.129+0000] {taskinstance.py:2170} INFO - Starting attempt 1 of 4
[2026-01-04T18:00:04.285+0000] {taskinstance.py:2191} INFO - Executing <Task(DockerOperator): scraping_intensive> on 2026-01-04 15:00:00+00:00
[2026-01-04T18:00:04.306+0000] {standard_task_runner.py:60} INFO - Started process 546 to run task
[2026-01-04T18:00:04.353+0000] {standard_task_runner.py:87} INFO - Running: ['***', 'tasks', 'run', 'reddit_can_pipeline_optimized', 'scraping_intensive', 'scheduled__2026-01-04T15:00:00+00:00', '--job-id', '7', '--raw', '--subdir', 'DAGS_FOLDER/reddit_can_pipeline_optimized.py', '--cfg-path', '/tmp/tmpme2z4k5a']
[2026-01-04T18:00:04.391+0000] {standard_task_runner.py:88} INFO - Job 7: Subtask scraping_intensive
[2026-01-04T18:00:04.755+0000] {task_command.py:423} INFO - Running <TaskInstance: reddit_can_pipeline_optimized.scraping_intensive scheduled__2026-01-04T15:00:00+00:00 [running]> on host ea2e4c1a0da0
[2026-01-04T18:00:05.147+0000] {taskinstance.py:2480} INFO - Exporting env vars: AIRFLOW_CTX_DAG_OWNER='bigdata_team' AIRFLOW_CTX_DAG_ID='reddit_can_pipeline_optimized' AIRFLOW_CTX_TASK_ID='scraping_intensive' AIRFLOW_CTX_EXECUTION_DATE='2026-01-04T15:00:00+00:00' AIRFLOW_CTX_TRY_NUMBER='1' AIRFLOW_CTX_DAG_RUN_ID='scheduled__2026-01-04T15:00:00+00:00'
[2026-01-04T18:00:05.517+0000] {docker.py:359} INFO - Starting docker container from image projet-bigdata-can-scraper-producer:latest
[2026-01-04T18:00:05.586+0000] {docker.py:367} WARNING - Using remote engine or docker-in-docker and mounting temporary volume from host is not supported. Falling back to `mount_tmp_dir=False` mode. You can set `mount_tmp_dir` parameter to False to disable mounting and remove the warning
[2026-01-04T18:00:08.455+0000] {docker.py:429} INFO - 🔌 Connexion à Kafka: kafka:29092
📍 Topic: reddit-can-posts
⏳ Attente de Kafka...
[2026-01-04T18:00:08.828+0000] {docker.py:429} INFO - ✅ Kafka est prêt!
[2026-01-04T18:00:08.989+0000] {docker.py:429} INFO - ✅ Connecté à Kafka!
[2026-01-04T18:00:08.992+0000] {docker.py:429} INFO - 
[2026-01-04T18:00:08.995+0000] {docker.py:429} INFO - ======================================================================
[2026-01-04T18:00:09.007+0000] {docker.py:429} INFO - 🎯 REDDIT KAFKA PRODUCER - MODE INTENSIF
======================================================================
📍 Topic Kafka: reddit-can-posts
⏱️  Intervalle: 600s
🔍 Mots-clés: 52
📍 Subreddits: 18
======================================================================


🔄 CYCLE #1

======================================================================
[2026-01-04T18:00:09.018+0000] {docker.py:429} INFO - 🚀 COLLECTE INTENSIVE - 2026-01-04 18:00:08
======================================================================

📍 PHASE 1: Recherche ciblée par mots-clés
----------------------------------------------------------------------
🔎 Recherche: 'AFCON 2025' (global)...
[2026-01-04T18:00:11.647+0000] {docker.py:429} INFO - ✅ Post envoyé: AFCON 2025 in Morocco will be the first edition wh... (score: 825)
[2026-01-04T18:00:11.753+0000] {docker.py:429} INFO - ✅ Post envoyé: Birthplaces of all AFCON 2025 players on the map... (score: 337)
[2026-01-04T18:00:11.864+0000] {docker.py:429} INFO - ✅ Post envoyé: Meet Assad, the official mascot for AFCON 2025... (score: 142)
[2026-01-04T18:00:11.976+0000] {docker.py:429} INFO - ✅ Post envoyé: Clubs with the most players in AFCON 2025... (score: 39)
[2026-01-04T18:00:12.108+0000] {docker.py:429} INFO - ✅ Post envoyé: AFCON 2025: Faced with empty seats during Egypt-Zi... (score: 238)
[2026-01-04T18:00:12.234+0000] {docker.py:429} INFO - ✅ Post envoyé: Opta Supercomputer predicts AFCON 2025  Morocco fa... (score: 81)
[2026-01-04T18:00:12.337+0000] {docker.py:429} INFO - ✅ Post envoyé: Zambia coach Moses Sichone on Morocco as the Host ... (score: 6564)
[2026-01-04T18:00:12.453+0000] {docker.py:429} INFO - ✅ Post envoyé: "Show Dem" Nike commercial for AFCON 2025, featuri... (score: 3323)
[2026-01-04T18:00:12.575+0000] {docker.py:429} INFO - ✅ Post envoyé: The 29-year-old Abdou Abdel Mefire is the youngest... (score: 2344)
[2026-01-04T18:00:12.677+0000] {docker.py:429} INFO - ✅ Post envoyé: The Côte d'Ivoire national football team arriving ... (score: 1633)
[2026-01-04T18:00:12.786+0000] {docker.py:429} INFO - ✅ Post envoyé: Amad and the rest of the Côte d'Ivoire squad arriv... (score: 1412)
[2026-01-04T18:00:12.891+0000] {docker.py:429} INFO - ✅ Post envoyé: Kylian Mbappe at the Morocco vs Mali game at Afcon... (score: 1231)
[2026-01-04T18:00:12.999+0000] {docker.py:429} INFO - ✅ Post envoyé: AFCON 2025 Megathread... (score: 26)
[2026-01-04T18:00:13.105+0000] {docker.py:429} INFO - ✅ Post envoyé: 2025 AFCON Knockout Bracket... (score: 324)
[2026-01-04T18:00:13.208+0000] {docker.py:429} INFO - ✅ Post envoyé: Côte d'Ivoire, arrived in style in Morocco for the... (score: 819)
[2026-01-04T18:00:13.315+0000] {docker.py:429} INFO - ✅ Post envoyé: [CAF] Official AFCON 2025 Team of the group stage... (score: 320)
[2026-01-04T18:00:13.422+0000] {docker.py:429} INFO - ✅ Post envoyé: [CAF] Official AFCON 2025 Team of the group stage... (score: 317)
[2026-01-04T18:00:13.531+0000] {docker.py:429} INFO - ✅ Post envoyé: Brahim Diaz opens the scoring for Morocco against ... (score: 572)
[2026-01-04T18:00:13.648+0000] {docker.py:429} INFO - ✅ Post envoyé: Noussair Mazraoui assist vs Comoros (AFCON 2025 Gr... (score: 342)
[2026-01-04T18:00:13.762+0000] {docker.py:429} INFO - ✅ Post envoyé: AFCON 2025 (so far): penalties missed — 2/2, bicyc... (score: 401)
[2026-01-04T18:00:13.889+0000] {docker.py:429} INFO - ✅ Post envoyé: What if every dual nationality player could repres... (score: 36)
[2026-01-04T18:00:13.996+0000] {docker.py:429} INFO - ✅ Post envoyé: Question for Algerians attending the 2025 AFCON in... (score: 57)
[2026-01-04T18:00:14.101+0000] {docker.py:429} INFO - ✅ Post envoyé: BeIN Sports France's predictions for the 2025 AFCO... (score: 32)
[2026-01-04T18:00:14.211+0000] {docker.py:429} INFO - ✅ Post envoyé: Match Thread: Algeria vs Equatorial Guinea - AFCON... (score: 3)
[2026-01-04T18:00:14.320+0000] {docker.py:429} INFO - ✅ Post envoyé: [BBC] 'I can kill you right now' - Sudan's footbal... (score: 3019)
[2026-01-04T18:00:14.426+0000] {docker.py:429} INFO - ✅ Post envoyé: Match Thread: Algeria vs Sudan - AFCON 2025... (score: 5)
[2026-01-04T18:00:14.531+0000] {docker.py:429} INFO - ✅ Post envoyé: Match Thread: Algeria vs Burkina Faso - AFCON 2025... (score: 3)
[2026-01-04T18:00:14.643+0000] {docker.py:429} INFO - ✅ Post envoyé: CAF fines Egypt 5000 dollars after AFCON 2025 open... (score: 105)
[2026-01-04T18:00:14.753+0000] {docker.py:429} INFO - ✅ Post envoyé: Two weeks until AFCON 2025... (score: 118)
[2026-01-04T18:00:14.857+0000] {docker.py:429} INFO - ✅ Post envoyé: EFL Championship Players Called Up For Africa Cup ... (score: 35)
[2026-01-04T18:00:14.964+0000] {docker.py:429} INFO - ✅ Post envoyé: Mali will face Tunisia in the round of 16 of AFCON... (score: 22)
[2026-01-04T18:00:15.075+0000] {docker.py:429} INFO - ✅ Post envoyé: The 2025 AFCON Squad... (score: 3)
[2026-01-04T18:00:15.181+0000] {docker.py:429} INFO - ✅ Post envoyé: Crown Prince Moulay Hassan Greets Players and Kick... (score: 56)
[2026-01-04T18:00:15.300+0000] {docker.py:429} INFO - ✅ Post envoyé: I made clean stadium &amp; city access diagrams fo... (score: 6)
[2026-01-04T18:00:15.411+0000] {docker.py:429} INFO - ✅ Post envoyé: AFCON 2025 Group Stage best XI by CAF... (score: 44)
[2026-01-04T18:00:15.513+0000] {docker.py:429} INFO - ✅ Post envoyé: Post-Match Thread: Algeria vs Sudan - AFCON 2025... (score: 3)
[2026-01-04T18:00:15.648+0000] {docker.py:429} INFO - ✅ Post envoyé: Post-Match Thread: Algeria vs Burkina Faso - AFCON... (score: 5)
[2026-01-04T18:00:15.813+0000] {docker.py:429} INFO - ✅ Post envoyé: [Official] Senegal squad for 2025 AFCON... (score: 54)
[2026-01-04T18:00:15.943+0000] {docker.py:429} INFO - ✅ Post envoyé: Morocco will face Tanzania in the round of 16 of A... (score: 26)
[2026-01-04T18:00:16.064+0000] {docker.py:429} INFO - ✅ Post envoyé: Algeria will face DR Congo in the round of 16 of A... (score: 56)
[2026-01-04T18:00:16.171+0000] {docker.py:429} INFO - ✅ Post envoyé: Nigeria will face Mozambique in the round of 16 of... (score: 28)
[2026-01-04T18:00:16.310+0000] {docker.py:429} INFO - ✅ Post envoyé: South Africa will face Cameroon in the round of 16... (score: 46)
[2026-01-04T18:00:16.426+0000] {docker.py:429} INFO - ✅ Post envoyé: Match thread - Angola VS Zimbabwe - AFCON 2025... (score: 3)
[2026-01-04T18:00:16.524+0000] {docker.py:429} INFO - ✅ Post envoyé: 🔥 FOR SALE – 2025 AFCON TICKETS FULL ROUND MOROCCA... (score: 0)
[2026-01-04T18:00:16.630+0000] {docker.py:429} INFO - ✅ Post envoyé: Pre-Match Thread: Algeria vs Burkina Faso - AFCON ... (score: 4)
[2026-01-04T18:00:16.746+0000] {docker.py:429} INFO - ✅ Post envoyé: Where to Watch AFCON 2025 Live? Africa Cup of Nati... (score: 7)
[2026-01-04T18:00:16.845+0000] {docker.py:429} INFO - ✅ Post envoyé: The 2025 AFCON Squad... (score: 3)
[2026-01-04T18:00:16.957+0000] {docker.py:429} INFO - ✅ Post envoyé: AFCON 2025: Team guide and ones to watch ahead of ... (score: 32)
[2026-01-04T18:00:17.059+0000] {docker.py:429} INFO - ✅ Post envoyé: AFCON 2025 Matchday 1!... (score: 37)
[2026-01-04T18:00:17.177+0000] {docker.py:429} INFO - ✅ Post envoyé: AFCON 2025 - News Website... (score: 11)
[2026-01-04T18:00:17.268+0000] {docker.py:429} INFO - → 50 posts trouvés
[2026-01-04T18:00:20.284+0000] {docker.py:429} INFO - 🔎 Recherche: 'Africa Cup 2025' (global)...
[2026-01-04T18:00:21.599+0000] {docker.py:429} INFO - ✅ Post envoyé: Morocco's goal in the Africa Cup of Nations 2025 m... (score: 183)
[2026-01-04T18:00:21.703+0000] {docker.py:429} INFO - ✅ Post envoyé: Africa Cup of Nations winners... (score: 98)
[2026-01-04T18:00:21.809+0000] {docker.py:429} INFO - ✅ Post envoyé: Africa Cup of Nations to be held every four years ... (score: 2820)
[2026-01-04T18:00:21.917+0000] {docker.py:429} INFO - ✅ Post envoyé: All 9 confirmed stadiums that will host the Africa... (score: 53)
[2026-01-04T18:00:22.038+0000] {docker.py:429} INFO - ✅ Post envoyé: Brahmin Diaz opens the Score for Morocco at the Af... (score: 770)
[2026-01-04T18:00:22.143+0000] {docker.py:429} INFO - ✅ Post envoyé: FIFAe World Cup 2025 | Event Thread | Day 2 | Dec ... (score: 54)
[2026-01-04T18:00:22.298+0000] {docker.py:429} INFO - ✅ Post envoyé: FIFAe World Cup 2025 | Event Thread | Day 1 | Dec ... (score: 51)
[2026-01-04T18:00:22.413+0000] {docker.py:429} INFO - ✅ Post envoyé: [Pre-Match Thread] Arsenal vs Crystal Palace | 23r... (score: 105)
[2026-01-04T18:00:22.508+0000] {docker.py:429} INFO - ✅ Post envoyé: A year of work mapping U.S. regional food traditio... (score: 2990)
[2026-01-04T18:00:22.612+0000] {docker.py:429} INFO - ✅ Post envoyé: After a year of work (and a publishing deal), here... (score: 2889)
[2026-01-04T18:00:22.924+0000] {docker.py:429} INFO - ✅ Post envoyé: [Sounders FC] Best of luck to Nouhou and Georgi in... (score: 144)
[2026-01-04T18:00:23.024+0000] {docker.py:429} INFO - ✅ Post envoyé: The 2025 Africa Cup of Nations Round of 16... (score: 64)
[2026-01-04T18:00:23.354+0000] {docker.py:429} INFO - ✅ Post envoyé: The 2025 Africa Cup of Nations kicks off... (score: 91)
[2026-01-04T18:00:23.447+0000] {docker.py:429} INFO - ✅ Post envoyé: 17 - South Africa had 17 shots on goal against Egy... (score: 21)
[2026-01-04T18:00:23.563+0000] {docker.py:429} INFO - ✅ Post envoyé: 2025 Africa Cup of Nations broadcasting rights: Ca... (score: 22)
[2026-01-04T18:00:23.664+0000] {docker.py:429} INFO - ✅ Post envoyé: Africa Cup of Nations Group Standings after Matchd... (score: 37)
[2026-01-04T18:00:23.782+0000] {docker.py:429} INFO - ✅ Post envoyé: Team India Reaches Squash World Cup Semis After 3–... (score: 50)
[2026-01-04T18:00:23.884+0000] {docker.py:429} INFO - ✅ Post envoyé: Equatorial Guinea vs Algeria, Africa Cup of Nation... (score: 3)
[2026-01-04T18:00:24.007+0000] {docker.py:429} INFO - ✅ Post envoyé: Africa cup paying out... (score: 35)
[2026-01-04T18:00:24.103+0000] {docker.py:429} INFO - ✅ Post envoyé: South Africa's Bafana Bafana defeat Angola 2-1 at ... (score: 15)
[2026-01-04T18:00:24.222+0000] {docker.py:429} INFO - ✅ Post envoyé: Zimbabwe vs South Africa, Africa Cup of Nations, 2... (score: 3)
[2026-01-04T18:00:24.339+0000] {docker.py:429} INFO - ✅ Post envoyé: Ivory Coast vs Cameroon, Africa Cup of Nations, 28... (score: 3)
[2026-01-04T18:00:24.443+0000] {docker.py:429} INFO - ✅ Post envoyé: REQUEST: Senegal vs Botswana Africa Cup of Nations... (score: 2)
[2026-01-04T18:00:24.575+0000] {docker.py:429} INFO - ✅ Post envoyé: Uganda vs Nigeria, Africa Cup of Nations, 30-Dec-2... (score: 1)
[2026-01-04T18:00:24.668+0000] {docker.py:429} INFO - ✅ Post envoyé: Angola vs Egypt, Africa Cup of Nations, 29-Dec-202... (score: 2)
[2026-01-04T18:00:24.779+0000] {docker.py:429} INFO - ✅ Post envoyé: Morocco vs Tanzania: Africa Cup of Nations preview... (score: 1)
[2026-01-04T18:00:24.897+0000] {docker.py:429} INFO - ✅ Post envoyé: [ OptaJoe ] Against Tanzania in matchday one , Ale... (score: 5)
[2026-01-04T18:00:25.010+0000] {docker.py:429} INFO - ✅ Post envoyé: Bank Al-Maghrib Issues a 250 Dirham Silver Commemo... (score: 17)
[2026-01-04T18:00:25.121+0000] {docker.py:429} INFO - ✅ Post envoyé: ⚽ [LIVE MATCH THREAD] Evening Action: Watch, Bet &... (score: 2)
[2026-01-04T18:00:25.229+0000] {docker.py:429} INFO - ✅ Post envoyé: REQUEST: Nigeria vs Tanzania, Africa Cup of Nation... (score: 2)
[2026-01-04T18:00:25.336+0000] {docker.py:429} INFO - ✅ Post envoyé: Tanzania vs Tunisia, Africa Cup of Nations, 30-Dec... (score: 2)
[2026-01-04T18:00:25.445+0000] {docker.py:429} INFO - ✅ Post envoyé: NEWS: Earthquakes’ Ousseni Bouda to Represent Burk... (score: 29)
[2026-01-04T18:00:25.586+0000] {docker.py:429} INFO - ✅ Post envoyé: Botswana vs DR Congo, Africa Cup of Nations, 30-De... (score: 1)
[2026-01-04T18:00:25.761+0000] {docker.py:429} INFO - ✅ Post envoyé: Benin vs Senegal, Africa Cup of Nations, 30-Dec-20... (score: 1)
[2026-01-04T18:00:25.874+0000] {docker.py:429} INFO - ✅ Post envoyé: Zambia vs Morocco, Africa Cup of Nations, 29-Dec-2... (score: 2)
[2026-01-04T18:00:25.981+0000] {docker.py:429} INFO - ✅ Post envoyé: Comoros vs Mali, Africa Cup of Nations, 29-Dec-202... (score: 2)
[2026-01-04T18:00:26.107+0000] {docker.py:429} INFO - ✅ Post envoyé: Today’s Matches 30/12/2025 – Africa Cup of Nations... (score: 1)
[2026-01-04T18:00:26.207+0000] {docker.py:429} INFO - ✅ Post envoyé: Oakland Roots SC’s Bobosi Byaruhanga selected by U... (score: 18)
[2026-01-04T18:00:26.318+0000] {docker.py:429} INFO - ✅ Post envoyé: Gabon vs Mozambique, Africa Cup of Nations, 28-Dec... (score: 2)
[2026-01-04T18:00:26.434+0000] {docker.py:429} INFO - ✅ Post envoyé: Equatorial Guinea vs Sudan, Africa Cup of Nations,... (score: 2)
[2026-01-04T18:00:26.541+0000] {docker.py:429} INFO - ✅ Post envoyé: Algeria vs Burkina Faso, Africa Cup of Nations, 28... (score: 2)
[2026-01-04T18:00:26.649+0000] {docker.py:429} INFO - ✅ Post envoyé: Which Premier League Teams Will be Impacted Most b... (score: 5)
[2026-01-04T18:00:26.763+0000] {docker.py:429} INFO - ✅ Post envoyé: Benin vs Botswana, Africa Cup of Nations, 27-Dec-2... (score: 2)
[2026-01-04T18:00:26.895+0000] {docker.py:429} INFO - ✅ Post envoyé: South Africa Crowned WBSC Africa U15 Baseball Cham... (score: 16)
[2026-01-04T18:00:27.019+0000] {docker.py:429} INFO - ✅ Post envoyé: Morocco vs. Tanzania (Africa Cup of Nations) | AFC... (score: 1)
[2026-01-04T18:00:27.110+0000] {docker.py:429} INFO - ✅ Post envoyé: African Cup of Nations Predictions | 2025-12-26... (score: 1)
[2026-01-04T18:00:27.205+0000] {docker.py:429} INFO - → 50 posts trouvés
[2026-01-04T18:00:30.207+0000] {docker.py:429} INFO - 🔎 Recherche: 'Morocco AFCON' (global)...
[2026-01-04T18:00:32.195+0000] {docker.py:429} INFO - ✅ Post envoyé: Does anyone here actually watch the AFCON that is ... (score: 56)
[2026-01-04T18:00:32.423+0000] {docker.py:429} INFO - ✅ Post envoyé: South Africa coach Hugo Broos says there is no AFC... (score: 127)
[2026-01-04T18:00:32.554+0000] {docker.py:429} INFO - ✅ Post envoyé: Nicolas Pepe on Morocco’s lack of success in AFCON... (score: 74)
[2026-01-04T18:00:32.754+0000] {docker.py:429} INFO - ✅ Post envoyé: Which country are you supporting in the currently ... (score: 24)
[2026-01-04T18:00:32.880+0000] {docker.py:429} INFO - ✅ Post envoyé: Morocco no longer continental pariah as Afcon show... (score: 0)
[2026-01-04T18:00:32.988+0000] {docker.py:429} INFO - ✅ Post envoyé: Moroccan squad for AFCON... (score: 62)
[2026-01-04T18:00:33.092+0000] {docker.py:429} INFO - ✅ Post envoyé: Mbappé, Tchouaméni and Koundé are in Morocco for A... (score: 4288)
[2026-01-04T18:00:33.398+0000] {docker.py:429} INFO - ✅ Post envoyé: Since 2022, Morocco has won the CHAN 2024 (domesti... (score: 505)
[2026-01-04T18:00:33.501+0000] {docker.py:429} INFO - ✅ Post envoyé: [Rob Dawson] Man United irked with Morocco over Ma... (score: 302)
[2026-01-04T18:00:33.610+0000] {docker.py:429} INFO - ✅ Post envoyé: Zambia player Wilson Chisala: "Morocco is an overr... (score: 269)
[2026-01-04T18:00:33.915+0000] {docker.py:429} INFO - ✅ Post envoyé: [Simon Stone] Man Utd anger at Morocco over releas... (score: 216)
[2026-01-04T18:00:34.024+0000] {docker.py:429} INFO - ✅ Post envoyé: Noussair Mazraoui called up in Morocco squad for A... (score: 254)
[2026-01-04T18:00:34.428+0000] {docker.py:429} INFO - ✅ Post envoyé: Morocco squad list for AFCON... (score: 57)
[2026-01-04T18:00:34.534+0000] {docker.py:429} INFO - ✅ Post envoyé: Morocco will face Algeria in the AFCON semi-finals... (score: 51)
[2026-01-04T18:00:34.638+0000] {docker.py:429} INFO - ✅ Post envoyé: AFCON Megathread: Morocco v. Mali - Dec 26... (score: 6)
[2026-01-04T18:00:35.046+0000] {docker.py:429} INFO - ✅ Post envoyé: AFCON Megathread: Morocco v. Zambia - Dec 29... (score: 6)
[2026-01-04T18:00:35.151+0000] {docker.py:429} INFO - ✅ Post envoyé: Morocco AFCON 25 tickets for sale... (score: 1)
[2026-01-04T18:00:35.257+0000] {docker.py:429} INFO - ✅ Post envoyé: Tangier Grand Stadium, Tangier, Morocco. Remodelle... (score: 73)
[2026-01-04T18:00:35.366+0000] {docker.py:429} INFO - ✅ Post envoyé: Today's MotD: Uganda vs Nigeria (AFCON, Morocco)... (score: 19)
[2026-01-04T18:00:35.472+0000] {docker.py:429} INFO - ✅ Post envoyé: Prince Moulay Abdellah Stadium + Olympic Stadium, ... (score: 65)
[2026-01-04T18:00:35.630+0000] {docker.py:429} INFO - ✅ Post envoyé: Afcon tickets Morocco vs Comores... (score: 1)
[2026-01-04T18:00:35.688+0000] {docker.py:429} INFO - ✅ Post envoyé: For people going to AFCON Morocco here, did you bu... (score: 4)
[2026-01-04T18:00:35.801+0000] {docker.py:429} INFO - ✅ Post envoyé: Looking for Afcon Tickets Morocco... (score: 2)
[2026-01-04T18:00:35.912+0000] {docker.py:429} INFO - ✅ Post envoyé: How I find AFCON  Streams: Morocco vs Tanzania  𝒮𝓉... (score: 1)
[2026-01-04T18:00:36.019+0000] {docker.py:429} INFO - ✅ Post envoyé: How Can I find AFCON Ｓｔｒｅａｍｓ: Morocco vs Tanzania ... (score: 1)
[2026-01-04T18:00:36.125+0000] {docker.py:429} INFO - ✅ Post envoyé: 𝓗𝓸𝔀 𝓒𝓪𝓷 𝓘 𝓯𝓲𝓷𝓭 AFCON Ｓｔｒｅａｍ: Morocco vs Tanzania  ... (score: 1)
[2026-01-04T18:00:36.224+0000] {docker.py:429} INFO - ✅ Post envoyé: How Can I find AFCON Ｓｔｒｅａｍｓ: Morocco vs Tanzania ... (score: 1)
[2026-01-04T18:00:36.332+0000] {docker.py:429} INFO - ✅ Post envoyé: Can I find AFCON 𝒮𝓉𝓇ℯ𝒶𝓂: Morocco vs Tanzania 𝗹𝗶𝘃𝗲 ... (score: 1)
[2026-01-04T18:00:36.441+0000] {docker.py:429} INFO - ✅ Post envoyé: [REQUEST] Morocco vs Zambia, AFCON, 29/12/25... (score: 4)
[2026-01-04T18:00:36.549+0000] {docker.py:429} INFO - ✅ Post envoyé: 🇲🇦 AFCON 2025 Stadiums: Morocco... (score: 3)
[2026-01-04T18:00:36.688+0000] {docker.py:429} INFO - ✅ Post envoyé: Afcon hosts Morocco cruise into last 16 as Hakimi ... (score: 1)
[2026-01-04T18:00:36.774+0000] {docker.py:429} INFO - ✅ Post envoyé: [World] - AFCON 2025 - Morocco under pressure to g... (score: 1)
[2026-01-04T18:00:36.881+0000] {docker.py:429} INFO - ✅ Post envoyé: [World] - AFCON 2025 - Morocco under pressure to g... (score: 1)
[2026-01-04T18:00:36.985+0000] {docker.py:429} INFO - ✅ Post envoyé: [World] - Morocco coach demands 'humility' against... (score: 1)
[2026-01-04T18:00:37.091+0000] {docker.py:429} INFO - ✅ Post envoyé: [World] - Morocco coach demands 'humility' against... (score: 1)
[2026-01-04T18:00:37.196+0000] {docker.py:429} INFO - ✅ Post envoyé: Mali rally to claim draw against Afcon hosts Moroc... (score: 1)
[2026-01-04T18:00:37.300+0000] {docker.py:429} INFO - ✅ Post envoyé: AFCON 2025 Round of 16th: Morocco faces Tanzania... (score: 3)
[2026-01-04T18:00:37.407+0000] {docker.py:429} INFO - ✅ Post envoyé: From Comoros to Morocco: Amir Abdou Reflects on AF... (score: 13)
[2026-01-04T18:00:37.507+0000] {docker.py:429} INFO - → 50 posts trouvés
[2026-01-04T18:00:40.511+0000] {docker.py:429} INFO - 🔎 Recherche: 'Senegal AFCON' (global)...
[2026-01-04T18:00:42.633+0000] {docker.py:429} INFO - ✅ Post envoyé: A DR Congo fan stood for 90+ minutes during the AF... (score: 11527)
[2026-01-04T18:00:42.735+0000] {docker.py:429} INFO - ✅ Post envoyé: A DR Congo fan stood for 90+ minutes during the AF... (score: 428)
[2026-01-04T18:00:42.953+0000] {docker.py:429} INFO - ✅ Post envoyé: Who are you supporting for AFCON if not Senegal?... (score: 28)
[2026-01-04T18:00:43.062+0000] {docker.py:429} INFO - ✅ Post envoyé: Jakobs and Senegal advances to QF of AFCON... (score: 19)
[2026-01-04T18:00:43.171+0000] {docker.py:429} INFO - ✅ Post envoyé: Ismail Jakobs assists Nicolas Jackson for Senegal'... (score: 76)
[2026-01-04T18:00:43.400+0000] {docker.py:429} INFO - ✅ Post envoyé: Senegal will face Sudan in the round of 16 of AFCO... (score: 32)
[2026-01-04T18:00:43.529+0000] {docker.py:429} INFO - ✅ Post envoyé: Diouf doesn't make the squad for Senegal at AFCON?... (score: 14)
[2026-01-04T18:00:43.650+0000] {docker.py:429} INFO - ✅ Post envoyé: The first AFCON 2025 quarter final match is decide... (score: 37)
[2026-01-04T18:00:43.758+0000] {docker.py:429} INFO - ✅ Post envoyé: Senegal beat Sudan 3-1 and advance to the AFCON 20... (score: 33)
[2026-01-04T18:00:43.850+0000] {docker.py:429} INFO - ✅ Post envoyé: Sudan's warriors fall fighting as teenage Mbaye se... (score: 2)
[2026-01-04T18:00:43.947+0000] {docker.py:429} INFO - ✅ Post envoyé: Gueye double helps Senegal end Sudan's Afcon run... (score: 1)
[2026-01-04T18:00:44.059+0000] {docker.py:429} INFO - ✅ Post envoyé: Sudan's warriors fall fighting as teenage Mbaye se... (score: 6)
[2026-01-04T18:00:44.174+0000] {docker.py:429} INFO - ✅ Post envoyé: [World] - AFCON 2025: Pape Gueye double helps Sene... (score: 1)
[2026-01-04T18:00:44.280+0000] {docker.py:429} INFO - ✅ Post envoyé: [World] - AFCON 2025: Pape Gueye double helps Sene... (score: 1)
[2026-01-04T18:00:44.384+0000] {docker.py:429} INFO - ✅ Post envoyé: A DR Congo fan stood for 90+ minutes during the AF... (score: 7)
[2026-01-04T18:00:44.491+0000] {docker.py:429} INFO - ✅ Post envoyé: [World] - AFCON 2025 - Senegal come from behind to... (score: 1)
[2026-01-04T18:00:44.596+0000] {docker.py:429} INFO - ✅ Post envoyé: [World] - AFCON 2025 - Senegal come from behind to... (score: 1)
[2026-01-04T18:00:44.703+0000] {docker.py:429} INFO - ✅ Post envoyé: [World] - Senegal beat Sudan to reach AFCON quarte... (score: 1)
[2026-01-04T18:00:44.812+0000] {docker.py:429} INFO - ✅ Post envoyé: [World] - Senegal beat Sudan to reach AFCON quarte... (score: 1)
[2026-01-04T18:00:44.918+0000] {docker.py:429} INFO - ✅ Post envoyé: [World] - AFCON 2025 : Senegal and Sudan open knoc... (score: 1)
[2026-01-04T18:00:45.033+0000] {docker.py:429} INFO - ✅ Post envoyé: [World] - Teen Mbaye seals AFCON last-16 victory f... (score: 1)
[2026-01-04T18:00:45.141+0000] {docker.py:429} INFO - ✅ Post envoyé: [World] - AFCON 2025 : Senegal and Sudan open knoc... (score: 1)
[2026-01-04T18:00:45.243+0000] {docker.py:429} INFO - ✅ Post envoyé: [World] - Teen Mbaye seals AFCON last-16 victory f... (score: 1)
[2026-01-04T18:00:45.351+0000] {docker.py:429} INFO - ✅ Post envoyé: [World] - LIVE: Senegal vs Sudan – AFCON 2025 | Al... (score: 1)
[2026-01-04T18:00:45.457+0000] {docker.py:429} INFO - ✅ Post envoyé: [World] - LIVE: Senegal vs Sudan – AFCON 2025... (score: 1)
[2026-01-04T18:00:45.575+0000] {docker.py:429} INFO - ✅ Post envoyé: [World] - Senegal vs Sudan: AFCON 2025 – team news... (score: 1)
[2026-01-04T18:00:45.682+0000] {docker.py:429} INFO - ✅ Post envoyé: [World] - Senegal vs Sudan: AFCON 2025 – team news... (score: 1)
[2026-01-04T18:00:45.785+0000] {docker.py:429} INFO - ✅ Post envoyé: Senegal vs. Sudan (Africa Cup of Nations) | AFCON ... (score: 1)
[2026-01-04T18:00:45.895+0000] {docker.py:429} INFO - ✅ Post envoyé: Nigeria stay PERFECT | Senegal Unbeaten | Tunisia ... (score: 1)
[2026-01-04T18:00:46.000+0000] {docker.py:429} INFO - ✅ Post envoyé: Senegal vs DR Kongo Highlights | AFCON Reaction 😳... (score: 1)
[2026-01-04T18:00:46.111+0000] {docker.py:429} INFO - ✅ Post envoyé: [World] - AFCON: Senegal beat Benin and finish top... (score: 1)
[2026-01-04T18:00:46.215+0000] {docker.py:429} INFO - ✅ Post envoyé: [World] - AFCON: Senegal beat Benin and finish top... (score: 1)
[2026-01-04T18:00:46.323+0000] {docker.py:429} INFO - ✅ Post envoyé: [World] - Senegal beat Benin to claim AFCON group,... (score: 1)
[2026-01-04T18:00:46.429+0000] {docker.py:429} INFO - ✅ Post envoyé: [World] - Senegal beat Benin to claim AFCON group,... (score: 1)
[2026-01-04T18:00:46.545+0000] {docker.py:429} INFO - ✅ Post envoyé: 🦁 Senegal vs Benin 🐆 | AFCON Group D Decider in Ta... (score: 1)
[2026-01-04T18:00:46.675+0000] {docker.py:429} INFO - ✅ Post envoyé: Senegal vs Botswana AFCON Highlights | Reaction... (score: 1)
[2026-01-04T18:00:46.757+0000] {docker.py:429} INFO - ✅ Post envoyé: [World] - AFCON: Sadio Mané's equaliser salvages p... (score: 1)
[2026-01-04T18:00:46.867+0000] {docker.py:429} INFO - ✅ Post envoyé: [World] - AFCON: Sadio Mané's equaliser salvages p... (score: 1)
[2026-01-04T18:00:46.978+0000] {docker.py:429} INFO - ✅ Post envoyé: Ilay Camara is out for 6 weeks and won't be joinin... (score: 5)
[2026-01-04T18:00:47.081+0000] {docker.py:429} INFO - ✅ Post envoyé: [World] - AFCON Daily Round Up: Super Eagles beat ... (score: 1)
[2026-01-04T18:00:47.185+0000] {docker.py:429} INFO - ✅ Post envoyé: [World] - AFCON big cat fight ends in draw: Senega... (score: 1)
[2026-01-04T18:00:47.285+0000] {docker.py:429} INFO - ✅ Post envoyé: [World] - AFCON big cat fight ends in draw: Senega... (score: 1)
[2026-01-04T18:00:47.392+0000] {docker.py:429} INFO - ✅ Post envoyé: [World] - AFCON Daily Round Up: Super Eagles beat ... (score: 1)
[2026-01-04T18:00:47.498+0000] {docker.py:429} INFO - ✅ Post envoyé: [World] - Mane rescues Senegal in draw with DR Con... (score: 1)
[2026-01-04T18:00:47.602+0000] {docker.py:429} INFO - ✅ Post envoyé: [World] - Mane rescues Senegal in draw with DR Con... (score: 1)
[2026-01-04T18:00:47.708+0000] {docker.py:429} INFO - ✅ Post envoyé: [World] - AFCON 2025: Senegal and DR Congo to targ... (score: 1)
[2026-01-04T18:00:47.814+0000] {docker.py:429} INFO - ✅ Post envoyé: [World] - AFCON 2025: Senegal and DR Congo to targ... (score: 1)
[2026-01-04T18:00:47.918+0000] {docker.py:429} INFO - ✅ Post envoyé: [World] - AFCON 2025: Senegal off to perfect start... (score: 1)
[2026-01-04T18:00:48.020+0000] {docker.py:429} INFO - → 50 posts trouvés
[2026-01-04T18:00:51.050+0000] {docker.py:429} INFO - 🔎 Recherche: 'Nigeria AFCON' (global)...
[2026-01-04T18:00:53.434+0000] {docker.py:429} INFO - ✅ Post envoyé: Alex Iwobi on Calvin Bassey's chance vs. Burnley: ... (score: 4030)
[2026-01-04T18:00:53.554+0000] {docker.py:429} INFO - ✅ Post envoyé: Nigeria defeat Tunisia 3-2 and qualify for the AFC... (score: 75)
[2026-01-04T18:00:53.663+0000] {docker.py:429} INFO - ✅ Post envoyé: Match Thread: Nigeria vs Tanzania... (score: 26)
[2026-01-04T18:00:53.759+0000] {docker.py:429} INFO - ✅ Post envoyé: I love AFCON, but the state of our continent is de... (score: 81)
[2026-01-04T18:00:53.856+0000] {docker.py:429} INFO - ✅ Post envoyé: Uganda have used all of their 3 goalkeepers today,... (score: 1145)
[2026-01-04T18:00:53.961+0000] {docker.py:429} INFO - ✅ Post envoyé: A fan brought out a DR Congo flag during Nigeria v... (score: 488)
[2026-01-04T18:00:54.078+0000] {docker.py:429} INFO - ✅ Post envoyé: Osimhen's Nigeria have advanced to the round of 16... (score: 39)
[2026-01-04T18:00:54.187+0000] {docker.py:429} INFO - ✅ Post envoyé: Nigeria vs Tunisia AFCON Tickets... (score: 3)
[2026-01-04T18:00:54.286+0000] {docker.py:429} INFO - ✅ Post envoyé: Nigeria’s squad for upcoming AFCON... (score: 23)
[2026-01-04T18:00:54.492+0000] {docker.py:429} INFO - ✅ Post envoyé: Akinsanmiro: "I was very surprised to be called up... (score: 72)
[2026-01-04T18:00:54.608+0000] {docker.py:429} INFO - ✅ Post envoyé: AFCON - Nigeria vs Uganda... (score: 21)
[2026-01-04T18:00:54.714+0000] {docker.py:429} INFO - ✅ Post envoyé: AFCON: Nigeria vs Tanzania... (score: 12)
[2026-01-04T18:00:54.916+0000] {docker.py:429} INFO - ✅ Post envoyé: Nigeria will face Mozambique in the round of 16 of... (score: 21)
[2026-01-04T18:00:55.022+0000] {docker.py:429} INFO - ✅ Post envoyé: The only two teams to post a 100% record in the AF... (score: 20)
[2026-01-04T18:00:55.144+0000] {docker.py:429} INFO - ✅ Post envoyé: Nigeria's Path to Our 4th AFCON... (score: 5)
[2026-01-04T18:00:55.237+0000] {docker.py:429} INFO - ✅ Post envoyé: Nigeria vs Tunisia Preview: Prediction, Team News,... (score: 3)
[2026-01-04T18:00:55.349+0000] {docker.py:429} INFO - ✅ Post envoyé: Is the Nigeria comparison accurate here for afcon?... (score: 12)
[2026-01-04T18:00:55.464+0000] {docker.py:429} INFO - ✅ Post envoyé: Have Nigeria finally found their winning formula a... (score: 4)
[2026-01-04T18:00:55.586+0000] {docker.py:429} INFO - ✅ Post envoyé: The only two teams to post a 100% record in the AF... (score: 7)
[2026-01-04T18:00:55.698+0000] {docker.py:429} INFO - ✅ Post envoyé: The Super Eagles kick off their AFCON 2025 campaig... (score: 13)
[2026-01-04T18:00:55.837+0000] {docker.py:429} INFO - ✅ Post envoyé: Nigeria reach Afcon last 16 despite Tunisia fightb... (score: 1)
[2026-01-04T18:00:55.843+0000] {docker.py:429} INFO - 
[2026-01-04T18:00:55.908+0000] {docker.py:429} INFO - ✅ Post envoyé: [World] - Nigeria vs Mozambique: AFCON 2025 – team... (score: 1)
[2026-01-04T18:00:56.107+0000] {docker.py:429} INFO - ✅ Post envoyé: [World] - Nigeria vs Mozambique: AFCON 2025 – team... (score: 1)
[2026-01-04T18:00:56.207+0000] {docker.py:429} INFO - ✅ Post envoyé: Uganda vs Nigeria Highlights | AFCON Reaction ⚽... (score: 1)
[2026-01-04T18:00:56.317+0000] {docker.py:429} INFO - ✅ Post envoyé: Nigeria, Algeria Enter AFCON 2025 Knockouts in Com... (score: 3)
[2026-01-04T18:00:56.515+0000] {docker.py:429} INFO - ✅ Post envoyé: Nigeria vs Tunesia Highlights | AFCON Reaction 😳... (score: 1)
[2026-01-04T18:00:56.635+0000] {docker.py:429} INFO - ✅ Post envoyé: Uganda have used all of their 3 goalkeepers today,... (score: 1)
[2026-01-04T18:00:56.736+0000] {docker.py:429} INFO - ✅ Post envoyé: [World] - AFCON 2025: Nigeria complete near-perfec... (score: 1)
[2026-01-04T18:00:56.833+0000] {docker.py:429} INFO - ✅ Post envoyé: [World] - AFCON 2025: Nigeria complete near-perfec... (score: 1)
[2026-01-04T18:00:56.940+0000] {docker.py:429} INFO - ✅ Post envoyé: [Sports] - Afcon roundup: Nigeria stay perfect as ... (score: 1)
[2026-01-04T18:00:57.067+0000] {docker.py:429} INFO - ✅ Post envoyé: [Sports] - Afcon roundup: Nigeria stay perfect as ... (score: 1)
[2026-01-04T18:00:57.178+0000] {docker.py:429} INFO - ✅ Post envoyé: [World] - Nigeria beat Uganda 3-1 to head into AFC... (score: 1)
[2026-01-04T18:00:57.289+0000] {docker.py:429} INFO - ✅ Post envoyé: [World] - Nigeria beat Uganda 3-1 to head into AFC... (score: 1)
[2026-01-04T18:00:57.297+0000] {docker.py:429} INFO - 
[2026-01-04T18:00:57.418+0000] {docker.py:429} INFO - ✅ Post envoyé: [World] - LIVE: Uganda vs Nigeria – AFCON 2025 | A... (score: 1)
[2026-01-04T18:00:57.530+0000] {docker.py:429} INFO - ✅ Post envoyé: Today's MotD: Uganda vs Nigeria (AFCON, Morocco)... (score: 1)
[2026-01-04T18:00:57.635+0000] {docker.py:429} INFO - ✅ Post envoyé: [World] - LIVE: Uganda vs Nigeria – AFCON 2025... (score: 1)
[2026-01-04T18:00:57.740+0000] {docker.py:429} INFO - ✅ Post envoyé: (Request) Nigeria vs Tunisia, AFCON, 27/12/25 –Ful... (score: 2)
[2026-01-04T18:00:57.849+0000] {docker.py:429} INFO - ✅ Post envoyé: Nigeria vs Tanzania Highlights | AFCON Reaction 😳... (score: 1)
[2026-01-04T18:00:57.951+0000] {docker.py:429} INFO - ✅ Post envoyé: [World] - Uganda vs Nigeria: AFCON 2025 – team new... (score: 1)
[2026-01-04T18:00:58.058+0000] {docker.py:429} INFO - ✅ Post envoyé: [World] - Uganda vs Nigeria: AFCON 2025 – team new... (score: 1)
[2026-01-04T18:00:58.170+0000] {docker.py:429} INFO - ✅ Post envoyé: Nigeria Lookman Stars As 3-2 Win Over Tunisia Book... (score: 1)
[2026-01-04T18:00:58.270+0000] {docker.py:429} INFO - ✅ Post envoyé: [World] - Nigeria reach AFCON knockouts despite la... (score: 1)
[2026-01-04T18:00:58.379+0000] {docker.py:429} INFO - ✅ Post envoyé: [World] - Nigeria reach AFCON knockouts despite la... (score: 1)
[2026-01-04T18:00:58.505+0000] {docker.py:429} INFO - ✅ Post envoyé: (Request) Nigeria vs Tunisia, AFCON, 27/12/25... (score: 1)
[2026-01-04T18:00:58.598+0000] {docker.py:429} INFO - ✅ Post envoyé: [World] - LIVE: Nigeria vs Tunisia – AFCON 2025 | ... (score: 1)
[2026-01-04T18:00:58.707+0000] {docker.py:429} INFO - ✅ Post envoyé: [World] - LIVE: Nigeria vs Tunisia – AFCON 2025... (score: 1)
[2026-01-04T18:00:58.813+0000] {docker.py:429} INFO - ✅ Post envoyé: [World] - Nigeria vs Tunisia: AFCON 2025 – team ne... (score: 1)
[2026-01-04T18:00:58.914+0000] {docker.py:429} INFO - → 50 posts trouvés
[2026-01-04T18:01:01.922+0000] {docker.py:429} INFO - 📍 PHASE 2: Scraping des subreddits
----------------------------------------------------------------------
🔍 Scraping r/soccer/hot (limit=50)...
[2026-01-04T18:01:03.099+0000] {docker.py:429} INFO - ✅ Post envoyé: Morocco 1-0 Tanzania - Brahim Diaz 64'... (score: 60)
[2026-01-04T18:01:03.203+0000] {docker.py:429} INFO - → 1 posts CAN trouvés
[2026-01-04T18:01:05.201+0000] {docker.py:429} INFO - 🔍 Scraping r/soccer/new (limit=50)...
[2026-01-04T18:01:06.337+0000] {docker.py:429} INFO - ✅ Post envoyé: Post Match Thread: Newcastle United 2-0 Crystal Pa... (score: 21)
[2026-01-04T18:01:06.438+0000] {docker.py:429} INFO - → 2 posts CAN trouvés
[2026-01-04T18:01:08.439+0000] {docker.py:429} INFO - 🔍 Scraping r/football/hot (limit=50)...
[2026-01-04T18:01:09.634+0000] {docker.py:429} INFO - ✅ Post envoyé: After poor results at Afcon (africa), the Gabon fo... (score: 203)
[2026-01-04T18:01:09.851+0000] {docker.py:429} INFO - ✅ Post envoyé: Africa Cup of Nations to be held every four years ... (score: 340)
[2026-01-04T18:01:09.958+0000] {docker.py:429} INFO - → 3 posts CAN trouvés
[2026-01-04T18:01:11.956+0000] {docker.py:429} INFO - 🔍 Scraping r/football/new (limit=50)...
[2026-01-04T18:01:13.395+0000] {docker.py:429} INFO - ✅ Post envoyé: AFCON 2025 Group Stage Preview: Hosts Morocco Ente... (score: 7)
[2026-01-04T18:01:13.495+0000] {docker.py:429} INFO - → 4 posts CAN trouvés
[2026-01-04T18:01:15.516+0000] {docker.py:429} INFO - 🔍 Scraping r/sports/hot (limit=50)...
[2026-01-04T18:01:16.671+0000] {docker.py:429} INFO - ✅ Post envoyé: Boxer Anthony Joshua’s driver charged after deadly... (score: 1160)
[2026-01-04T18:01:16.779+0000] {docker.py:429} INFO - ✅ Post envoyé: Texas Tech Lady Raiders Add 7' Nigerian Stephanie ... (score: 185)
[2026-01-04T18:01:16.879+0000] {docker.py:429} INFO - → 2 posts CAN trouvés
[2026-01-04T18:01:18.882+0000] {docker.py:429} INFO - 🔍 Scraping r/sports/new (limit=50)...
[2026-01-04T18:01:20.198+0000] {docker.py:429} INFO - → 2 posts CAN trouvés
[2026-01-04T18:01:22.200+0000] {docker.py:429} INFO - 🔍 Scraping r/worldcup/hot (limit=50)...
[2026-01-04T18:01:23.745+0000] {docker.py:429} INFO - ✅ Post envoyé: Song and clip AFCON African cup 2026 hosted by Mor... (score: 5)
[2026-01-04T18:01:23.947+0000] {docker.py:429} INFO - ✅ Post envoyé: Nigeria files World Cup complaint to FIFA over Con... (score: 171)
[2026-01-04T18:01:24.054+0000] {docker.py:429} INFO - ✅ Post envoyé: World Cup countries Senegal and Côte d’Ivoire amon... (score: 202)
[2026-01-04T18:01:24.186+0000] {docker.py:429} INFO - ✅ Post envoyé: European World cup winner stats when played outsid... (score: 38)
[2026-01-04T18:01:24.292+0000] {docker.py:429} INFO - ✅ Post envoyé: World Cup 'Pride Match' still on after Egypt, Iran... (score: 954)
[2026-01-04T18:01:24.392+0000] {docker.py:429} INFO - ✅ Post envoyé: Egypt protests Pride plans for World Cup match aga... (score: 301)
[2026-01-04T18:01:24.495+0000] {docker.py:429} INFO - → 7 posts CAN trouvés
[2026-01-04T18:01:26.490+0000] {docker.py:429} INFO - 🔍 Scraping r/worldcup/new (limit=50)...
[2026-01-04T18:01:28.893+0000] {docker.py:429} INFO - → 6 posts CAN trouvés
[2026-01-04T18:01:30.897+0000] {docker.py:429} INFO - 🔍 Scraping r/Africa/hot (limit=50)...
[2026-01-04T18:01:32.494+0000] {docker.py:429} INFO - ✅ Post envoyé: African Diaspora Sex Tourism (LONG READ)... (score: 277)
[2026-01-04T18:01:32.599+0000] {docker.py:429} INFO - ✅ Post envoyé: UAE recognizes Somaliland Passports but blocks Vis... (score: 169)
[2026-01-04T18:01:32.714+0000] {docker.py:429} INFO - ✅ Post envoyé: Leading Private Investment Countries In 2025... (score: 29)
[2026-01-04T18:01:32.809+0000] {docker.py:429} INFO - ✅ Post envoyé: Why do SOME North Africans claim not to be African... (score: 264)
[2026-01-04T18:01:32.916+0000] {docker.py:429} INFO - ✅ Post envoyé: Baka People of Cameroon: Traditional Music from th... (score: 37)
[2026-01-04T18:01:33.029+0000] {docker.py:429} INFO - ✅ Post envoyé: Mali and Burkina Faso impose travel ban on US citi... (score: 437)
[2026-01-04T18:01:33.136+0000] {docker.py:429} INFO - ✅ Post envoyé: Anyone else notice how Ankara print is evolving? F... (score: 8)
[2026-01-04T18:01:33.253+0000] {docker.py:429} INFO - ✅ Post envoyé: There is no legal route for Israelis to reach soma... (score: 86)
[2026-01-04T18:01:33.357+0000] {docker.py:429} INFO - ✅ Post envoyé: Angolans didn’t get to share that sweet border wit... (score: 325)
[2026-01-04T18:01:33.469+0000] {docker.py:429} INFO - ✅ Post envoyé: Guinea elections: Gen Mamady Doumbouya takes lead ... (score: 22)
[2026-01-04T18:01:33.578+0000] {docker.py:429} INFO - ✅ Post envoyé: Le grand Mali... (score: 158)
[2026-01-04T18:01:33.680+0000] {docker.py:429} INFO - ✅ Post envoyé: Eyo Festival of Lagos Nigeria, Dec 27, 2025... (score: 242)
[2026-01-04T18:01:33.786+0000] {docker.py:429} INFO - ✅ Post envoyé: Explain why Somaliland is a big deal?... (score: 222)
[2026-01-04T18:01:33.896+0000] {docker.py:429} INFO - ✅ Post envoyé: IGAD rejects Israel’s recognition of Somaliland, c... (score: 93)
[2026-01-04T18:01:33.999+0000] {docker.py:429} INFO - ✅ Post envoyé: UN Security Council to hold emergency meeting afte... (score: 20)
[2026-01-04T18:01:34.116+0000] {docker.py:429} INFO - ✅ Post envoyé: Recommendations for countries to visit in Africa... (score: 9)
[2026-01-04T18:01:34.217+0000] {docker.py:429} INFO - ✅ Post envoyé: Thoughts on the US military intervention against t... (score: 16)
[2026-01-04T18:01:34.325+0000] {docker.py:429} INFO - → 17 posts CAN trouvés
[2026-01-04T18:01:36.314+0000] {docker.py:429} INFO - 🔍 Scraping r/Africa/new (limit=50)...
[2026-01-04T18:01:39.175+0000] {docker.py:429} INFO - → 17 posts CAN trouvés
[2026-01-04T18:01:41.175+0000] {docker.py:429} INFO - 🔍 Scraping r/africapics/hot (limit=50)...
[2026-01-04T18:01:41.866+0000] {docker.py:429} INFO - → 0 posts CAN trouvés
[2026-01-04T18:01:43.868+0000] {docker.py:429} INFO - 🔍 Scraping r/africapics/new (limit=50)...
[2026-01-04T18:01:44.463+0000] {docker.py:429} INFO - → 0 posts CAN trouvés
[2026-01-04T18:01:46.466+0000] {docker.py:429} INFO - 🔍 Scraping r/African/hot (limit=50)...
[2026-01-04T18:01:46.817+0000] {docker.py:429} INFO - ❌ Erreur scraping r/African: 404 Client Error: Not Found for url: https://www.reddit.com/r/African/hot.json?limit=50
[2026-01-04T18:01:48.815+0000] {docker.py:429} INFO - 🔍 Scraping r/African/new (limit=50)...
[2026-01-04T18:01:49.138+0000] {docker.py:429} INFO - ❌ Erreur scraping r/African: 404 Client Error: Not Found for url: https://www.reddit.com/r/African/new.json?limit=50
[2026-01-04T18:01:51.138+0000] {docker.py:429} INFO - 🔍 Scraping r/Morocco/hot (limit=50)...
[2026-01-04T18:01:52.377+0000] {docker.py:429} INFO - ✅ Post envoyé: Mod recruitment is open... (score: 3)
[2026-01-04T18:01:52.477+0000] {docker.py:429} INFO - ✅ Post envoyé: Present to myself... (score: 31)
[2026-01-04T18:01:52.583+0000] {docker.py:429} INFO - ✅ Post envoyé: 🔥 I’m saying Morocco will win 🇲🇦 What about you? D... (score: 15)
[2026-01-04T18:01:52.687+0000] {docker.py:429} INFO - ✅ Post envoyé: Morocco is beautiful ❄️🥶🏔️... (score: 355)
[2026-01-04T18:01:52.797+0000] {docker.py:429} INFO - ✅ Post envoyé: How are Moroccans raised abroad viewed in relation... (score: 1)
[2026-01-04T18:01:52.906+0000] {docker.py:429} INFO - ✅ Post envoyé: The quiet power of presence during AFCON... (score: 45)
[2026-01-04T18:01:53.012+0000] {docker.py:429} INFO - ✅ Post envoyé: Business programs in Morocco... (score: 3)
[2026-01-04T18:01:53.119+0000] {docker.py:429} INFO - ✅ Post envoyé: Foreign income -... (score: 1)
[2026-01-04T18:01:53.221+0000] {docker.py:429} INFO - ✅ Post envoyé: moving to Morocco from europe... (score: 4)
[2026-01-04T18:01:53.323+0000] {docker.py:429} INFO - → 9 posts CAN trouvés
[2026-01-04T18:01:55.326+0000] {docker.py:429} INFO - 🔍 Scraping r/Morocco/new (limit=50)...
[2026-01-04T18:01:56.585+0000] {docker.py:429} INFO - ✅ Post envoyé: Baking/Cooking School... (score: 1)
[2026-01-04T18:01:56.693+0000] {docker.py:429} INFO - ✅ Post envoyé: Revolut payments in Morocco... (score: 1)
[2026-01-04T18:01:56.801+0000] {docker.py:429} INFO - ✅ Post envoyé: What is the minimum purchase required to sit in an... (score: 1)
[2026-01-04T18:01:57.006+0000] {docker.py:429} INFO - ✅ Post envoyé: Marrakech should lowk be the capital... (score: 0)
[2026-01-04T18:01:57.107+0000] {docker.py:429} INFO - → 8 posts CAN trouvés
[2026-01-04T18:01:59.116+0000] {docker.py:429} INFO - 📍 PHASE 3: Top posts du mois
----------------------------------------------------------------------
🔍 Scraping r/soccer/top (limit=50)...
[2026-01-04T18:02:00.096+0000] {docker.py:429} INFO - ✅ Post envoyé: Zinedine Zidane at AFCON watching his son Luca Zid... (score: 10909)
[2026-01-04T18:02:00.219+0000] {docker.py:429} INFO - ✅ Post envoyé: A fan in the Senegal vs Botswana game (no idea for... (score: 10493)
[2026-01-04T18:02:00.322+0000] {docker.py:429} INFO - ✅ Post envoyé: FIFA World Cup match in Seattle on June 26 had alr... (score: 9632)
[2026-01-04T18:02:00.434+0000] {docker.py:429} INFO - ✅ Post envoyé: Weird Clearance by Algeria's defender Achref Abada... (score: 8388)
[2026-01-04T18:02:00.532+0000] {docker.py:429} INFO - → 5 posts CAN trouvés
[2026-01-04T18:02:02.570+0000] {docker.py:429} INFO - 🔍 Scraping r/Africa/top (limit=50)...
[2026-01-04T18:02:04.261+0000] {docker.py:429} INFO - ✅ Post envoyé: Mother, Daughter and Maid, Johannesburg, South Afr... (score: 2394)
[2026-01-04T18:02:04.371+0000] {docker.py:429} INFO - ✅ Post envoyé: The original "Waka Waka"song (1986)... (score: 1182)
[2026-01-04T18:02:04.479+0000] {docker.py:429} INFO - ✅ Post envoyé: Faces of Ghana (1950s-1970s) James Barnor... (score: 1034)
[2026-01-04T18:02:04.588+0000] {docker.py:429} INFO - ✅ Post envoyé: West Africa’s Megacity…Lagos, Nigeria.... (score: 909)
[2026-01-04T18:02:04.698+0000] {docker.py:429} INFO - ✅ Post envoyé: Medieval Towns of Mali... (score: 712)
[2026-01-04T18:02:04.812+0000] {docker.py:429} INFO - ✅ Post envoyé: Algeria Government Declares French Colonisation A ... (score: 563)
[2026-01-04T18:02:04.910+0000] {docker.py:429} INFO - ✅ Post envoyé: Fang Women... (score: 516)
[2026-01-04T18:02:05.118+0000] {docker.py:429} INFO - ✅ Post envoyé: African mythology... (score: 432)
[2026-01-04T18:02:05.430+0000] {docker.py:429} INFO - ✅ Post envoyé: Shoutout to the Somali community... (score: 274)
[2026-01-04T18:02:05.537+0000] {docker.py:429} INFO - ✅ Post envoyé: Ghana's president urged to rally African leaders b... (score: 267)
[2026-01-04T18:02:05.992+0000] {docker.py:429} INFO - ✅ Post envoyé: Somali hate... (score: 221)
[2026-01-04T18:02:06.070+0000] {docker.py:429} INFO - ✅ Post envoyé: Israel becomes first country to recognize Somalila... (score: 208)
[2026-01-04T18:02:06.165+0000] {docker.py:429} INFO - ✅ Post envoyé: Burkina Faso, Mali and Niger Launch NATO-Like Mili... (score: 204)
[2026-01-04T18:02:06.371+0000] {docker.py:429} INFO - ✅ Post envoyé: US launches 'powerful strikes' against Islamic Sta... (score: 168)
[2026-01-04T18:02:06.472+0000] {docker.py:429} INFO - → 21 posts CAN trouvés
[2026-01-04T18:02:08.473+0000] {docker.py:429} INFO - 🔍 Scraping r/Morocco/top (limit=50)...
[2026-01-04T18:02:10.193+0000] {docker.py:429} INFO - ✅ Post envoyé: morocco wins the arab cup! 🇲🇦... (score: 1138)
[2026-01-04T18:02:10.298+0000] {docker.py:429} INFO - ✅ Post envoyé: Handmade map of Morocco... (score: 717)
[2026-01-04T18:02:10.409+0000] {docker.py:429} INFO - ✅ Post envoyé: Wld l malik m9mr 3la l mghreb rab7... (score: 489)
[2026-01-04T18:02:10.512+0000] {docker.py:429} INFO - ✅ Post envoyé: I moved to Morocco two months ago and i already re... (score: 257)
[2026-01-04T18:02:10.619+0000] {docker.py:429} INFO - ✅ Post envoyé: Iraqi fan tries to stir something between Algerian... (score: 242)
[2026-01-04T18:02:10.748+0000] {docker.py:429} INFO - ✅ Post envoyé: weird name for a café lol... (score: 231)
[2026-01-04T18:02:10.837+0000] {docker.py:429} INFO - ✅ Post envoyé: Another hospital scandal... (score: 211)
[2026-01-04T18:02:10.936+0000] {docker.py:429} INFO - ✅ Post envoyé: Orange Morocco has exceeded all legal limits in re... (score: 203)
[2026-01-04T18:02:11.042+0000] {docker.py:429} INFO - ✅ Post envoyé: Am I screwed? 305,000 MAD debt in my early 20s and... (score: 192)
[2026-01-04T18:02:11.147+0000] {docker.py:429} INFO - ✅ Post envoyé: Took this shot at Tangier Stadium during the Seneg... (score: 187)
[2026-01-04T18:02:11.248+0000] {docker.py:429} INFO - → 10 posts CAN trouvés
[2026-01-04T18:02:13.250+0000] {docker.py:429} INFO - 💬 PHASE 4: Récupération des commentaires
----------------------------------------------------------------------
   📝 Commentaires pour: A DR Congo fan stood for 90+ minutes during the AF...
[2026-01-04T18:02:14.099+0000] {docker.py:429} INFO - → 9 commentaires récupérés
[2026-01-04T18:02:16.101+0000] {docker.py:429} INFO - 📝 Commentaires pour: A DR Congo fan stood for 90+ minutes during the AF...
[2026-01-04T18:02:16.944+0000] {docker.py:429} INFO - → 9 commentaires récupérés
[2026-01-04T18:02:18.945+0000] {docker.py:429} INFO - 📝 Commentaires pour: Zinedine Zidane at AFCON watching his son Luca Zid...
[2026-01-04T18:02:19.691+0000] {docker.py:429} INFO - → 8 commentaires récupérés
[2026-01-04T18:02:21.691+0000] {docker.py:429} INFO - 📝 Commentaires pour: A fan in the Senegal vs Botswana game (no idea for...
[2026-01-04T18:02:22.775+0000] {docker.py:429} INFO - → 16 commentaires récupérés
[2026-01-04T18:02:24.747+0000] {docker.py:429} INFO - 📝 Commentaires pour: FIFA World Cup match in Seattle on June 26 had alr...
[2026-01-04T18:02:25.881+0000] {docker.py:429} INFO - → 6 commentaires récupérés
[2026-01-04T18:02:27.871+0000] {docker.py:429} INFO - 📝 Commentaires pour: Weird Clearance by Algeria's defender Achref Abada...
[2026-01-04T18:02:28.969+0000] {docker.py:429} INFO - → 15 commentaires récupérés
[2026-01-04T18:02:30.970+0000] {docker.py:429} INFO - 📝 Commentaires pour: Zambia coach Moses Sichone on Morocco as the Host ...
[2026-01-04T18:02:31.737+0000] {docker.py:429} INFO - → 9 commentaires récupérés
[2026-01-04T18:02:33.733+0000] {docker.py:429} INFO - 📝 Commentaires pour: Zambia coach Moses Sichone on Morocco as the Host ...
[2026-01-04T18:02:34.641+0000] {docker.py:429} INFO - → 9 commentaires récupérés
[2026-01-04T18:02:36.630+0000] {docker.py:429} INFO - 📝 Commentaires pour: Mbappé, Tchouaméni and Koundé are in Morocco for A...
[2026-01-04T18:02:39.080+0000] {docker.py:429} INFO - → 14 commentaires récupérés
[2026-01-04T18:02:41.080+0000] {docker.py:429} INFO - 📝 Commentaires pour: Alex Iwobi on Calvin Bassey's chance vs. Burnley: ...
[2026-01-04T18:02:41.933+0000] {docker.py:429} INFO - → 15 commentaires récupérés
[2026-01-04T18:02:43.935+0000] {docker.py:429} INFO - ======================================================================
📊 RAPPORT DE COLLECTE INTENSIVE
======================================================================
Posts envoyés:         300
Commentaires envoyés:  92
Doublons évités:       82
Erreurs:               0
Total unique:          392
======================================================================
[2026-01-04T18:02:43.938+0000] {docker.py:429} INFO - ⏸️  Pause de 600s avant prochain cycle...
[2026-01-04T18:12:43.833+0000] {docker.py:429} INFO - 🔄 CYCLE #2

======================================================================
[2026-01-04T18:12:43.838+0000] {docker.py:429} INFO - 🚀 COLLECTE INTENSIVE - 2026-01-04 18:12:43
======================================================================

📍 PHASE 1: Recherche ciblée par mots-clés
----------------------------------------------------------------------
[2026-01-04T18:12:43.839+0000] {docker.py:429} INFO - 🔎 Recherche: 'AFCON 2025' (global)...
[2026-01-04T18:13:01.602+0000] {docker.py:429} INFO - → 50 posts trouvés
[2026-01-04T18:13:04.602+0000] {docker.py:429} INFO - 🔎 Recherche: 'Africa Cup 2025' (global)...
[2026-01-04T18:13:14.183+0000] {docker.py:429} INFO - → 50 posts trouvés
[2026-01-04T18:13:17.188+0000] {docker.py:429} INFO - 🔎 Recherche: 'Morocco AFCON' (global)...
[2026-01-04T18:13:35.236+0000] {docker.py:429} INFO - → 50 posts trouvés
[2026-01-04T18:13:38.238+0000] {docker.py:429} INFO - 🔎 Recherche: 'Senegal AFCON' (global)...
[2026-01-04T18:13:49.525+0000] {docker.py:429} INFO - → 50 posts trouvés
[2026-01-04T18:13:52.526+0000] {docker.py:429} INFO - 🔎 Recherche: 'Nigeria AFCON' (global)...
[2026-01-04T18:14:01.221+0000] {docker.py:429} INFO - → 50 posts trouvés
[2026-01-04T18:14:04.219+0000] {docker.py:429} INFO - 📍 PHASE 2: Scraping des subreddits
----------------------------------------------------------------------
🔍 Scraping r/soccer/hot (limit=50)...
[2026-01-04T18:14:06.677+0000] {docker.py:429} INFO - → 1 posts CAN trouvés
[2026-01-04T18:14:08.694+0000] {docker.py:429} INFO - 🔍 Scraping r/soccer/new (limit=50)...
[2026-01-04T18:14:10.586+0000] {docker.py:429} INFO - ✅ Post envoyé: Morocco penalty shout vs. Tanzania... (score: 6)
[2026-01-04T18:14:10.691+0000] {docker.py:429} INFO - ✅ Post envoyé: Post Match Thread: Morocco 1-0 Tanzania... (score: 4)
[2026-01-04T18:14:10.995+0000] {docker.py:429} INFO - → 4 posts CAN trouvés
[2026-01-04T18:14:12.997+0000] {docker.py:429} INFO - 🔍 Scraping r/football/hot (limit=50)...
[2026-01-04T18:14:17.176+0000] {docker.py:429} INFO - → 3 posts CAN trouvés
[2026-01-04T18:14:19.178+0000] {docker.py:429} INFO - 🔍 Scraping r/football/new (limit=50)...
[2026-01-04T18:14:23.790+0000] {docker.py:429} INFO - → 4 posts CAN trouvés
[2026-01-04T18:14:25.791+0000] {docker.py:429} INFO - 🔍 Scraping r/sports/hot (limit=50)...
[2026-01-04T18:14:30.850+0000] {docker.py:429} INFO - → 2 posts CAN trouvés
[2026-01-04T18:14:32.857+0000] {docker.py:429} INFO - 🔍 Scraping r/sports/new (limit=50)...
[2026-01-04T18:14:36.141+0000] {docker.py:429} INFO - → 2 posts CAN trouvés
[2026-01-04T18:14:38.143+0000] {docker.py:429} INFO - 🔍 Scraping r/worldcup/hot (limit=50)...
[2026-01-04T18:14:41.641+0000] {docker.py:429} INFO - → 7 posts CAN trouvés
[2026-01-04T18:14:43.661+0000] {docker.py:429} INFO - 🔍 Scraping r/worldcup/new (limit=50)...
[2026-01-04T18:14:48.605+0000] {docker.py:429} INFO - → 6 posts CAN trouvés
[2026-01-04T18:14:50.606+0000] {docker.py:429} INFO - 🔍 Scraping r/Africa/hot (limit=50)...
[2026-01-04T18:14:57.286+0000] {docker.py:429} INFO - → 17 posts CAN trouvés
[2026-01-04T18:14:59.287+0000] {docker.py:429} INFO - 🔍 Scraping r/Africa/new (limit=50)...
[2026-01-04T18:15:05.016+0000] {timeout.py:68} ERROR - Process timed out, PID: 546
[2026-01-04T18:15:05.072+0000] {taskinstance.py:2698} ERROR - Task failed with exception
Traceback (most recent call last):
  File "/home/airflow/.local/lib/python3.11/site-packages/docker/api/client.py", line 265, in _raise_for_status
    response.raise_for_status()
  File "/home/airflow/.local/lib/python3.11/site-packages/requests/models.py", line 1021, in raise_for_status
    raise HTTPError(http_error_msg, response=self)
requests.exceptions.HTTPError: 400 Client Error: Bad Request for url: http+docker://localhost/v1.51/containers/create?name=***_scraper_intensive_20260104T150000

The above exception was the direct cause of the following exception:

Traceback (most recent call last):
  File "/home/airflow/.local/lib/python3.11/site-packages/airflow/providers/docker/operators/docker.py", line 364, in _run_image
    return self._run_image_with_mounts([*self.mounts, tmp_mount], add_tmp_variable=True)
           ^^^^^^^^^^^^^^^^^^^^^^^^^^^^^^^^^^^^^^^^^^^^^^^^^^^^^^^^^^^^^^^^^^^^^^^^^^^^^
  File "/home/airflow/.local/lib/python3.11/site-packages/airflow/providers/docker/operators/docker.py", line 391, in _run_image_with_mounts
    self.container = self.cli.create_container(
                     ^^^^^^^^^^^^^^^^^^^^^^^^^^
  File "/home/airflow/.local/lib/python3.11/site-packages/docker/api/container.py", line 439, in create_container
    return self.create_container_from_config(config, name, platform)
           ^^^^^^^^^^^^^^^^^^^^^^^^^^^^^^^^^^^^^^^^^^^^^^^^^^^^^^^^^
  File "/home/airflow/.local/lib/python3.11/site-packages/docker/api/container.py", line 456, in create_container_from_config
    return self._result(res, True)
           ^^^^^^^^^^^^^^^^^^^^^^^
  File "/home/airflow/.local/lib/python3.11/site-packages/docker/api/client.py", line 271, in _result
    self._raise_for_status(response)
  File "/home/airflow/.local/lib/python3.11/site-packages/docker/api/client.py", line 267, in _raise_for_status
    raise create_api_error_from_http_exception(e) from e
          ^^^^^^^^^^^^^^^^^^^^^^^^^^^^^^^^^^^^^^^
  File "/home/airflow/.local/lib/python3.11/site-packages/docker/errors.py", line 39, in create_api_error_from_http_exception
    raise cls(e, response=response, explanation=explanation) from e
docker.errors.APIError: 400 Client Error for http+docker://localhost/v1.51/containers/create?name=airflow_scraper_intensive_20260104T150000: Bad Request ("invalid mount config for type "bind": bind source path does not exist: /tmp/airflowtmpf1y_plut")

During handling of the above exception, another exception occurred:

Traceback (most recent call last):
  File "/home/airflow/.local/lib/python3.11/site-packages/airflow/providers/docker/operators/docker.py", line 426, in _run_image_with_mounts
    for log_chunk in logstream:
  File "/home/airflow/.local/lib/python3.11/site-packages/docker/types/daemon.py", line 29, in __next__
    return next(self._stream)
           ^^^^^^^^^^^^^^^^^^
  File "/home/airflow/.local/lib/python3.11/site-packages/docker/api/client.py", line 428, in <genexpr>
    gen = (data for (_, data) in gen)
          ^^^^^^^^^^^^^^^^^^^^^^^^^^^
  File "/home/airflow/.local/lib/python3.11/site-packages/docker/utils/socket.py", line 112, in frames_iter_no_tty
    (stream, n) = next_frame_header(socket)
                  ^^^^^^^^^^^^^^^^^^^^^^^^^
  File "/home/airflow/.local/lib/python3.11/site-packages/docker/utils/socket.py", line 84, in next_frame_header
    data = read_exactly(socket, 8)
           ^^^^^^^^^^^^^^^^^^^^^^^
  File "/home/airflow/.local/lib/python3.11/site-packages/docker/utils/socket.py", line 69, in read_exactly
    next_data = read(socket, n - len(data))
                ^^^^^^^^^^^^^^^^^^^^^^^^^^^
  File "/home/airflow/.local/lib/python3.11/site-packages/docker/utils/socket.py", line 40, in read
    poll.poll()
  File "/home/airflow/.local/lib/python3.11/site-packages/airflow/utils/timeout.py", line 69, in handle_timeout
    raise AirflowTaskTimeout(self.error_message)
airflow.exceptions.AirflowTaskTimeout: Timeout, PID: 546

During handling of the above exception, another exception occurred:

Traceback (most recent call last):
  File "/home/airflow/.local/lib/python3.11/site-packages/docker/api/client.py", line 265, in _raise_for_status
    response.raise_for_status()
  File "/home/airflow/.local/lib/python3.11/site-packages/requests/models.py", line 1021, in raise_for_status
    raise HTTPError(http_error_msg, response=self)
requests.exceptions.HTTPError: 409 Client Error: Conflict for url: http+docker://localhost/v1.51/containers/9ce09b666e3639dce1f9990b32815475a9ed8d9c363316aad314117b9d0efc36?v=False&link=False&force=False

The above exception was the direct cause of the following exception:

Traceback (most recent call last):
  File "/home/airflow/.local/lib/python3.11/site-packages/airflow/models/taskinstance.py", line 428, in _execute_task
    result = execute_callable(context=context, **execute_callable_kwargs)
             ^^^^^^^^^^^^^^^^^^^^^^^^^^^^^^^^^^^^^^^^^^^^^^^^^^^^^^^^^^^^
  File "/home/airflow/.local/lib/python3.11/site-packages/airflow/providers/docker/operators/docker.py", line 502, in execute
    return self._run_image()
           ^^^^^^^^^^^^^^^^^
  File "/home/airflow/.local/lib/python3.11/site-packages/airflow/providers/docker/operators/docker.py", line 373, in _run_image
    return self._run_image_with_mounts(self.mounts, add_tmp_variable=False)
           ^^^^^^^^^^^^^^^^^^^^^^^^^^^^^^^^^^^^^^^^^^^^^^^^^^^^^^^^^^^^^^^^
  File "/home/airflow/.local/lib/python3.11/site-packages/airflow/providers/docker/operators/docker.py", line 455, in _run_image_with_mounts
    self.cli.remove_container(self.container["Id"])
  File "/home/airflow/.local/lib/python3.11/site-packages/docker/utils/decorators.py", line 19, in wrapped
    return f(self, resource_id, *args, **kwargs)
           ^^^^^^^^^^^^^^^^^^^^^^^^^^^^^^^^^^^^^
  File "/home/airflow/.local/lib/python3.11/site-packages/docker/api/container.py", line 1036, in remove_container
    self._raise_for_status(res)
  File "/home/airflow/.local/lib/python3.11/site-packages/docker/api/client.py", line 267, in _raise_for_status
    raise create_api_error_from_http_exception(e) from e
          ^^^^^^^^^^^^^^^^^^^^^^^^^^^^^^^^^^^^^^^
  File "/home/airflow/.local/lib/python3.11/site-packages/docker/errors.py", line 39, in create_api_error_from_http_exception
    raise cls(e, response=response, explanation=explanation) from e
docker.errors.APIError: 409 Client Error for http+docker://localhost/v1.51/containers/9ce09b666e3639dce1f9990b32815475a9ed8d9c363316aad314117b9d0efc36?v=False&link=False&force=False: Conflict ("cannot remove container "9ce09b666e3639dce1f9990b32815475a9ed8d9c363316aad314117b9d0efc36": container is running: stop the container before removing or force remove")
[2026-01-04T18:15:05.133+0000] {taskinstance.py:1138} INFO - Marking task as UP_FOR_RETRY. dag_id=reddit_can_pipeline_optimized, task_id=scraping_intensive, execution_date=20260104T150000, start_date=20260104T180004, end_date=20260104T181505
[2026-01-04T18:15:05.175+0000] {standard_task_runner.py:107} ERROR - Failed to execute job 7 for task scraping_intensive (409 Client Error for http+docker://localhost/v1.51/containers/9ce09b666e3639dce1f9990b32815475a9ed8d9c363316aad314117b9d0efc36?v=False&link=False&force=False: Conflict ("cannot remove container "9ce09b666e3639dce1f9990b32815475a9ed8d9c363316aad314117b9d0efc36": container is running: stop the container before removing or force remove"); 546)
[2026-01-04T18:15:05.208+0000] {local_task_job_runner.py:234} INFO - Task exited with return code 1
[2026-01-04T18:15:05.291+0000] {taskinstance.py:3280} INFO - 0 downstream tasks scheduled from follow-on schedule check
