[2026-01-18T23:39:55.303+0000] {processor.py:161} INFO - Started process (PID=206) to work on /opt/airflow/dags/reddit_can_complete_pipeline.py
[2026-01-18T23:39:55.309+0000] {processor.py:830} INFO - Processing file /opt/airflow/dags/reddit_can_complete_pipeline.py for tasks to queue
[2026-01-18T23:39:55.321+0000] {logging_mixin.py:188} INFO - [2026-01-18T23:39:55.319+0000] {dagbag.py:538} INFO - Filling up the DagBag from /opt/airflow/dags/reddit_can_complete_pipeline.py
[2026-01-18T23:39:56.566+0000] {processor.py:840} INFO - DAG(s) 'reddit_can_complete_pipeline_v2' retrieved from /opt/airflow/dags/reddit_can_complete_pipeline.py
[2026-01-18T23:39:57.991+0000] {logging_mixin.py:188} INFO - [2026-01-18T23:39:57.989+0000] {override.py:1769} INFO - Created Permission View: can read on DAG:reddit_can_complete_pipeline_v2
[2026-01-18T23:39:58.056+0000] {logging_mixin.py:188} INFO - [2026-01-18T23:39:58.055+0000] {override.py:1769} INFO - Created Permission View: can edit on DAG:reddit_can_complete_pipeline_v2
[2026-01-18T23:39:58.092+0000] {logging_mixin.py:188} INFO - [2026-01-18T23:39:58.090+0000] {override.py:1769} INFO - Created Permission View: can delete on DAG:reddit_can_complete_pipeline_v2
[2026-01-18T23:39:58.101+0000] {logging_mixin.py:188} INFO - [2026-01-18T23:39:58.100+0000] {dag.py:3036} INFO - Sync 1 DAGs
[2026-01-18T23:39:58.174+0000] {logging_mixin.py:188} INFO - [2026-01-18T23:39:58.173+0000] {dag.py:3058} INFO - Creating ORM DAG for reddit_can_complete_pipeline_v2
[2026-01-18T23:39:58.244+0000] {logging_mixin.py:188} INFO - [2026-01-18T23:39:58.243+0000] {dag.py:3823} INFO - Setting next_dagrun for reddit_can_complete_pipeline_v2 to 2026-01-18 12:00:00+00:00, run_after=2026-01-18 18:00:00+00:00
[2026-01-18T23:39:58.454+0000] {processor.py:183} INFO - Processing /opt/airflow/dags/reddit_can_complete_pipeline.py took 3.254 seconds
[2026-01-18T23:40:29.521+0000] {processor.py:161} INFO - Started process (PID=235) to work on /opt/airflow/dags/reddit_can_complete_pipeline.py
[2026-01-18T23:40:29.524+0000] {processor.py:830} INFO - Processing file /opt/airflow/dags/reddit_can_complete_pipeline.py for tasks to queue
[2026-01-18T23:40:29.531+0000] {logging_mixin.py:188} INFO - [2026-01-18T23:40:29.526+0000] {dagbag.py:538} INFO - Filling up the DagBag from /opt/airflow/dags/reddit_can_complete_pipeline.py
[2026-01-18T23:40:29.925+0000] {processor.py:840} INFO - DAG(s) 'reddit_can_complete_pipeline_v2' retrieved from /opt/airflow/dags/reddit_can_complete_pipeline.py
[2026-01-18T23:40:30.058+0000] {logging_mixin.py:188} INFO - [2026-01-18T23:40:30.057+0000] {dag.py:3036} INFO - Sync 1 DAGs
[2026-01-18T23:40:30.159+0000] {logging_mixin.py:188} INFO - [2026-01-18T23:40:30.158+0000] {dag.py:3823} INFO - Setting next_dagrun for reddit_can_complete_pipeline_v2 to 2026-01-18 18:00:00+00:00, run_after=2026-01-19 00:00:00+00:00
[2026-01-18T23:40:30.275+0000] {processor.py:183} INFO - Processing /opt/airflow/dags/reddit_can_complete_pipeline.py took 0.766 seconds
[2026-01-18T23:41:01.265+0000] {processor.py:161} INFO - Started process (PID=246) to work on /opt/airflow/dags/reddit_can_complete_pipeline.py
[2026-01-18T23:41:01.270+0000] {processor.py:830} INFO - Processing file /opt/airflow/dags/reddit_can_complete_pipeline.py for tasks to queue
[2026-01-18T23:41:01.278+0000] {logging_mixin.py:188} INFO - [2026-01-18T23:41:01.276+0000] {dagbag.py:538} INFO - Filling up the DagBag from /opt/airflow/dags/reddit_can_complete_pipeline.py
[2026-01-18T23:41:02.151+0000] {processor.py:840} INFO - DAG(s) 'reddit_can_complete_pipeline_v2' retrieved from /opt/airflow/dags/reddit_can_complete_pipeline.py
[2026-01-18T23:41:02.336+0000] {logging_mixin.py:188} INFO - [2026-01-18T23:41:02.335+0000] {dag.py:3036} INFO - Sync 1 DAGs
[2026-01-18T23:41:02.457+0000] {logging_mixin.py:188} INFO - [2026-01-18T23:41:02.455+0000] {dag.py:3823} INFO - Setting next_dagrun for reddit_can_complete_pipeline_v2 to 2026-01-18 18:00:00+00:00, run_after=2026-01-19 00:00:00+00:00
[2026-01-18T23:41:02.571+0000] {processor.py:183} INFO - Processing /opt/airflow/dags/reddit_can_complete_pipeline.py took 1.317 seconds
[2026-01-18T23:41:33.194+0000] {processor.py:161} INFO - Started process (PID=257) to work on /opt/airflow/dags/reddit_can_complete_pipeline.py
[2026-01-18T23:41:33.199+0000] {processor.py:830} INFO - Processing file /opt/airflow/dags/reddit_can_complete_pipeline.py for tasks to queue
[2026-01-18T23:41:33.203+0000] {logging_mixin.py:188} INFO - [2026-01-18T23:41:33.202+0000] {dagbag.py:538} INFO - Filling up the DagBag from /opt/airflow/dags/reddit_can_complete_pipeline.py
[2026-01-18T23:41:33.455+0000] {processor.py:840} INFO - DAG(s) 'reddit_can_complete_pipeline_v2' retrieved from /opt/airflow/dags/reddit_can_complete_pipeline.py
[2026-01-18T23:41:33.532+0000] {logging_mixin.py:188} INFO - [2026-01-18T23:41:33.532+0000] {dag.py:3036} INFO - Sync 1 DAGs
[2026-01-18T23:41:33.610+0000] {logging_mixin.py:188} INFO - [2026-01-18T23:41:33.609+0000] {dag.py:3823} INFO - Setting next_dagrun for reddit_can_complete_pipeline_v2 to 2026-01-18 18:00:00+00:00, run_after=2026-01-19 00:00:00+00:00
[2026-01-18T23:41:33.660+0000] {processor.py:183} INFO - Processing /opt/airflow/dags/reddit_can_complete_pipeline.py took 0.475 seconds
[2026-01-18T23:42:04.091+0000] {processor.py:161} INFO - Started process (PID=268) to work on /opt/airflow/dags/reddit_can_complete_pipeline.py
[2026-01-18T23:42:04.095+0000] {processor.py:830} INFO - Processing file /opt/airflow/dags/reddit_can_complete_pipeline.py for tasks to queue
[2026-01-18T23:42:04.099+0000] {logging_mixin.py:188} INFO - [2026-01-18T23:42:04.098+0000] {dagbag.py:538} INFO - Filling up the DagBag from /opt/airflow/dags/reddit_can_complete_pipeline.py
[2026-01-18T23:42:04.334+0000] {processor.py:840} INFO - DAG(s) 'reddit_can_complete_pipeline_v2' retrieved from /opt/airflow/dags/reddit_can_complete_pipeline.py
[2026-01-18T23:42:04.431+0000] {logging_mixin.py:188} INFO - [2026-01-18T23:42:04.430+0000] {dag.py:3036} INFO - Sync 1 DAGs
[2026-01-18T23:42:04.515+0000] {logging_mixin.py:188} INFO - [2026-01-18T23:42:04.514+0000] {dag.py:3823} INFO - Setting next_dagrun for reddit_can_complete_pipeline_v2 to 2026-01-18 18:00:00+00:00, run_after=2026-01-19 00:00:00+00:00
[2026-01-18T23:42:04.564+0000] {processor.py:183} INFO - Processing /opt/airflow/dags/reddit_can_complete_pipeline.py took 0.480 seconds
[2026-01-18T23:42:35.125+0000] {processor.py:161} INFO - Started process (PID=279) to work on /opt/airflow/dags/reddit_can_complete_pipeline.py
[2026-01-18T23:42:35.129+0000] {processor.py:830} INFO - Processing file /opt/airflow/dags/reddit_can_complete_pipeline.py for tasks to queue
[2026-01-18T23:42:35.133+0000] {logging_mixin.py:188} INFO - [2026-01-18T23:42:35.131+0000] {dagbag.py:538} INFO - Filling up the DagBag from /opt/airflow/dags/reddit_can_complete_pipeline.py
[2026-01-18T23:42:35.417+0000] {processor.py:840} INFO - DAG(s) 'reddit_can_complete_pipeline_v2' retrieved from /opt/airflow/dags/reddit_can_complete_pipeline.py
[2026-01-18T23:42:35.521+0000] {logging_mixin.py:188} INFO - [2026-01-18T23:42:35.520+0000] {dag.py:3036} INFO - Sync 1 DAGs
[2026-01-18T23:42:35.613+0000] {logging_mixin.py:188} INFO - [2026-01-18T23:42:35.612+0000] {dag.py:3823} INFO - Setting next_dagrun for reddit_can_complete_pipeline_v2 to 2026-01-18 18:00:00+00:00, run_after=2026-01-19 00:00:00+00:00
[2026-01-18T23:42:35.709+0000] {processor.py:183} INFO - Processing /opt/airflow/dags/reddit_can_complete_pipeline.py took 0.596 seconds
[2026-01-18T23:43:05.973+0000] {processor.py:161} INFO - Started process (PID=290) to work on /opt/airflow/dags/reddit_can_complete_pipeline.py
[2026-01-18T23:43:05.988+0000] {processor.py:830} INFO - Processing file /opt/airflow/dags/reddit_can_complete_pipeline.py for tasks to queue
[2026-01-18T23:43:05.998+0000] {logging_mixin.py:188} INFO - [2026-01-18T23:43:05.991+0000] {dagbag.py:538} INFO - Filling up the DagBag from /opt/airflow/dags/reddit_can_complete_pipeline.py
[2026-01-18T23:43:06.499+0000] {processor.py:840} INFO - DAG(s) 'reddit_can_complete_pipeline_v2' retrieved from /opt/airflow/dags/reddit_can_complete_pipeline.py
[2026-01-18T23:43:06.587+0000] {logging_mixin.py:188} INFO - [2026-01-18T23:43:06.586+0000] {dag.py:3036} INFO - Sync 1 DAGs
[2026-01-18T23:43:06.653+0000] {logging_mixin.py:188} INFO - [2026-01-18T23:43:06.653+0000] {dag.py:3823} INFO - Setting next_dagrun for reddit_can_complete_pipeline_v2 to 2026-01-18 18:00:00+00:00, run_after=2026-01-19 00:00:00+00:00
[2026-01-18T23:43:06.720+0000] {processor.py:183} INFO - Processing /opt/airflow/dags/reddit_can_complete_pipeline.py took 0.772 seconds
[2026-01-18T23:43:37.239+0000] {processor.py:161} INFO - Started process (PID=301) to work on /opt/airflow/dags/reddit_can_complete_pipeline.py
[2026-01-18T23:43:37.242+0000] {processor.py:830} INFO - Processing file /opt/airflow/dags/reddit_can_complete_pipeline.py for tasks to queue
[2026-01-18T23:43:37.245+0000] {logging_mixin.py:188} INFO - [2026-01-18T23:43:37.245+0000] {dagbag.py:538} INFO - Filling up the DagBag from /opt/airflow/dags/reddit_can_complete_pipeline.py
[2026-01-18T23:43:37.457+0000] {processor.py:840} INFO - DAG(s) 'reddit_can_complete_pipeline_v2' retrieved from /opt/airflow/dags/reddit_can_complete_pipeline.py
[2026-01-18T23:43:37.522+0000] {logging_mixin.py:188} INFO - [2026-01-18T23:43:37.521+0000] {dag.py:3036} INFO - Sync 1 DAGs
[2026-01-18T23:43:37.569+0000] {logging_mixin.py:188} INFO - [2026-01-18T23:43:37.568+0000] {dag.py:3823} INFO - Setting next_dagrun for reddit_can_complete_pipeline_v2 to 2026-01-18 18:00:00+00:00, run_after=2026-01-19 00:00:00+00:00
[2026-01-18T23:43:37.632+0000] {processor.py:183} INFO - Processing /opt/airflow/dags/reddit_can_complete_pipeline.py took 0.401 seconds
[2026-01-18T23:44:07.917+0000] {processor.py:161} INFO - Started process (PID=312) to work on /opt/airflow/dags/reddit_can_complete_pipeline.py
[2026-01-18T23:44:07.921+0000] {processor.py:830} INFO - Processing file /opt/airflow/dags/reddit_can_complete_pipeline.py for tasks to queue
[2026-01-18T23:44:07.925+0000] {logging_mixin.py:188} INFO - [2026-01-18T23:44:07.924+0000] {dagbag.py:538} INFO - Filling up the DagBag from /opt/airflow/dags/reddit_can_complete_pipeline.py
[2026-01-18T23:44:08.294+0000] {processor.py:840} INFO - DAG(s) 'reddit_can_complete_pipeline_v2' retrieved from /opt/airflow/dags/reddit_can_complete_pipeline.py
[2026-01-18T23:44:08.371+0000] {logging_mixin.py:188} INFO - [2026-01-18T23:44:08.370+0000] {dag.py:3036} INFO - Sync 1 DAGs
[2026-01-18T23:44:08.428+0000] {logging_mixin.py:188} INFO - [2026-01-18T23:44:08.428+0000] {dag.py:3823} INFO - Setting next_dagrun for reddit_can_complete_pipeline_v2 to 2026-01-18 18:00:00+00:00, run_after=2026-01-19 00:00:00+00:00
[2026-01-18T23:44:08.474+0000] {processor.py:183} INFO - Processing /opt/airflow/dags/reddit_can_complete_pipeline.py took 0.569 seconds
[2026-01-18T23:44:39.002+0000] {processor.py:161} INFO - Started process (PID=323) to work on /opt/airflow/dags/reddit_can_complete_pipeline.py
[2026-01-18T23:44:39.006+0000] {processor.py:830} INFO - Processing file /opt/airflow/dags/reddit_can_complete_pipeline.py for tasks to queue
[2026-01-18T23:44:39.012+0000] {logging_mixin.py:188} INFO - [2026-01-18T23:44:39.009+0000] {dagbag.py:538} INFO - Filling up the DagBag from /opt/airflow/dags/reddit_can_complete_pipeline.py
[2026-01-18T23:44:39.368+0000] {processor.py:840} INFO - DAG(s) 'reddit_can_complete_pipeline_v2' retrieved from /opt/airflow/dags/reddit_can_complete_pipeline.py
[2026-01-18T23:44:39.469+0000] {logging_mixin.py:188} INFO - [2026-01-18T23:44:39.468+0000] {dag.py:3036} INFO - Sync 1 DAGs
[2026-01-18T23:44:39.543+0000] {logging_mixin.py:188} INFO - [2026-01-18T23:44:39.543+0000] {dag.py:3823} INFO - Setting next_dagrun for reddit_can_complete_pipeline_v2 to 2026-01-18 18:00:00+00:00, run_after=2026-01-19 00:00:00+00:00
[2026-01-18T23:44:39.621+0000] {processor.py:183} INFO - Processing /opt/airflow/dags/reddit_can_complete_pipeline.py took 0.634 seconds
[2026-01-18T23:45:10.125+0000] {processor.py:161} INFO - Started process (PID=334) to work on /opt/airflow/dags/reddit_can_complete_pipeline.py
[2026-01-18T23:45:10.128+0000] {processor.py:830} INFO - Processing file /opt/airflow/dags/reddit_can_complete_pipeline.py for tasks to queue
[2026-01-18T23:45:10.131+0000] {logging_mixin.py:188} INFO - [2026-01-18T23:45:10.130+0000] {dagbag.py:538} INFO - Filling up the DagBag from /opt/airflow/dags/reddit_can_complete_pipeline.py
[2026-01-18T23:45:10.363+0000] {processor.py:840} INFO - DAG(s) 'reddit_can_complete_pipeline_v2' retrieved from /opt/airflow/dags/reddit_can_complete_pipeline.py
[2026-01-18T23:45:10.433+0000] {logging_mixin.py:188} INFO - [2026-01-18T23:45:10.432+0000] {dag.py:3036} INFO - Sync 1 DAGs
[2026-01-18T23:45:10.483+0000] {logging_mixin.py:188} INFO - [2026-01-18T23:45:10.482+0000] {dag.py:3823} INFO - Setting next_dagrun for reddit_can_complete_pipeline_v2 to 2026-01-18 18:00:00+00:00, run_after=2026-01-19 00:00:00+00:00
[2026-01-18T23:45:10.531+0000] {processor.py:183} INFO - Processing /opt/airflow/dags/reddit_can_complete_pipeline.py took 0.419 seconds
[2026-01-18T23:45:41.051+0000] {processor.py:161} INFO - Started process (PID=345) to work on /opt/airflow/dags/reddit_can_complete_pipeline.py
[2026-01-18T23:45:41.054+0000] {processor.py:830} INFO - Processing file /opt/airflow/dags/reddit_can_complete_pipeline.py for tasks to queue
[2026-01-18T23:45:41.058+0000] {logging_mixin.py:188} INFO - [2026-01-18T23:45:41.056+0000] {dagbag.py:538} INFO - Filling up the DagBag from /opt/airflow/dags/reddit_can_complete_pipeline.py
[2026-01-18T23:45:41.366+0000] {processor.py:840} INFO - DAG(s) 'reddit_can_complete_pipeline_v2' retrieved from /opt/airflow/dags/reddit_can_complete_pipeline.py
[2026-01-18T23:45:41.454+0000] {logging_mixin.py:188} INFO - [2026-01-18T23:45:41.453+0000] {dag.py:3036} INFO - Sync 1 DAGs
[2026-01-18T23:45:41.580+0000] {logging_mixin.py:188} INFO - [2026-01-18T23:45:41.579+0000] {dag.py:3823} INFO - Setting next_dagrun for reddit_can_complete_pipeline_v2 to 2026-01-18 18:00:00+00:00, run_after=2026-01-19 00:00:00+00:00
[2026-01-18T23:45:41.658+0000] {processor.py:183} INFO - Processing /opt/airflow/dags/reddit_can_complete_pipeline.py took 0.618 seconds
[2026-01-18T23:46:12.071+0000] {processor.py:161} INFO - Started process (PID=356) to work on /opt/airflow/dags/reddit_can_complete_pipeline.py
[2026-01-18T23:46:12.078+0000] {processor.py:830} INFO - Processing file /opt/airflow/dags/reddit_can_complete_pipeline.py for tasks to queue
[2026-01-18T23:46:12.083+0000] {logging_mixin.py:188} INFO - [2026-01-18T23:46:12.081+0000] {dagbag.py:538} INFO - Filling up the DagBag from /opt/airflow/dags/reddit_can_complete_pipeline.py
[2026-01-18T23:46:12.332+0000] {processor.py:840} INFO - DAG(s) 'reddit_can_complete_pipeline_v2' retrieved from /opt/airflow/dags/reddit_can_complete_pipeline.py
[2026-01-18T23:46:12.412+0000] {logging_mixin.py:188} INFO - [2026-01-18T23:46:12.412+0000] {dag.py:3036} INFO - Sync 1 DAGs
[2026-01-18T23:46:12.471+0000] {logging_mixin.py:188} INFO - [2026-01-18T23:46:12.471+0000] {dag.py:3823} INFO - Setting next_dagrun for reddit_can_complete_pipeline_v2 to 2026-01-18 18:00:00+00:00, run_after=2026-01-19 00:00:00+00:00
[2026-01-18T23:46:12.522+0000] {processor.py:183} INFO - Processing /opt/airflow/dags/reddit_can_complete_pipeline.py took 0.461 seconds
[2026-01-18T23:46:43.045+0000] {processor.py:161} INFO - Started process (PID=367) to work on /opt/airflow/dags/reddit_can_complete_pipeline.py
[2026-01-18T23:46:43.049+0000] {processor.py:830} INFO - Processing file /opt/airflow/dags/reddit_can_complete_pipeline.py for tasks to queue
[2026-01-18T23:46:43.053+0000] {logging_mixin.py:188} INFO - [2026-01-18T23:46:43.052+0000] {dagbag.py:538} INFO - Filling up the DagBag from /opt/airflow/dags/reddit_can_complete_pipeline.py
[2026-01-18T23:46:43.297+0000] {processor.py:840} INFO - DAG(s) 'reddit_can_complete_pipeline_v2' retrieved from /opt/airflow/dags/reddit_can_complete_pipeline.py
[2026-01-18T23:46:43.371+0000] {logging_mixin.py:188} INFO - [2026-01-18T23:46:43.370+0000] {dag.py:3036} INFO - Sync 1 DAGs
[2026-01-18T23:46:43.426+0000] {logging_mixin.py:188} INFO - [2026-01-18T23:46:43.426+0000] {dag.py:3823} INFO - Setting next_dagrun for reddit_can_complete_pipeline_v2 to 2026-01-18 18:00:00+00:00, run_after=2026-01-19 00:00:00+00:00
[2026-01-18T23:46:43.479+0000] {processor.py:183} INFO - Processing /opt/airflow/dags/reddit_can_complete_pipeline.py took 0.442 seconds
[2026-01-18T23:47:14.090+0000] {processor.py:161} INFO - Started process (PID=378) to work on /opt/airflow/dags/reddit_can_complete_pipeline.py
[2026-01-18T23:47:14.104+0000] {processor.py:830} INFO - Processing file /opt/airflow/dags/reddit_can_complete_pipeline.py for tasks to queue
[2026-01-18T23:47:14.108+0000] {logging_mixin.py:188} INFO - [2026-01-18T23:47:14.107+0000] {dagbag.py:538} INFO - Filling up the DagBag from /opt/airflow/dags/reddit_can_complete_pipeline.py
[2026-01-18T23:47:14.503+0000] {processor.py:840} INFO - DAG(s) 'reddit_can_complete_pipeline_v2' retrieved from /opt/airflow/dags/reddit_can_complete_pipeline.py
[2026-01-18T23:47:14.639+0000] {logging_mixin.py:188} INFO - [2026-01-18T23:47:14.638+0000] {dag.py:3036} INFO - Sync 1 DAGs
[2026-01-18T23:47:14.729+0000] {logging_mixin.py:188} INFO - [2026-01-18T23:47:14.727+0000] {dag.py:3823} INFO - Setting next_dagrun for reddit_can_complete_pipeline_v2 to 2026-01-18 18:00:00+00:00, run_after=2026-01-19 00:00:00+00:00
[2026-01-18T23:47:14.812+0000] {processor.py:183} INFO - Processing /opt/airflow/dags/reddit_can_complete_pipeline.py took 0.748 seconds
[2026-01-18T23:47:45.307+0000] {processor.py:161} INFO - Started process (PID=389) to work on /opt/airflow/dags/reddit_can_complete_pipeline.py
[2026-01-18T23:47:45.311+0000] {processor.py:830} INFO - Processing file /opt/airflow/dags/reddit_can_complete_pipeline.py for tasks to queue
[2026-01-18T23:47:45.315+0000] {logging_mixin.py:188} INFO - [2026-01-18T23:47:45.314+0000] {dagbag.py:538} INFO - Filling up the DagBag from /opt/airflow/dags/reddit_can_complete_pipeline.py
[2026-01-18T23:47:45.525+0000] {processor.py:840} INFO - DAG(s) 'reddit_can_complete_pipeline_v2' retrieved from /opt/airflow/dags/reddit_can_complete_pipeline.py
[2026-01-18T23:47:45.600+0000] {logging_mixin.py:188} INFO - [2026-01-18T23:47:45.600+0000] {dag.py:3036} INFO - Sync 1 DAGs
[2026-01-18T23:47:45.652+0000] {logging_mixin.py:188} INFO - [2026-01-18T23:47:45.652+0000] {dag.py:3823} INFO - Setting next_dagrun for reddit_can_complete_pipeline_v2 to 2026-01-18 18:00:00+00:00, run_after=2026-01-19 00:00:00+00:00
[2026-01-18T23:47:45.707+0000] {processor.py:183} INFO - Processing /opt/airflow/dags/reddit_can_complete_pipeline.py took 0.408 seconds
[2026-01-18T23:48:16.208+0000] {processor.py:161} INFO - Started process (PID=401) to work on /opt/airflow/dags/reddit_can_complete_pipeline.py
[2026-01-18T23:48:16.211+0000] {processor.py:830} INFO - Processing file /opt/airflow/dags/reddit_can_complete_pipeline.py for tasks to queue
[2026-01-18T23:48:16.214+0000] {logging_mixin.py:188} INFO - [2026-01-18T23:48:16.213+0000] {dagbag.py:538} INFO - Filling up the DagBag from /opt/airflow/dags/reddit_can_complete_pipeline.py
[2026-01-18T23:48:16.444+0000] {processor.py:840} INFO - DAG(s) 'reddit_can_complete_pipeline_v2' retrieved from /opt/airflow/dags/reddit_can_complete_pipeline.py
[2026-01-18T23:48:16.522+0000] {logging_mixin.py:188} INFO - [2026-01-18T23:48:16.521+0000] {dag.py:3036} INFO - Sync 1 DAGs
[2026-01-18T23:48:16.584+0000] {logging_mixin.py:188} INFO - [2026-01-18T23:48:16.583+0000] {dag.py:3823} INFO - Setting next_dagrun for reddit_can_complete_pipeline_v2 to 2026-01-18 18:00:00+00:00, run_after=2026-01-19 00:00:00+00:00
[2026-01-18T23:48:16.636+0000] {processor.py:183} INFO - Processing /opt/airflow/dags/reddit_can_complete_pipeline.py took 0.436 seconds
[2026-01-18T23:48:47.201+0000] {processor.py:161} INFO - Started process (PID=412) to work on /opt/airflow/dags/reddit_can_complete_pipeline.py
[2026-01-18T23:48:47.205+0000] {processor.py:830} INFO - Processing file /opt/airflow/dags/reddit_can_complete_pipeline.py for tasks to queue
[2026-01-18T23:48:47.208+0000] {logging_mixin.py:188} INFO - [2026-01-18T23:48:47.207+0000] {dagbag.py:538} INFO - Filling up the DagBag from /opt/airflow/dags/reddit_can_complete_pipeline.py
[2026-01-18T23:48:47.473+0000] {processor.py:840} INFO - DAG(s) 'reddit_can_complete_pipeline_v2' retrieved from /opt/airflow/dags/reddit_can_complete_pipeline.py
[2026-01-18T23:48:47.557+0000] {logging_mixin.py:188} INFO - [2026-01-18T23:48:47.556+0000] {dag.py:3036} INFO - Sync 1 DAGs
[2026-01-18T23:48:47.624+0000] {logging_mixin.py:188} INFO - [2026-01-18T23:48:47.624+0000] {dag.py:3823} INFO - Setting next_dagrun for reddit_can_complete_pipeline_v2 to 2026-01-18 18:00:00+00:00, run_after=2026-01-19 00:00:00+00:00
[2026-01-18T23:48:47.681+0000] {processor.py:183} INFO - Processing /opt/airflow/dags/reddit_can_complete_pipeline.py took 0.489 seconds
[2026-01-18T23:49:18.174+0000] {processor.py:161} INFO - Started process (PID=424) to work on /opt/airflow/dags/reddit_can_complete_pipeline.py
[2026-01-18T23:49:18.178+0000] {processor.py:830} INFO - Processing file /opt/airflow/dags/reddit_can_complete_pipeline.py for tasks to queue
[2026-01-18T23:49:18.184+0000] {logging_mixin.py:188} INFO - [2026-01-18T23:49:18.182+0000] {dagbag.py:538} INFO - Filling up the DagBag from /opt/airflow/dags/reddit_can_complete_pipeline.py
[2026-01-18T23:49:18.502+0000] {processor.py:840} INFO - DAG(s) 'reddit_can_complete_pipeline_v2' retrieved from /opt/airflow/dags/reddit_can_complete_pipeline.py
[2026-01-18T23:49:18.593+0000] {logging_mixin.py:188} INFO - [2026-01-18T23:49:18.593+0000] {dag.py:3036} INFO - Sync 1 DAGs
[2026-01-18T23:49:18.677+0000] {logging_mixin.py:188} INFO - [2026-01-18T23:49:18.677+0000] {dag.py:3823} INFO - Setting next_dagrun for reddit_can_complete_pipeline_v2 to 2026-01-18 18:00:00+00:00, run_after=2026-01-19 00:00:00+00:00
[2026-01-18T23:49:18.743+0000] {processor.py:183} INFO - Processing /opt/airflow/dags/reddit_can_complete_pipeline.py took 0.585 seconds
[2026-01-18T23:49:49.426+0000] {processor.py:161} INFO - Started process (PID=435) to work on /opt/airflow/dags/reddit_can_complete_pipeline.py
[2026-01-18T23:49:49.430+0000] {processor.py:830} INFO - Processing file /opt/airflow/dags/reddit_can_complete_pipeline.py for tasks to queue
[2026-01-18T23:49:49.436+0000] {logging_mixin.py:188} INFO - [2026-01-18T23:49:49.434+0000] {dagbag.py:538} INFO - Filling up the DagBag from /opt/airflow/dags/reddit_can_complete_pipeline.py
[2026-01-18T23:49:49.799+0000] {processor.py:840} INFO - DAG(s) 'reddit_can_complete_pipeline_v2' retrieved from /opt/airflow/dags/reddit_can_complete_pipeline.py
[2026-01-18T23:49:49.933+0000] {logging_mixin.py:188} INFO - [2026-01-18T23:49:49.932+0000] {dag.py:3036} INFO - Sync 1 DAGs
[2026-01-18T23:49:50.005+0000] {logging_mixin.py:188} INFO - [2026-01-18T23:49:50.004+0000] {dag.py:3823} INFO - Setting next_dagrun for reddit_can_complete_pipeline_v2 to 2026-01-18 18:00:00+00:00, run_after=2026-01-19 00:00:00+00:00
[2026-01-18T23:49:50.069+0000] {processor.py:183} INFO - Processing /opt/airflow/dags/reddit_can_complete_pipeline.py took 0.663 seconds
[2026-01-18T23:50:20.343+0000] {processor.py:161} INFO - Started process (PID=446) to work on /opt/airflow/dags/reddit_can_complete_pipeline.py
[2026-01-18T23:50:20.347+0000] {processor.py:830} INFO - Processing file /opt/airflow/dags/reddit_can_complete_pipeline.py for tasks to queue
[2026-01-18T23:50:20.350+0000] {logging_mixin.py:188} INFO - [2026-01-18T23:50:20.349+0000] {dagbag.py:538} INFO - Filling up the DagBag from /opt/airflow/dags/reddit_can_complete_pipeline.py
[2026-01-18T23:50:20.554+0000] {processor.py:840} INFO - DAG(s) 'reddit_can_complete_pipeline_v2' retrieved from /opt/airflow/dags/reddit_can_complete_pipeline.py
[2026-01-18T23:50:20.615+0000] {logging_mixin.py:188} INFO - [2026-01-18T23:50:20.615+0000] {dag.py:3036} INFO - Sync 1 DAGs
[2026-01-18T23:50:20.656+0000] {logging_mixin.py:188} INFO - [2026-01-18T23:50:20.656+0000] {dag.py:3823} INFO - Setting next_dagrun for reddit_can_complete_pipeline_v2 to 2026-01-18 18:00:00+00:00, run_after=2026-01-19 00:00:00+00:00
[2026-01-18T23:50:20.717+0000] {processor.py:183} INFO - Processing /opt/airflow/dags/reddit_can_complete_pipeline.py took 0.382 seconds
[2026-01-18T23:50:51.025+0000] {processor.py:161} INFO - Started process (PID=457) to work on /opt/airflow/dags/reddit_can_complete_pipeline.py
[2026-01-18T23:50:51.028+0000] {processor.py:830} INFO - Processing file /opt/airflow/dags/reddit_can_complete_pipeline.py for tasks to queue
[2026-01-18T23:50:51.032+0000] {logging_mixin.py:188} INFO - [2026-01-18T23:50:51.031+0000] {dagbag.py:538} INFO - Filling up the DagBag from /opt/airflow/dags/reddit_can_complete_pipeline.py
[2026-01-18T23:50:51.301+0000] {processor.py:840} INFO - DAG(s) 'reddit_can_complete_pipeline_v2' retrieved from /opt/airflow/dags/reddit_can_complete_pipeline.py
[2026-01-18T23:50:51.372+0000] {logging_mixin.py:188} INFO - [2026-01-18T23:50:51.370+0000] {dag.py:3036} INFO - Sync 1 DAGs
[2026-01-18T23:50:51.421+0000] {logging_mixin.py:188} INFO - [2026-01-18T23:50:51.420+0000] {dag.py:3823} INFO - Setting next_dagrun for reddit_can_complete_pipeline_v2 to 2026-01-18 18:00:00+00:00, run_after=2026-01-19 00:00:00+00:00
[2026-01-18T23:50:51.473+0000] {processor.py:183} INFO - Processing /opt/airflow/dags/reddit_can_complete_pipeline.py took 0.456 seconds
[2026-01-18T23:51:21.844+0000] {processor.py:161} INFO - Started process (PID=467) to work on /opt/airflow/dags/reddit_can_complete_pipeline.py
[2026-01-18T23:51:21.847+0000] {processor.py:830} INFO - Processing file /opt/airflow/dags/reddit_can_complete_pipeline.py for tasks to queue
[2026-01-18T23:51:21.850+0000] {logging_mixin.py:188} INFO - [2026-01-18T23:51:21.850+0000] {dagbag.py:538} INFO - Filling up the DagBag from /opt/airflow/dags/reddit_can_complete_pipeline.py
[2026-01-18T23:51:22.025+0000] {processor.py:840} INFO - DAG(s) 'reddit_can_complete_pipeline_v2' retrieved from /opt/airflow/dags/reddit_can_complete_pipeline.py
[2026-01-18T23:51:22.070+0000] {logging_mixin.py:188} INFO - [2026-01-18T23:51:22.070+0000] {dag.py:3036} INFO - Sync 1 DAGs
[2026-01-18T23:51:22.129+0000] {logging_mixin.py:188} INFO - [2026-01-18T23:51:22.128+0000] {dag.py:3823} INFO - Setting next_dagrun for reddit_can_complete_pipeline_v2 to 2026-01-18 18:00:00+00:00, run_after=2026-01-19 00:00:00+00:00
[2026-01-18T23:51:22.310+0000] {processor.py:183} INFO - Processing /opt/airflow/dags/reddit_can_complete_pipeline.py took 0.474 seconds
[2026-01-18T23:51:53.041+0000] {processor.py:161} INFO - Started process (PID=478) to work on /opt/airflow/dags/reddit_can_complete_pipeline.py
[2026-01-18T23:51:53.047+0000] {processor.py:830} INFO - Processing file /opt/airflow/dags/reddit_can_complete_pipeline.py for tasks to queue
[2026-01-18T23:51:53.052+0000] {logging_mixin.py:188} INFO - [2026-01-18T23:51:53.050+0000] {dagbag.py:538} INFO - Filling up the DagBag from /opt/airflow/dags/reddit_can_complete_pipeline.py
[2026-01-18T23:51:53.560+0000] {processor.py:840} INFO - DAG(s) 'reddit_can_complete_pipeline_v2' retrieved from /opt/airflow/dags/reddit_can_complete_pipeline.py
[2026-01-18T23:51:53.654+0000] {logging_mixin.py:188} INFO - [2026-01-18T23:51:53.654+0000] {dag.py:3036} INFO - Sync 1 DAGs
[2026-01-18T23:51:53.730+0000] {logging_mixin.py:188} INFO - [2026-01-18T23:51:53.730+0000] {dag.py:3823} INFO - Setting next_dagrun for reddit_can_complete_pipeline_v2 to 2026-01-18 18:00:00+00:00, run_after=2026-01-19 00:00:00+00:00
[2026-01-18T23:51:53.777+0000] {processor.py:183} INFO - Processing /opt/airflow/dags/reddit_can_complete_pipeline.py took 0.750 seconds
[2026-01-18T23:52:24.076+0000] {processor.py:161} INFO - Started process (PID=488) to work on /opt/airflow/dags/reddit_can_complete_pipeline.py
[2026-01-18T23:52:24.133+0000] {processor.py:830} INFO - Processing file /opt/airflow/dags/reddit_can_complete_pipeline.py for tasks to queue
[2026-01-18T23:52:24.144+0000] {logging_mixin.py:188} INFO - [2026-01-18T23:52:24.142+0000] {dagbag.py:538} INFO - Filling up the DagBag from /opt/airflow/dags/reddit_can_complete_pipeline.py
[2026-01-18T23:52:24.975+0000] {processor.py:840} INFO - DAG(s) 'reddit_can_complete_pipeline_v2' retrieved from /opt/airflow/dags/reddit_can_complete_pipeline.py
[2026-01-18T23:52:25.104+0000] {logging_mixin.py:188} INFO - [2026-01-18T23:52:25.104+0000] {dag.py:3036} INFO - Sync 1 DAGs
[2026-01-18T23:52:25.180+0000] {logging_mixin.py:188} INFO - [2026-01-18T23:52:25.179+0000] {dag.py:3823} INFO - Setting next_dagrun for reddit_can_complete_pipeline_v2 to 2026-01-18 18:00:00+00:00, run_after=2026-01-19 00:00:00+00:00
[2026-01-18T23:52:25.248+0000] {processor.py:183} INFO - Processing /opt/airflow/dags/reddit_can_complete_pipeline.py took 1.185 seconds
[2026-01-18T23:52:55.429+0000] {processor.py:161} INFO - Started process (PID=499) to work on /opt/airflow/dags/reddit_can_complete_pipeline.py
[2026-01-18T23:52:55.431+0000] {processor.py:830} INFO - Processing file /opt/airflow/dags/reddit_can_complete_pipeline.py for tasks to queue
[2026-01-18T23:52:55.433+0000] {logging_mixin.py:188} INFO - [2026-01-18T23:52:55.433+0000] {dagbag.py:538} INFO - Filling up the DagBag from /opt/airflow/dags/reddit_can_complete_pipeline.py
[2026-01-18T23:52:55.595+0000] {processor.py:840} INFO - DAG(s) 'reddit_can_complete_pipeline_v2' retrieved from /opt/airflow/dags/reddit_can_complete_pipeline.py
[2026-01-18T23:52:55.646+0000] {logging_mixin.py:188} INFO - [2026-01-18T23:52:55.645+0000] {dag.py:3036} INFO - Sync 1 DAGs
[2026-01-18T23:52:55.692+0000] {logging_mixin.py:188} INFO - [2026-01-18T23:52:55.691+0000] {dag.py:3823} INFO - Setting next_dagrun for reddit_can_complete_pipeline_v2 to 2026-01-18 18:00:00+00:00, run_after=2026-01-19 00:00:00+00:00
[2026-01-18T23:52:55.740+0000] {processor.py:183} INFO - Processing /opt/airflow/dags/reddit_can_complete_pipeline.py took 0.319 seconds
[2026-01-18T23:53:26.113+0000] {processor.py:161} INFO - Started process (PID=510) to work on /opt/airflow/dags/reddit_can_complete_pipeline.py
[2026-01-18T23:53:26.116+0000] {processor.py:830} INFO - Processing file /opt/airflow/dags/reddit_can_complete_pipeline.py for tasks to queue
[2026-01-18T23:53:26.121+0000] {logging_mixin.py:188} INFO - [2026-01-18T23:53:26.120+0000] {dagbag.py:538} INFO - Filling up the DagBag from /opt/airflow/dags/reddit_can_complete_pipeline.py
[2026-01-18T23:53:26.464+0000] {processor.py:840} INFO - DAG(s) 'reddit_can_complete_pipeline_v2' retrieved from /opt/airflow/dags/reddit_can_complete_pipeline.py
[2026-01-18T23:53:26.568+0000] {logging_mixin.py:188} INFO - [2026-01-18T23:53:26.567+0000] {dag.py:3036} INFO - Sync 1 DAGs
[2026-01-18T23:53:26.633+0000] {logging_mixin.py:188} INFO - [2026-01-18T23:53:26.632+0000] {dag.py:3823} INFO - Setting next_dagrun for reddit_can_complete_pipeline_v2 to 2026-01-18 18:00:00+00:00, run_after=2026-01-19 00:00:00+00:00
[2026-01-18T23:53:26.684+0000] {processor.py:183} INFO - Processing /opt/airflow/dags/reddit_can_complete_pipeline.py took 0.579 seconds
[2026-01-18T23:53:57.126+0000] {processor.py:161} INFO - Started process (PID=521) to work on /opt/airflow/dags/reddit_can_complete_pipeline.py
[2026-01-18T23:53:57.129+0000] {processor.py:830} INFO - Processing file /opt/airflow/dags/reddit_can_complete_pipeline.py for tasks to queue
[2026-01-18T23:53:57.132+0000] {logging_mixin.py:188} INFO - [2026-01-18T23:53:57.131+0000] {dagbag.py:538} INFO - Filling up the DagBag from /opt/airflow/dags/reddit_can_complete_pipeline.py
[2026-01-18T23:53:57.305+0000] {processor.py:840} INFO - DAG(s) 'reddit_can_complete_pipeline_v2' retrieved from /opt/airflow/dags/reddit_can_complete_pipeline.py
[2026-01-18T23:53:57.378+0000] {logging_mixin.py:188} INFO - [2026-01-18T23:53:57.378+0000] {dag.py:3036} INFO - Sync 1 DAGs
[2026-01-18T23:53:57.415+0000] {logging_mixin.py:188} INFO - [2026-01-18T23:53:57.415+0000] {dag.py:3823} INFO - Setting next_dagrun for reddit_can_complete_pipeline_v2 to 2026-01-18 18:00:00+00:00, run_after=2026-01-19 00:00:00+00:00
[2026-01-18T23:53:57.460+0000] {processor.py:183} INFO - Processing /opt/airflow/dags/reddit_can_complete_pipeline.py took 0.341 seconds
[2026-01-18T23:54:27.895+0000] {processor.py:161} INFO - Started process (PID=532) to work on /opt/airflow/dags/reddit_can_complete_pipeline.py
[2026-01-18T23:54:27.897+0000] {processor.py:830} INFO - Processing file /opt/airflow/dags/reddit_can_complete_pipeline.py for tasks to queue
[2026-01-18T23:54:27.899+0000] {logging_mixin.py:188} INFO - [2026-01-18T23:54:27.899+0000] {dagbag.py:538} INFO - Filling up the DagBag from /opt/airflow/dags/reddit_can_complete_pipeline.py
[2026-01-18T23:54:28.073+0000] {processor.py:840} INFO - DAG(s) 'reddit_can_complete_pipeline_v2' retrieved from /opt/airflow/dags/reddit_can_complete_pipeline.py
[2026-01-18T23:54:28.116+0000] {logging_mixin.py:188} INFO - [2026-01-18T23:54:28.116+0000] {dag.py:3036} INFO - Sync 1 DAGs
[2026-01-18T23:54:28.151+0000] {logging_mixin.py:188} INFO - [2026-01-18T23:54:28.151+0000] {dag.py:3823} INFO - Setting next_dagrun for reddit_can_complete_pipeline_v2 to 2026-01-18 18:00:00+00:00, run_after=2026-01-19 00:00:00+00:00
[2026-01-18T23:54:28.186+0000] {processor.py:183} INFO - Processing /opt/airflow/dags/reddit_can_complete_pipeline.py took 0.297 seconds
[2026-01-18T23:54:58.429+0000] {processor.py:161} INFO - Started process (PID=543) to work on /opt/airflow/dags/reddit_can_complete_pipeline.py
[2026-01-18T23:54:58.432+0000] {processor.py:830} INFO - Processing file /opt/airflow/dags/reddit_can_complete_pipeline.py for tasks to queue
[2026-01-18T23:54:58.436+0000] {logging_mixin.py:188} INFO - [2026-01-18T23:54:58.435+0000] {dagbag.py:538} INFO - Filling up the DagBag from /opt/airflow/dags/reddit_can_complete_pipeline.py
[2026-01-18T23:54:58.600+0000] {processor.py:840} INFO - DAG(s) 'reddit_can_complete_pipeline_v2' retrieved from /opt/airflow/dags/reddit_can_complete_pipeline.py
[2026-01-18T23:54:58.646+0000] {logging_mixin.py:188} INFO - [2026-01-18T23:54:58.646+0000] {dag.py:3036} INFO - Sync 1 DAGs
[2026-01-18T23:54:58.681+0000] {logging_mixin.py:188} INFO - [2026-01-18T23:54:58.681+0000] {dag.py:3823} INFO - Setting next_dagrun for reddit_can_complete_pipeline_v2 to 2026-01-18 18:00:00+00:00, run_after=2026-01-19 00:00:00+00:00
[2026-01-18T23:54:58.723+0000] {processor.py:183} INFO - Processing /opt/airflow/dags/reddit_can_complete_pipeline.py took 0.302 seconds
[2026-01-18T23:55:29.039+0000] {processor.py:161} INFO - Started process (PID=556) to work on /opt/airflow/dags/reddit_can_complete_pipeline.py
[2026-01-18T23:55:29.042+0000] {processor.py:830} INFO - Processing file /opt/airflow/dags/reddit_can_complete_pipeline.py for tasks to queue
[2026-01-18T23:55:29.045+0000] {logging_mixin.py:188} INFO - [2026-01-18T23:55:29.044+0000] {dagbag.py:538} INFO - Filling up the DagBag from /opt/airflow/dags/reddit_can_complete_pipeline.py
[2026-01-18T23:55:29.230+0000] {processor.py:840} INFO - DAG(s) 'reddit_can_complete_pipeline_v2' retrieved from /opt/airflow/dags/reddit_can_complete_pipeline.py
[2026-01-18T23:55:29.310+0000] {logging_mixin.py:188} INFO - [2026-01-18T23:55:29.309+0000] {dag.py:3036} INFO - Sync 1 DAGs
[2026-01-18T23:55:29.393+0000] {logging_mixin.py:188} INFO - [2026-01-18T23:55:29.392+0000] {dag.py:3823} INFO - Setting next_dagrun for reddit_can_complete_pipeline_v2 to 2026-01-18 18:00:00+00:00, run_after=2026-01-19 00:00:00+00:00
[2026-01-18T23:55:29.447+0000] {processor.py:183} INFO - Processing /opt/airflow/dags/reddit_can_complete_pipeline.py took 0.416 seconds
