[2026-01-05T00:00:16.243+0000] {taskinstance.py:1956} INFO - Dependencies all met for dep_context=non-requeueable deps ti=<TaskInstance: reddit_can_complete_pipeline.scraping_reddit_to_kafka scheduled__2026-01-04T18:00:00+00:00 [queued]>
[2026-01-05T00:00:16.287+0000] {taskinstance.py:1956} INFO - Dependencies all met for dep_context=requeueable deps ti=<TaskInstance: reddit_can_complete_pipeline.scraping_reddit_to_kafka scheduled__2026-01-04T18:00:00+00:00 [queued]>
[2026-01-05T00:00:16.290+0000] {taskinstance.py:2170} INFO - Starting attempt 1 of 3
[2026-01-05T00:00:16.339+0000] {taskinstance.py:2191} INFO - Executing <Task(DockerOperator): scraping_reddit_to_kafka> on 2026-01-04 18:00:00+00:00
[2026-01-05T00:00:16.380+0000] {standard_task_runner.py:60} INFO - Started process 6852 to run task
[2026-01-05T00:00:16.474+0000] {standard_task_runner.py:87} INFO - Running: ['***', 'tasks', 'run', 'reddit_can_complete_pipeline', 'scraping_reddit_to_kafka', 'scheduled__2026-01-04T18:00:00+00:00', '--job-id', '42', '--raw', '--subdir', 'DAGS_FOLDER/reddit_can_complete_pipeline.py', '--cfg-path', '/tmp/tmp80a8a2ez']
[2026-01-05T00:00:16.548+0000] {standard_task_runner.py:88} INFO - Job 42: Subtask scraping_reddit_to_kafka
[2026-01-05T00:00:16.825+0000] {task_command.py:423} INFO - Running <TaskInstance: reddit_can_complete_pipeline.scraping_reddit_to_kafka scheduled__2026-01-04T18:00:00+00:00 [running]> on host ea2e4c1a0da0
[2026-01-05T00:00:17.117+0000] {taskinstance.py:2480} INFO - Exporting env vars: AIRFLOW_CTX_DAG_OWNER='bigdata_team' AIRFLOW_CTX_DAG_ID='reddit_can_complete_pipeline' AIRFLOW_CTX_TASK_ID='scraping_reddit_to_kafka' AIRFLOW_CTX_EXECUTION_DATE='2026-01-04T18:00:00+00:00' AIRFLOW_CTX_TRY_NUMBER='1' AIRFLOW_CTX_DAG_RUN_ID='scheduled__2026-01-04T18:00:00+00:00'
[2026-01-05T00:00:17.552+0000] {docker.py:359} INFO - Starting docker container from image projet-bigdata-can-scraper-producer:latest
[2026-01-05T00:00:21.610+0000] {docker.py:429} INFO - 🔌 Connexion à Kafka: kafka:29092
📍 Topic: reddit-can-posts
⏳ Attente de Kafka...
[2026-01-05T00:00:21.947+0000] {docker.py:429} INFO - ✅ Kafka est prêt!
[2026-01-05T00:00:22.062+0000] {docker.py:429} INFO - ✅ Connecté à Kafka!
======================================================================
🎯 REDDIT KAFKA PRODUCER - MODE INTENSIF
======================================================================
📍 Topic Kafka: reddit-can-posts
⏱️  Intervalle: 600s
🔍 Mots-clés: 52
📍 Subreddits: 18
======================================================================


🔄 CYCLE #1

======================================================================
🚀 COLLECTE INTENSIVE - 2026-01-05 00:00:22
======================================================================

📍 PHASE 1: Recherche ciblée par mots-clés
----------------------------------------------------------------------
🔎 Recherche: 'AFCON 2025' (global)...
[2026-01-05T00:00:23.387+0000] {docker.py:429} INFO - ✅ Post envoyé: AFCON 2025 in Morocco will be the first edition wh... (score: 823)
[2026-01-05T00:00:23.493+0000] {docker.py:429} INFO - ✅ Post envoyé: Birthplaces of all AFCON 2025 players on the map... (score: 340)
[2026-01-05T00:00:23.605+0000] {docker.py:429} INFO - ✅ Post envoyé: Meet Assad, the official mascot for AFCON 2025... (score: 145)
[2026-01-05T00:00:23.708+0000] {docker.py:429} INFO - ✅ Post envoyé: Clubs with the most players in AFCON 2025... (score: 38)
[2026-01-05T00:00:23.817+0000] {docker.py:429} INFO - ✅ Post envoyé: AFCON 2025: Faced with empty seats during Egypt-Zi... (score: 236)
[2026-01-05T00:00:23.922+0000] {docker.py:429} INFO - ✅ Post envoyé: Opta Supercomputer predicts AFCON 2025  Morocco fa... (score: 84)
[2026-01-05T00:00:24.028+0000] {docker.py:429} INFO - ✅ Post envoyé: Zambia coach Moses Sichone on Morocco as the Host ... (score: 6570)
[2026-01-05T00:00:24.131+0000] {docker.py:429} INFO - ✅ Post envoyé: "Show Dem" Nike commercial for AFCON 2025, featuri... (score: 3324)
[2026-01-05T00:00:24.236+0000] {docker.py:429} INFO - ✅ Post envoyé: The 29-year-old Abdou Abdel Mefire is the youngest... (score: 2343)
[2026-01-05T00:00:24.341+0000] {docker.py:429} INFO - ✅ Post envoyé: The Côte d'Ivoire national football team arriving ... (score: 1636)
[2026-01-05T00:00:24.446+0000] {docker.py:429} INFO - ✅ Post envoyé: Amad and the rest of the Côte d'Ivoire squad arriv... (score: 1418)
[2026-01-05T00:00:24.551+0000] {docker.py:429} INFO - ✅ Post envoyé: Kylian Mbappe at the Morocco vs Mali game at Afcon... (score: 1226)
[2026-01-05T00:00:24.655+0000] {docker.py:429} INFO - ✅ Post envoyé: AFCON 2025 Megathread... (score: 28)
[2026-01-05T00:00:24.760+0000] {docker.py:429} INFO - ✅ Post envoyé: 2025 AFCON Knockout Bracket... (score: 327)
[2026-01-05T00:00:24.866+0000] {docker.py:429} INFO - ✅ Post envoyé: Côte d'Ivoire, arrived in style in Morocco for the... (score: 823)
[2026-01-05T00:00:24.971+0000] {docker.py:429} INFO - ✅ Post envoyé: [CAF] Official AFCON 2025 Team of the group stage... (score: 319)
[2026-01-05T00:00:25.077+0000] {docker.py:429} INFO - ✅ Post envoyé: [CAF] Official AFCON 2025 Team of the group stage... (score: 313)
[2026-01-05T00:00:25.181+0000] {docker.py:429} INFO - ✅ Post envoyé: Brahim Diaz opens the scoring for Morocco against ... (score: 567)
[2026-01-05T00:00:25.286+0000] {docker.py:429} INFO - ✅ Post envoyé: Noussair Mazraoui assist vs Comoros (AFCON 2025 Gr... (score: 340)
[2026-01-05T00:00:25.393+0000] {docker.py:429} INFO - ✅ Post envoyé: AFCON 2025 (so far): penalties missed — 2/2, bicyc... (score: 390)
[2026-01-05T00:00:25.499+0000] {docker.py:429} INFO - ✅ Post envoyé: What if every dual nationality player could repres... (score: 35)
[2026-01-05T00:00:25.609+0000] {docker.py:429} INFO - ✅ Post envoyé: Question for Algerians attending the 2025 AFCON in... (score: 57)
[2026-01-05T00:00:25.716+0000] {docker.py:429} INFO - ✅ Post envoyé: BeIN Sports France's predictions for the 2025 AFCO... (score: 31)
[2026-01-05T00:00:25.821+0000] {docker.py:429} INFO - ✅ Post envoyé: Match Thread: Algeria vs Equatorial Guinea - AFCON... (score: 3)
[2026-01-05T00:00:25.945+0000] {docker.py:429} INFO - ✅ Post envoyé: [BBC] 'I can kill you right now' - Sudan's footbal... (score: 3021)
[2026-01-05T00:00:26.051+0000] {docker.py:429} INFO - ✅ Post envoyé: Match Thread: Algeria vs Sudan - AFCON 2025... (score: 4)
[2026-01-05T00:00:26.158+0000] {docker.py:429} INFO - ✅ Post envoyé: Match Thread: Algeria vs Burkina Faso - AFCON 2025... (score: 3)
[2026-01-05T00:00:26.266+0000] {docker.py:429} INFO - ✅ Post envoyé: CAF fines Egypt 5000 dollars after AFCON 2025 open... (score: 100)
[2026-01-05T00:00:26.382+0000] {docker.py:429} INFO - ✅ Post envoyé: Two weeks until AFCON 2025... (score: 118)
[2026-01-05T00:00:26.489+0000] {docker.py:429} INFO - ✅ Post envoyé: EFL Championship Players Called Up For Africa Cup ... (score: 33)
[2026-01-05T00:00:26.596+0000] {docker.py:429} INFO - ✅ Post envoyé: Mali will face Tunisia in the round of 16 of AFCON... (score: 22)
[2026-01-05T00:00:26.699+0000] {docker.py:429} INFO - ✅ Post envoyé: The 2025 AFCON Squad... (score: 3)
[2026-01-05T00:00:26.804+0000] {docker.py:429} INFO - ✅ Post envoyé: Crown Prince Moulay Hassan Greets Players and Kick... (score: 57)
[2026-01-05T00:00:26.910+0000] {docker.py:429} INFO - ✅ Post envoyé: I made clean stadium &amp; city access diagrams fo... (score: 5)
[2026-01-05T00:00:27.015+0000] {docker.py:429} INFO - ✅ Post envoyé: AFCON 2025 Group Stage best XI by CAF... (score: 44)
[2026-01-05T00:00:27.120+0000] {docker.py:429} INFO - ✅ Post envoyé: Post-Match Thread: Algeria vs Sudan - AFCON 2025... (score: 5)
[2026-01-05T00:00:27.223+0000] {docker.py:429} INFO - ✅ Post envoyé: Post-Match Thread: Algeria vs Burkina Faso - AFCON... (score: 4)
[2026-01-05T00:00:27.332+0000] {docker.py:429} INFO - ✅ Post envoyé: [Official] Senegal squad for 2025 AFCON... (score: 56)
[2026-01-05T00:00:27.436+0000] {docker.py:429} INFO - ✅ Post envoyé: Morocco will face Tanzania in the round of 16 of A... (score: 26)
[2026-01-05T00:00:27.609+0000] {docker.py:429} INFO - ✅ Post envoyé: South Africa will face Cameroon in the round of 16... (score: 46)
[2026-01-05T00:00:27.708+0000] {docker.py:429} INFO - ✅ Post envoyé: Algeria will face DR Congo in the round of 16 of A... (score: 57)
[2026-01-05T00:00:27.804+0000] {docker.py:429} INFO - ✅ Post envoyé: Nigeria will face Mozambique in the round of 16 of... (score: 29)
[2026-01-05T00:00:27.907+0000] {docker.py:429} INFO - ✅ Post envoyé: Match thread - Angola VS Zimbabwe - AFCON 2025... (score: 3)
[2026-01-05T00:00:28.012+0000] {docker.py:429} INFO - ✅ Post envoyé: 🔥 FOR SALE – 2025 AFCON TICKETS FULL ROUND MOROCCA... (score: 0)
[2026-01-05T00:00:28.118+0000] {docker.py:429} INFO - ✅ Post envoyé: Pre-Match Thread: Algeria vs Burkina Faso - AFCON ... (score: 5)
[2026-01-05T00:00:28.238+0000] {docker.py:429} INFO - ✅ Post envoyé: Where to Watch AFCON 2025 Live? Africa Cup of Nati... (score: 7)
[2026-01-05T00:00:28.335+0000] {docker.py:429} INFO - ✅ Post envoyé: The 2025 AFCON Squad... (score: 4)
[2026-01-05T00:00:28.441+0000] {docker.py:429} INFO - ✅ Post envoyé: AFCON 2025: Team guide and ones to watch ahead of ... (score: 32)
[2026-01-05T00:00:28.545+0000] {docker.py:429} INFO - ✅ Post envoyé: AFCON 2025 Matchday 1!... (score: 37)
[2026-01-05T00:00:28.650+0000] {docker.py:429} INFO - ✅ Post envoyé: AFCON 2025 - News Website... (score: 9)
[2026-01-05T00:00:28.753+0000] {docker.py:429} INFO - → 50 posts trouvés
[2026-01-05T00:00:31.755+0000] {docker.py:429} INFO - 🔎 Recherche: 'Africa Cup 2025' (global)...
[2026-01-05T00:00:32.848+0000] {docker.py:429} INFO - ✅ Post envoyé: Morocco's goal in the Africa Cup of Nations 2025 m... (score: 182)
[2026-01-05T00:00:32.950+0000] {docker.py:429} INFO - ✅ Post envoyé: Africa Cup of Nations winners... (score: 99)
[2026-01-05T00:00:33.056+0000] {docker.py:429} INFO - ✅ Post envoyé: Africa Cup of Nations to be held every four years ... (score: 2827)
[2026-01-05T00:00:33.158+0000] {docker.py:429} INFO - ✅ Post envoyé: All 9 confirmed stadiums that will host the Africa... (score: 48)
[2026-01-05T00:00:33.264+0000] {docker.py:429} INFO - ✅ Post envoyé: Brahmin Diaz opens the Score for Morocco at the Af... (score: 767)
[2026-01-05T00:00:33.373+0000] {docker.py:429} INFO - ✅ Post envoyé: FIFAe World Cup 2025 | Event Thread | Day 2 | Dec ... (score: 53)
[2026-01-05T00:00:33.480+0000] {docker.py:429} INFO - ✅ Post envoyé: FIFAe World Cup 2025 | Event Thread | Day 1 | Dec ... (score: 53)
[2026-01-05T00:00:33.588+0000] {docker.py:429} INFO - ✅ Post envoyé: [Pre-Match Thread] Arsenal vs Crystal Palace | 23r... (score: 105)
[2026-01-05T00:00:33.695+0000] {docker.py:429} INFO - ✅ Post envoyé: A year of work mapping U.S. regional food traditio... (score: 2990)
[2026-01-05T00:00:33.799+0000] {docker.py:429} INFO - ✅ Post envoyé: After a year of work (and a publishing deal), here... (score: 2894)
[2026-01-05T00:00:34.104+0000] {docker.py:429} INFO - ✅ Post envoyé: [Sounders FC] Best of luck to Nouhou and Georgi in... (score: 144)
[2026-01-05T00:00:34.209+0000] {docker.py:429} INFO - ✅ Post envoyé: The 2025 Africa Cup of Nations Round of 16... (score: 63)
[2026-01-05T00:00:34.518+0000] {docker.py:429} INFO - ✅ Post envoyé: The 2025 Africa Cup of Nations kicks off... (score: 89)
[2026-01-05T00:00:34.621+0000] {docker.py:429} INFO - ✅ Post envoyé: 17 - South Africa had 17 shots on goal against Egy... (score: 20)
[2026-01-05T00:00:34.727+0000] {docker.py:429} INFO - ✅ Post envoyé: 2025 Africa Cup of Nations broadcasting rights: Ca... (score: 20)
[2026-01-05T00:00:34.832+0000] {docker.py:429} INFO - ✅ Post envoyé: Africa Cup of Nations Group Standings after Matchd... (score: 35)
[2026-01-05T00:00:34.938+0000] {docker.py:429} INFO - ✅ Post envoyé: Team India Reaches Squash World Cup Semis After 3–... (score: 48)
[2026-01-05T00:00:35.043+0000] {docker.py:429} INFO - ✅ Post envoyé: Equatorial Guinea vs Algeria, Africa Cup of Nation... (score: 4)
[2026-01-05T00:00:35.149+0000] {docker.py:429} INFO - ✅ Post envoyé: Africa cup paying out... (score: 39)
[2026-01-05T00:00:35.254+0000] {docker.py:429} INFO - ✅ Post envoyé: South Africa's Bafana Bafana defeat Angola 2-1 at ... (score: 15)
[2026-01-05T00:00:35.357+0000] {docker.py:429} INFO - ✅ Post envoyé: Zimbabwe vs South Africa, Africa Cup of Nations, 2... (score: 3)
[2026-01-05T00:00:35.465+0000] {docker.py:429} INFO - ✅ Post envoyé: Ivory Coast vs Cameroon, Africa Cup of Nations, 28... (score: 3)
[2026-01-05T00:00:35.572+0000] {docker.py:429} INFO - ✅ Post envoyé: REQUEST: Senegal vs Botswana Africa Cup of Nations... (score: 2)
[2026-01-05T00:00:35.685+0000] {docker.py:429} INFO - ✅ Post envoyé: Uganda vs Nigeria, Africa Cup of Nations, 30-Dec-2... (score: 1)
[2026-01-05T00:00:35.784+0000] {docker.py:429} INFO - ✅ Post envoyé: Angola vs Egypt, Africa Cup of Nations, 29-Dec-202... (score: 2)
[2026-01-05T00:00:35.888+0000] {docker.py:429} INFO - ✅ Post envoyé: [ OptaJoe ] Against Tanzania in matchday one , Ale... (score: 6)
[2026-01-05T00:00:35.996+0000] {docker.py:429} INFO - ✅ Post envoyé: Bank Al-Maghrib Issues a 250 Dirham Silver Commemo... (score: 17)
[2026-01-05T00:00:36.103+0000] {docker.py:429} INFO - ✅ Post envoyé: ⚽ [LIVE MATCH THREAD] Evening Action: Watch, Bet &... (score: 2)
[2026-01-05T00:00:36.209+0000] {docker.py:429} INFO - ✅ Post envoyé: REQUEST: Nigeria vs Tanzania, Africa Cup of Nation... (score: 2)
[2026-01-05T00:00:36.315+0000] {docker.py:429} INFO - ✅ Post envoyé: Tanzania vs Tunisia, Africa Cup of Nations, 30-Dec... (score: 2)
[2026-01-05T00:00:36.418+0000] {docker.py:429} INFO - ✅ Post envoyé: NEWS: Earthquakes’ Ousseni Bouda to Represent Burk... (score: 31)
[2026-01-05T00:00:36.525+0000] {docker.py:429} INFO - ✅ Post envoyé: Botswana vs DR Congo, Africa Cup of Nations, 30-De... (score: 1)
[2026-01-05T00:00:36.631+0000] {docker.py:429} INFO - ✅ Post envoyé: Benin vs Senegal, Africa Cup of Nations, 30-Dec-20... (score: 1)
[2026-01-05T00:00:36.737+0000] {docker.py:429} INFO - ✅ Post envoyé: Zambia vs Morocco, Africa Cup of Nations, 29-Dec-2... (score: 2)
[2026-01-05T00:00:36.841+0000] {docker.py:429} INFO - ✅ Post envoyé: Comoros vs Mali, Africa Cup of Nations, 29-Dec-202... (score: 2)
[2026-01-05T00:00:36.946+0000] {docker.py:429} INFO - ✅ Post envoyé: Today’s Matches 30/12/2025 – Africa Cup of Nations... (score: 1)
[2026-01-05T00:00:37.050+0000] {docker.py:429} INFO - ✅ Post envoyé: Oakland Roots SC’s Bobosi Byaruhanga selected by U... (score: 18)
[2026-01-05T00:00:37.157+0000] {docker.py:429} INFO - ✅ Post envoyé: Gabon vs Mozambique, Africa Cup of Nations, 28-Dec... (score: 2)
[2026-01-05T00:00:37.261+0000] {docker.py:429} INFO - ✅ Post envoyé: Equatorial Guinea vs Sudan, Africa Cup of Nations,... (score: 2)
[2026-01-05T00:00:37.371+0000] {docker.py:429} INFO - ✅ Post envoyé: Algeria vs Burkina Faso, Africa Cup of Nations, 28... (score: 2)
[2026-01-05T00:00:37.489+0000] {docker.py:429} INFO - ✅ Post envoyé: Which Premier League Teams Will be Impacted Most b... (score: 6)
[2026-01-05T00:00:37.589+0000] {docker.py:429} INFO - ✅ Post envoyé: Benin vs Botswana, Africa Cup of Nations, 27-Dec-2... (score: 2)
[2026-01-05T00:00:37.706+0000] {docker.py:429} INFO - ✅ Post envoyé: Kampleng Com - South Africa vs Cameroon LIVE⚽ 2025... (score: 1)
[2026-01-05T00:00:37.804+0000] {docker.py:429} INFO - ✅ Post envoyé: South Africa Crowned WBSC Africa U15 Baseball Cham... (score: 19)
[2026-01-05T00:00:37.905+0000] {docker.py:429} INFO - ✅ Post envoyé: Morocco vs. Tanzania (Africa Cup of Nations) | AFC... (score: 1)
[2026-01-05T00:00:38.011+0000] {docker.py:429} INFO - ✅ Post envoyé: African Cup of Nations Predictions | 2025-12-26... (score: 1)
[2026-01-05T00:00:38.112+0000] {docker.py:429} INFO - → 50 posts trouvés
[2026-01-05T00:00:41.110+0000] {docker.py:429} INFO - 🔎 Recherche: 'Morocco AFCON' (global)...
[2026-01-05T00:00:42.502+0000] {docker.py:429} INFO - ✅ Post envoyé: Does anyone here actually watch the AFCON that is ... (score: 58)
[2026-01-05T00:00:42.711+0000] {docker.py:429} INFO - ✅ Post envoyé: South Africa coach Hugo Broos says there is no AFC... (score: 132)
[2026-01-05T00:00:42.811+0000] {docker.py:429} INFO - ✅ Post envoyé: Nicolas Pepe on Morocco’s lack of success in AFCON... (score: 74)
[2026-01-05T00:00:43.026+0000] {docker.py:429} INFO - ✅ Post envoyé: Which country are you supporting in the currently ... (score: 24)
[2026-01-05T00:00:43.127+0000] {docker.py:429} INFO - ✅ Post envoyé: Morocco no longer continental pariah as Afcon show... (score: 0)
[2026-01-05T00:00:43.233+0000] {docker.py:429} INFO - ✅ Post envoyé: Moroccan squad for AFCON... (score: 57)
[2026-01-05T00:00:43.337+0000] {docker.py:429} INFO - ✅ Post envoyé: Mbappé, Tchouaméni and Koundé are in Morocco for A... (score: 4294)
[2026-01-05T00:00:43.644+0000] {docker.py:429} INFO - ✅ Post envoyé: Since 2022, Morocco has won the CHAN 2024 (domesti... (score: 507)
[2026-01-05T00:00:43.748+0000] {docker.py:429} INFO - ✅ Post envoyé: [Rob Dawson] Man United irked with Morocco over Ma... (score: 303)
[2026-01-05T00:00:43.853+0000] {docker.py:429} INFO - ✅ Post envoyé: Zambia player Wilson Chisala: "Morocco is an overr... (score: 269)
[2026-01-05T00:00:44.160+0000] {docker.py:429} INFO - ✅ Post envoyé: [Simon Stone] Man Utd anger at Morocco over releas... (score: 217)
[2026-01-05T00:00:44.265+0000] {docker.py:429} INFO - ✅ Post envoyé: Noussair Mazraoui called up in Morocco squad for A... (score: 252)
[2026-01-05T00:00:44.672+0000] {docker.py:429} INFO - ✅ Post envoyé: Morocco squad list for AFCON... (score: 57)
[2026-01-05T00:00:44.782+0000] {docker.py:429} INFO - ✅ Post envoyé: Morocco will face Algeria in the AFCON semi-finals... (score: 48)
[2026-01-05T00:00:44.885+0000] {docker.py:429} INFO - ✅ Post envoyé: AFCON Megathread: Morocco v. Mali - Dec 26... (score: 6)
[2026-01-05T00:00:45.290+0000] {docker.py:429} INFO - ✅ Post envoyé: AFCON Megathread: Morocco v. Zambia - Dec 29... (score: 5)
[2026-01-05T00:00:45.403+0000] {docker.py:429} INFO - ✅ Post envoyé: When can we stop pretending this entire AFCON isn'... (score: 0)
[2026-01-05T00:00:45.519+0000] {docker.py:429} INFO - ✅ Post envoyé: Morocco AFCON 25 tickets for sale... (score: 1)
[2026-01-05T00:00:45.632+0000] {docker.py:429} INFO - ✅ Post envoyé: Today's MotD: Uganda vs Nigeria (AFCON, Morocco)... (score: 19)
[2026-01-05T00:00:45.742+0000] {docker.py:429} INFO - ✅ Post envoyé: Prince Moulay Abdellah Stadium + Olympic Stadium, ... (score: 67)
[2026-01-05T00:00:45.847+0000] {docker.py:429} INFO - ✅ Post envoyé: Afcon tickets Morocco vs Comores... (score: 1)
[2026-01-05T00:00:45.956+0000] {docker.py:429} INFO - ✅ Post envoyé: For people going to AFCON Morocco here, did you bu... (score: 5)
[2026-01-05T00:00:46.062+0000] {docker.py:429} INFO - ✅ Post envoyé: Morocco will face Cameroon in the AFCON quarter fi... (score: 5)
[2026-01-05T00:00:46.163+0000] {docker.py:429} INFO - ✅ Post envoyé: Looking for Afcon Tickets Morocco... (score: 2)
[2026-01-05T00:00:46.279+0000] {docker.py:429} INFO - ✅ Post envoyé: Senegal, Mali, Morocco Head to Afcon Quarter-Final... (score: 1)
[2026-01-05T00:00:46.376+0000] {docker.py:429} INFO - ✅ Post envoyé: Diaz fires Afcon hosts Morocco into quarter-finals... (score: 1)
[2026-01-05T00:00:46.482+0000] {docker.py:429} INFO - ✅ Post envoyé: [REQUEST] Morocco vs Zambia, AFCON, 29/12/25... (score: 5)
[2026-01-05T00:00:46.583+0000] {docker.py:429} INFO - ✅ Post envoyé: 🇲🇦 AFCON 2025 Stadiums: Morocco... (score: 3)
[2026-01-05T00:00:46.688+0000] {docker.py:429} INFO - ✅ Post envoyé: Afcon hosts Morocco cruise into last 16 as Hakimi ... (score: 1)
[2026-01-05T00:00:46.794+0000] {docker.py:429} INFO - ✅ Post envoyé: Diaz delight as Morocco advance to AFCON quarter-f... (score: 1)
[2026-01-05T00:00:46.898+0000] {docker.py:429} INFO - ✅ Post envoyé: [World] - Cameroon edge South Africa 2-1 to book A... (score: 1)
[2026-01-05T00:00:47.007+0000] {docker.py:429} INFO - ✅ Post envoyé: [World] - Cameroon edge South Africa 2-1 to book A... (score: 1)
[2026-01-05T00:00:47.109+0000] {docker.py:429} INFO - ✅ Post envoyé: [World] - Morocco lose injured playmaker Ounahi fo... (score: 1)
[2026-01-05T00:00:47.214+0000] {docker.py:429} INFO - ✅ Post envoyé: [World] - Morocco lose injured playmaker Ounahi fo... (score: 1)
[2026-01-05T00:00:47.320+0000] {docker.py:429} INFO - ✅ Post envoyé: [Sports] - Brahim Díaz fires winner as Afcon hosts... (score: 1)
[2026-01-05T00:00:47.426+0000] {docker.py:429} INFO - ✅ Post envoyé: [Sports] - Brahim Díaz fires winner as Afcon hosts... (score: 1)
[2026-01-05T00:00:47.545+0000] {docker.py:429} INFO - ✅ Post envoyé: Morocco qualifies for the AFCON 2025 semi-finals!... (score: 1)
[2026-01-05T00:00:47.648+0000] {docker.py:429} INFO - ✅ Post envoyé: [World] - AFCON 2025 - Morocco under pressure to g... (score: 1)
[2026-01-05T00:00:47.750+0000] {docker.py:429} INFO - → 50 posts trouvés
[2026-01-05T00:00:50.747+0000] {docker.py:429} INFO - 🔎 Recherche: 'Senegal AFCON' (global)...
[2026-01-05T00:00:52.184+0000] {docker.py:429} INFO - ✅ Post envoyé: A DR Congo fan stood for 90+ minutes during the AF... (score: 11542)
[2026-01-05T00:00:52.291+0000] {docker.py:429} INFO - ✅ Post envoyé: A DR Congo fan stood for 90+ minutes during the AF... (score: 428)
[2026-01-05T00:00:52.496+0000] {docker.py:429} INFO - ✅ Post envoyé: Who are you supporting for AFCON if not Senegal?... (score: 29)
[2026-01-05T00:00:52.601+0000] {docker.py:429} INFO - ✅ Post envoyé: Jakobs and Senegal advances to QF of AFCON... (score: 19)
[2026-01-05T00:00:52.708+0000] {docker.py:429} INFO - ✅ Post envoyé: Ismail Jakobs assists Nicolas Jackson for Senegal'... (score: 75)
[2026-01-05T00:00:52.946+0000] {docker.py:429} INFO - ✅ Post envoyé: Senegal will face Sudan in the round of 16 of AFCO... (score: 32)
[2026-01-05T00:00:53.058+0000] {docker.py:429} INFO - ✅ Post envoyé: Diouf doesn't make the squad for Senegal at AFCON?... (score: 14)
[2026-01-05T00:00:53.165+0000] {docker.py:429} INFO - ✅ Post envoyé: The first AFCON 2025 quarter final match is decide... (score: 40)
[2026-01-05T00:00:53.268+0000] {docker.py:429} INFO - ✅ Post envoyé: Senegal beat Sudan 3-1 and advance to the AFCON 20... (score: 34)
[2026-01-05T00:00:53.475+0000] {docker.py:429} INFO - ✅ Post envoyé: Sudan's warriors fall fighting as teenage Mbaye se... (score: 2)
[2026-01-05T00:00:53.578+0000] {docker.py:429} INFO - ✅ Post envoyé: Gueye double helps Senegal end Sudan's Afcon run... (score: 1)
[2026-01-05T00:00:53.683+0000] {docker.py:429} INFO - ✅ Post envoyé: Sudan's warriors fall fighting as teenage Mbaye se... (score: 6)
[2026-01-05T00:00:53.787+0000] {docker.py:429} INFO - ✅ Post envoyé: AFCON: Senegalese fan died before Senegal-Sudan (o... (score: 1)
[2026-01-05T00:00:53.892+0000] {docker.py:429} INFO - ✅ Post envoyé: [World] - AFCON 2025: Pape Gueye double helps Sene... (score: 1)
[2026-01-05T00:00:53.997+0000] {docker.py:429} INFO - ✅ Post envoyé: [World] - AFCON 2025: Pape Gueye double helps Sene... (score: 1)
[2026-01-05T00:00:54.104+0000] {docker.py:429} INFO - ✅ Post envoyé: A DR Congo fan stood for 90+ minutes during the AF... (score: 3)
[2026-01-05T00:00:54.207+0000] {docker.py:429} INFO - ✅ Post envoyé: [World] - AFCON 2025 - Senegal come from behind to... (score: 1)
[2026-01-05T00:00:54.312+0000] {docker.py:429} INFO - ✅ Post envoyé: [World] - AFCON 2025 - Senegal come from behind to... (score: 1)
[2026-01-05T00:00:54.417+0000] {docker.py:429} INFO - ✅ Post envoyé: [World] - Senegal beat Sudan to reach AFCON quarte... (score: 1)
[2026-01-05T00:00:54.520+0000] {docker.py:429} INFO - ✅ Post envoyé: [World] - Senegal beat Sudan to reach AFCON quarte... (score: 1)
[2026-01-05T00:00:54.626+0000] {docker.py:429} INFO - ✅ Post envoyé: [World] - AFCON 2025 : Senegal and Sudan open knoc... (score: 1)
[2026-01-05T00:00:54.730+0000] {docker.py:429} INFO - ✅ Post envoyé: [World] - Teen Mbaye seals AFCON last-16 victory f... (score: 1)
[2026-01-05T00:00:54.835+0000] {docker.py:429} INFO - ✅ Post envoyé: [World] - AFCON 2025 : Senegal and Sudan open knoc... (score: 1)
[2026-01-05T00:00:54.939+0000] {docker.py:429} INFO - ✅ Post envoyé: [World] - Teen Mbaye seals AFCON last-16 victory f... (score: 1)
[2026-01-05T00:00:55.044+0000] {docker.py:429} INFO - ✅ Post envoyé: [World] - LIVE: Senegal vs Sudan – AFCON 2025 | Al... (score: 1)
[2026-01-05T00:00:55.147+0000] {docker.py:429} INFO - ✅ Post envoyé: [World] - LIVE: Senegal vs Sudan – AFCON 2025... (score: 1)
[2026-01-05T00:00:55.252+0000] {docker.py:429} INFO - ✅ Post envoyé: [World] - Senegal vs Sudan: AFCON 2025 – team news... (score: 1)
[2026-01-05T00:00:55.358+0000] {docker.py:429} INFO - ✅ Post envoyé: [World] - Senegal vs Sudan: AFCON 2025 – team news... (score: 1)
[2026-01-05T00:00:55.496+0000] {docker.py:429} INFO - ✅ Post envoyé: Senegal vs. Sudan (Africa Cup of Nations) | AFCON ... (score: 1)
[2026-01-05T00:00:55.601+0000] {docker.py:429} INFO - ✅ Post envoyé: Nigeria stay PERFECT | Senegal Unbeaten | Tunisia ... (score: 1)
[2026-01-05T00:00:55.705+0000] {docker.py:429} INFO - ✅ Post envoyé: Senegal vs DR Kongo Highlights | AFCON Reaction 😳... (score: 1)
[2026-01-05T00:00:55.815+0000] {docker.py:429} INFO - ✅ Post envoyé: [World] - AFCON: Senegal beat Benin and finish top... (score: 1)
[2026-01-05T00:00:55.934+0000] {docker.py:429} INFO - ✅ Post envoyé: [World] - AFCON: Senegal beat Benin and finish top... (score: 1)
[2026-01-05T00:00:56.037+0000] {docker.py:429} INFO - ✅ Post envoyé: [World] - Senegal beat Benin to claim AFCON group,... (score: 1)
[2026-01-05T00:00:56.140+0000] {docker.py:429} INFO - ✅ Post envoyé: [World] - Senegal beat Benin to claim AFCON group,... (score: 1)
[2026-01-05T00:00:56.247+0000] {docker.py:429} INFO - ✅ Post envoyé: 🦁 Senegal vs Benin 🐆 | AFCON Group D Decider in Ta... (score: 1)
[2026-01-05T00:00:56.356+0000] {docker.py:429} INFO - ✅ Post envoyé: Senegal vs Botswana AFCON Highlights | Reaction... (score: 1)
[2026-01-05T00:00:56.461+0000] {docker.py:429} INFO - ✅ Post envoyé: [World] - AFCON: Sadio Mané's equaliser salvages p... (score: 1)
[2026-01-05T00:00:56.568+0000] {docker.py:429} INFO - ✅ Post envoyé: [World] - AFCON: Sadio Mané's equaliser salvages p... (score: 1)
[2026-01-05T00:00:56.675+0000] {docker.py:429} INFO - ✅ Post envoyé: Ilay Camara is out for 6 weeks and won't be joinin... (score: 4)
[2026-01-05T00:00:56.777+0000] {docker.py:429} INFO - ✅ Post envoyé: [World] - AFCON big cat fight ends in draw: Senega... (score: 1)
[2026-01-05T00:00:56.884+0000] {docker.py:429} INFO - ✅ Post envoyé: [World] - AFCON Daily Round Up: Super Eagles beat ... (score: 1)
[2026-01-05T00:00:56.995+0000] {docker.py:429} INFO - ✅ Post envoyé: [World] - AFCON Daily Round Up: Super Eagles beat ... (score: 1)
[2026-01-05T00:00:57.100+0000] {docker.py:429} INFO - ✅ Post envoyé: [World] - AFCON big cat fight ends in draw: Senega... (score: 1)
[2026-01-05T00:00:57.209+0000] {docker.py:429} INFO - ✅ Post envoyé: [World] - Mane rescues Senegal in draw with DR Con... (score: 1)
[2026-01-05T00:00:57.380+0000] {docker.py:429} INFO - ✅ Post envoyé: [World] - Mane rescues Senegal in draw with DR Con... (score: 1)
[2026-01-05T00:00:57.431+0000] {docker.py:429} INFO - ✅ Post envoyé: [World] - AFCON 2025: Senegal and DR Congo to targ... (score: 1)
[2026-01-05T00:00:57.544+0000] {docker.py:429} INFO - → 50 posts trouvés
[2026-01-05T00:01:00.546+0000] {docker.py:429} INFO - 🔎 Recherche: 'Nigeria AFCON' (global)...
[2026-01-05T00:01:01.715+0000] {docker.py:429} INFO - ✅ Post envoyé: Alex Iwobi on Calvin Bassey's chance vs. Burnley: ... (score: 4029)
[2026-01-05T00:01:01.800+0000] {docker.py:429} INFO - ✅ Post envoyé: Nigeria defeat Tunisia 3-2 and qualify for the AFC... (score: 78)
[2026-01-05T00:01:01.926+0000] {docker.py:429} INFO - ✅ Post envoyé: Match Thread: Nigeria vs Tanzania... (score: 27)
[2026-01-05T00:01:02.040+0000] {docker.py:429} INFO - ✅ Post envoyé: I love AFCON, but the state of our continent is de... (score: 79)
[2026-01-05T00:01:02.132+0000] {docker.py:429} INFO - ✅ Post envoyé: Uganda have used all of their 3 goalkeepers today,... (score: 1148)
[2026-01-05T00:01:02.144+0000] {docker.py:429} INFO - 
[2026-01-05T00:01:02.257+0000] {docker.py:429} INFO - ✅ Post envoyé: A fan brought out a DR Congo flag during Nigeria v... (score: 486)
[2026-01-05T00:01:02.401+0000] {docker.py:429} INFO - ✅ Post envoyé: Osimhen's Nigeria have advanced to the round of 16... (score: 41)
[2026-01-05T00:01:02.418+0000] {docker.py:429} INFO - 
[2026-01-05T00:01:02.542+0000] {docker.py:429} INFO - ✅ Post envoyé: Nigeria vs Tunisia AFCON Tickets... (score: 3)
[2026-01-05T00:01:02.650+0000] {docker.py:429} INFO - ✅ Post envoyé: Nigeria’s squad for upcoming AFCON... (score: 22)
[2026-01-05T00:01:02.667+0000] {docker.py:429} INFO - 
[2026-01-05T00:01:02.905+0000] {docker.py:429} INFO - ✅ Post envoyé: Akinsanmiro: "I was very surprised to be called up... (score: 75)
[2026-01-05T00:01:03.007+0000] {docker.py:429} INFO - ✅ Post envoyé: AFCON - Nigeria vs Uganda... (score: 23)
[2026-01-05T00:01:03.125+0000] {docker.py:429} INFO - ✅ Post envoyé: AFCON: Nigeria vs Tanzania... (score: 13)
[2026-01-05T00:01:03.215+0000] {docker.py:429} INFO - ✅ Post envoyé: The only two teams to post a 100% record in the AF... (score: 20)
[2026-01-05T00:01:03.423+0000] {docker.py:429} INFO - ✅ Post envoyé: Nigeria will face Mozambique in the round of 16 of... (score: 21)
[2026-01-05T00:01:03.533+0000] {docker.py:429} INFO - ✅ Post envoyé: Nigeria's Path to Our 4th AFCON... (score: 5)
[2026-01-05T00:01:03.648+0000] {docker.py:429} INFO - ✅ Post envoyé: Nigeria vs Tunisia Preview: Prediction, Team News,... (score: 3)
[2026-01-05T00:01:03.762+0000] {docker.py:429} INFO - ✅ Post envoyé: Is the Nigeria comparison accurate here for afcon?... (score: 12)
[2026-01-05T00:01:03.946+0000] {docker.py:429} INFO - ✅ Post envoyé: Have Nigeria finally found their winning formula a... (score: 4)
[2026-01-05T00:01:04.012+0000] {docker.py:429} INFO - ✅ Post envoyé: The only two teams to post a 100% record in the AF... (score: 8)
[2026-01-05T00:01:04.099+0000] {docker.py:429} INFO - ✅ Post envoyé: The Super Eagles kick off their AFCON 2025 campaig... (score: 14)
[2026-01-05T00:01:04.223+0000] {docker.py:429} INFO - ✅ Post envoyé: Nigeria reach Afcon last 16 despite Tunisia fightb... (score: 1)
[2026-01-05T00:01:04.342+0000] {docker.py:429} INFO - ✅ Post envoyé: [World] - Nigeria vs Mozambique: AFCON 2025 – team... (score: 1)
[2026-01-05T00:01:04.455+0000] {docker.py:429} INFO - ✅ Post envoyé: [World] - Nigeria vs Mozambique: AFCON 2025 – team... (score: 1)
[2026-01-05T00:01:04.557+0000] {docker.py:429} INFO - ✅ Post envoyé: Uganda vs Nigeria Highlights | AFCON Reaction ⚽... (score: 1)
[2026-01-05T00:01:04.688+0000] {docker.py:429} INFO - ✅ Post envoyé: Nigeria, Algeria Enter AFCON 2025 Knockouts in Com... (score: 2)
[2026-01-05T00:01:04.691+0000] {docker.py:429} INFO - 
[2026-01-05T00:01:04.887+0000] {docker.py:429} INFO - ✅ Post envoyé: Nigeria vs Tunesia Highlights | AFCON Reaction 😳... (score: 1)
[2026-01-05T00:01:04.987+0000] {docker.py:429} INFO - ✅ Post envoyé: Uganda have used all of their 3 goalkeepers today,... (score: 1)
[2026-01-05T00:01:05.105+0000] {docker.py:429} INFO - ✅ Post envoyé: [World] - AFCON 2025: Nigeria complete near-perfec... (score: 1)
[2026-01-05T00:01:05.223+0000] {docker.py:429} INFO - ✅ Post envoyé: [World] - AFCON 2025: Nigeria complete near-perfec... (score: 1)
[2026-01-05T00:01:05.315+0000] {docker.py:429} INFO - ✅ Post envoyé: [Sports] - Afcon roundup: Nigeria stay perfect as ... (score: 1)
[2026-01-05T00:01:05.427+0000] {docker.py:429} INFO - ✅ Post envoyé: [Sports] - Afcon roundup: Nigeria stay perfect as ... (score: 1)
[2026-01-05T00:01:05.532+0000] {docker.py:429} INFO - ✅ Post envoyé: [World] - Nigeria beat Uganda 3-1 to head into AFC... (score: 1)
[2026-01-05T00:01:05.640+0000] {docker.py:429} INFO - ✅ Post envoyé: [World] - Nigeria beat Uganda 3-1 to head into AFC... (score: 1)
[2026-01-05T00:01:05.758+0000] {docker.py:429} INFO - ✅ Post envoyé: [World] - LIVE: Uganda vs Nigeria – AFCON 2025 | A... (score: 1)
[2026-01-05T00:01:05.861+0000] {docker.py:429} INFO - ✅ Post envoyé: Today's MotD: Uganda vs Nigeria (AFCON, Morocco)... (score: 1)
[2026-01-05T00:01:05.965+0000] {docker.py:429} INFO - ✅ Post envoyé: [World] - LIVE: Uganda vs Nigeria – AFCON 2025... (score: 1)
[2026-01-05T00:01:06.068+0000] {docker.py:429} INFO - ✅ Post envoyé: (Request) Nigeria vs Tunisia, AFCON, 27/12/25 –Ful... (score: 2)
[2026-01-05T00:01:06.179+0000] {docker.py:429} INFO - ✅ Post envoyé: Nigeria vs Tanzania Highlights | AFCON Reaction 😳... (score: 1)
[2026-01-05T00:01:06.285+0000] {docker.py:429} INFO - ✅ Post envoyé: [World] - Uganda vs Nigeria: AFCON 2025 – team new... (score: 1)
[2026-01-05T00:01:06.388+0000] {docker.py:429} INFO - ✅ Post envoyé: [World] - Uganda vs Nigeria: AFCON 2025 – team new... (score: 1)
[2026-01-05T00:01:06.499+0000] {docker.py:429} INFO - ✅ Post envoyé: Nigeria Lookman Stars As 3-2 Win Over Tunisia Book... (score: 1)
[2026-01-05T00:01:06.605+0000] {docker.py:429} INFO - ✅ Post envoyé: [World] - Nigeria reach AFCON knockouts despite la... (score: 1)
[2026-01-05T00:01:06.720+0000] {docker.py:429} INFO - ✅ Post envoyé: [World] - Nigeria reach AFCON knockouts despite la... (score: 1)
[2026-01-05T00:01:06.838+0000] {docker.py:429} INFO - ✅ Post envoyé: (Request) Nigeria vs Tunisia, AFCON, 27/12/25... (score: 1)
[2026-01-05T00:01:06.933+0000] {docker.py:429} INFO - ✅ Post envoyé: [World] - LIVE: Nigeria vs Tunisia – AFCON 2025 | ... (score: 1)
[2026-01-05T00:01:07.044+0000] {docker.py:429} INFO - ✅ Post envoyé: [World] - LIVE: Nigeria vs Tunisia – AFCON 2025... (score: 1)
[2026-01-05T00:01:07.143+0000] {docker.py:429} INFO - ✅ Post envoyé: [World] - Nigeria vs Tunisia: AFCON 2025 – team ne... (score: 1)
[2026-01-05T00:01:07.243+0000] {docker.py:429} INFO - → 50 posts trouvés
[2026-01-05T00:01:10.243+0000] {docker.py:429} INFO - 📍 PHASE 2: Scraping des subreddits
----------------------------------------------------------------------
🔍 Scraping r/soccer/hot (limit=50)...
[2026-01-05T00:01:11.003+0000] {docker.py:429} INFO - → 0 posts CAN trouvés
[2026-01-05T00:01:13.004+0000] {docker.py:429} INFO - 🔍 Scraping r/soccer/new (limit=50)...
[2026-01-05T00:01:13.971+0000] {docker.py:429} INFO - ✅ Post envoyé: Alverca 1-0 Famalicao - Chiquinho penalty 90'+5'... (score: 4)
[2026-01-05T00:01:14.126+0000] {docker.py:429} INFO - ✅ Post envoyé: Lazar Carevic (Famalicao) penalty save against Alv... (score: 3)
[2026-01-05T00:01:14.233+0000] {docker.py:429} INFO - ✅ Post envoyé: Post Match Thread: Paris Saint-Germain 2-1 Paris F... (score: 15)
[2026-01-05T00:01:14.340+0000] {docker.py:429} INFO - ✅ Post envoyé: Post Match Thread: South Africa 1-2 Cameroon... (score: 24)
[2026-01-05T00:01:14.446+0000] {docker.py:429} INFO - ✅ Post envoyé: South Africa [1]-2 Cameroon - Evidence Makgopa 88'... (score: 25)
[2026-01-05T00:01:14.550+0000] {docker.py:429} INFO - ✅ Post envoyé: South Africa 0-2 Cameroon - Christian Kofane 47'... (score: 47)
[2026-01-05T00:01:14.658+0000] {docker.py:429} INFO - ✅ Post envoyé: Match Thread: Paris Saint-Germain vs Paris FC... (score: 7)
[2026-01-05T00:01:14.763+0000] {docker.py:429} INFO - ✅ Post envoyé: South Africa 0-1 Cameroon - Junior Tchamadeu 34'... (score: 24)
[2026-01-05T00:01:14.869+0000] {docker.py:429} INFO - ✅ Post envoyé: The AFCON is finished for Azeddine Ounahi, after i... (score: 74)
[2026-01-05T00:01:14.975+0000] {docker.py:429} INFO - ✅ Post envoyé: Match Thread: South Africa vs Cameroon... (score: 16)
[2026-01-05T00:01:15.082+0000] {docker.py:429} INFO - ✅ Post envoyé: South African players before their game against Ca... (score: 94)
[2026-01-05T00:01:15.183+0000] {docker.py:429} INFO - → 11 posts CAN trouvés
[2026-01-05T00:01:17.183+0000] {docker.py:429} INFO - 🔍 Scraping r/football/hot (limit=50)...
[2026-01-05T00:01:18.143+0000] {docker.py:429} INFO - ✅ Post envoyé: After poor results at Afcon (africa), the Gabon fo... (score: 203)
[2026-01-05T00:01:18.375+0000] {docker.py:429} INFO - ✅ Post envoyé: Africa Cup of Nations to be held every four years ... (score: 348)
[2026-01-05T00:01:18.472+0000] {docker.py:429} INFO - → 3 posts CAN trouvés
[2026-01-05T00:01:18.482+0000] {docker.py:429} INFO - 
[2026-01-05T00:01:20.484+0000] {docker.py:429} INFO - 🔍 Scraping r/football/new (limit=50)...
[2026-01-05T00:01:21.723+0000] {docker.py:429} INFO - → 2 posts CAN trouvés
[2026-01-05T00:01:23.724+0000] {docker.py:429} INFO - 🔍 Scraping r/sports/hot (limit=50)...
[2026-01-05T00:01:24.684+0000] {docker.py:429} INFO - ✅ Post envoyé: Boxer Anthony Joshua’s driver charged after deadly... (score: 1173)
[2026-01-05T00:01:24.785+0000] {docker.py:429} INFO - → 1 posts CAN trouvés
[2026-01-05T00:01:26.785+0000] {docker.py:429} INFO - 🔍 Scraping r/sports/new (limit=50)...
[2026-01-05T00:01:27.798+0000] {docker.py:429} INFO - → 1 posts CAN trouvés
[2026-01-05T00:01:29.796+0000] {docker.py:429} INFO - 🔍 Scraping r/worldcup/hot (limit=50)...
[2026-01-05T00:01:30.968+0000] {docker.py:429} INFO - ✅ Post envoyé: Song and clip AFCON African cup 2026 hosted by Mor... (score: 5)
[2026-01-05T00:01:30.972+0000] {docker.py:429} INFO - 
[2026-01-05T00:01:31.180+0000] {docker.py:429} INFO - ✅ Post envoyé: Nigeria files World Cup complaint to FIFA over Con... (score: 168)
[2026-01-05T00:01:31.182+0000] {docker.py:429} INFO - 
[2026-01-05T00:01:31.285+0000] {docker.py:429} INFO - ✅ Post envoyé: World Cup countries Senegal and Côte d’Ivoire amon... (score: 202)
[2026-01-05T00:01:31.400+0000] {docker.py:429} INFO - ✅ Post envoyé: European World cup winner stats when played outsid... (score: 36)
[2026-01-05T00:01:31.499+0000] {docker.py:429} INFO - ✅ Post envoyé: World Cup 'Pride Match' still on after Egypt, Iran... (score: 959)
[2026-01-05T00:01:31.600+0000] {docker.py:429} INFO - → 6 posts CAN trouvés
[2026-01-05T00:01:33.601+0000] {docker.py:429} INFO - 🔍 Scraping r/worldcup/new (limit=50)...
[2026-01-05T00:01:35.059+0000] {docker.py:429} INFO - → 6 posts CAN trouvés
[2026-01-05T00:01:37.060+0000] {docker.py:429} INFO - 🔍 Scraping r/Africa/hot (limit=50)...
[2026-01-05T00:01:39.561+0000] {docker.py:429} INFO - ✅ Post envoyé: During the U.S intervention in Somalia in the earl... (score: 62)
[2026-01-05T00:01:39.676+0000] {docker.py:429} INFO - ✅ Post envoyé: African Diaspora Sex Tourism (LONG READ)... (score: 380)
[2026-01-05T00:01:39.786+0000] {docker.py:429} INFO - ✅ Post envoyé: UAE recognizes Somaliland Passports but blocks Vis... (score: 169)
[2026-01-05T00:01:39.889+0000] {docker.py:429} INFO - ✅ Post envoyé: Why do SOME North Africans claim not to be African... (score: 273)
[2026-01-05T00:01:39.991+0000] {docker.py:429} INFO - ✅ Post envoyé: Leading Private Investment Countries In 2025... (score: 29)
[2026-01-05T00:01:40.098+0000] {docker.py:429} INFO - ✅ Post envoyé: Baka People of Cameroon: Traditional Music from th... (score: 38)
[2026-01-05T00:01:40.202+0000] {docker.py:429} INFO - ✅ Post envoyé: Mali and Burkina Faso impose travel ban on US citi... (score: 443)
[2026-01-05T00:01:40.309+0000] {docker.py:429} INFO - ✅ Post envoyé: Anyone else notice how Ankara print is evolving? F... (score: 9)
[2026-01-05T00:01:40.414+0000] {docker.py:429} INFO - ✅ Post envoyé: There is no legal route for Israelis to reach soma... (score: 93)
[2026-01-05T00:01:40.539+0000] {docker.py:429} INFO - ✅ Post envoyé: Angolans didn’t get to share that sweet border wit... (score: 332)
[2026-01-05T00:01:40.637+0000] {docker.py:429} INFO - ✅ Post envoyé: Guinea elections: Gen Mamady Doumbouya takes lead ... (score: 22)
[2026-01-05T00:01:40.743+0000] {docker.py:429} INFO - ✅ Post envoyé: Le grand Mali... (score: 158)
[2026-01-05T00:01:40.850+0000] {docker.py:429} INFO - ✅ Post envoyé: Eyo Festival of Lagos Nigeria, Dec 27, 2025... (score: 242)
[2026-01-05T00:01:40.954+0000] {docker.py:429} INFO - ✅ Post envoyé: Explain why Somaliland is a big deal?... (score: 225)
[2026-01-05T00:01:41.060+0000] {docker.py:429} INFO - ✅ Post envoyé: IGAD rejects Israel’s recognition of Somaliland, c... (score: 95)
[2026-01-05T00:01:41.161+0000] {docker.py:429} INFO - → 15 posts CAN trouvés
[2026-01-05T00:01:43.163+0000] {docker.py:429} INFO - 🔍 Scraping r/Africa/new (limit=50)...
[2026-01-05T00:01:45.936+0000] {docker.py:429} INFO - ✅ Post envoyé: Recommendations for countries to visit in Africa... (score: 8)
[2026-01-05T00:01:46.041+0000] {docker.py:429} INFO - ✅ Post envoyé: UN Security Council to hold emergency meeting afte... (score: 19)
[2026-01-05T00:01:46.142+0000] {docker.py:429} INFO - → 16 posts CAN trouvés
[2026-01-05T00:01:48.147+0000] {docker.py:429} INFO - 🔍 Scraping r/africapics/hot (limit=50)...
[2026-01-05T00:01:48.750+0000] {docker.py:429} INFO - → 0 posts CAN trouvés
[2026-01-05T00:01:50.752+0000] {docker.py:429} INFO - 🔍 Scraping r/africapics/new (limit=50)...
[2026-01-05T00:01:51.252+0000] {docker.py:429} INFO - → 0 posts CAN trouvés
[2026-01-05T00:01:53.254+0000] {docker.py:429} INFO - 🔍 Scraping r/African/hot (limit=50)...
[2026-01-05T00:01:53.615+0000] {docker.py:429} INFO - ❌ Erreur scraping r/African: 404 Client Error: Not Found for url: https://www.reddit.com/r/African/hot.json?limit=50
[2026-01-05T00:01:55.626+0000] {docker.py:429} INFO - 🔍 Scraping r/African/new (limit=50)...
[2026-01-05T00:01:55.955+0000] {docker.py:429} INFO - ❌ Erreur scraping r/African: 404 Client Error: Not Found for url: https://www.reddit.com/r/African/new.json?limit=50
[2026-01-05T00:01:57.956+0000] {docker.py:429} INFO - 🔍 Scraping r/Morocco/hot (limit=50)...
[2026-01-05T00:01:59.783+0000] {docker.py:429} INFO - ✅ Post envoyé: Mod recruitment is open... (score: 4)
[2026-01-05T00:01:59.875+0000] {docker.py:429} INFO - ✅ Post envoyé: Present to myself... (score: 84)
[2026-01-05T00:01:59.986+0000] {docker.py:429} INFO - ✅ Post envoyé: What’s with the high hopes for Europe?... (score: 3)
[2026-01-05T00:02:00.158+0000] {docker.py:429} INFO - ✅ Post envoyé: Do people in Morocco play trivia game ?... (score: 2)
[2026-01-05T00:02:00.254+0000] {docker.py:429} INFO - ✅ Post envoyé: Starting from zero at 24 in Germany... (score: 2)
[2026-01-05T00:02:00.332+0000] {docker.py:429} INFO - ✅ Post envoyé: How do you meet people / date in Morocco nowadays?... (score: 1)
[2026-01-05T00:02:00.439+0000] {docker.py:429} INFO - ✅ Post envoyé: How is the youth unemployment rate like in Morocco... (score: 1)
[2026-01-05T00:02:00.547+0000] {docker.py:429} INFO - ✅ Post envoyé: Looking for gamers... (score: 1)
[2026-01-05T00:02:00.651+0000] {docker.py:429} INFO - ✅ Post envoyé: Morocco and its society: ethics and raising awaren... (score: 1)
[2026-01-05T00:02:00.758+0000] {docker.py:429} INFO - ✅ Post envoyé: I want to travel without money... (score: 1)
[2026-01-05T00:02:00.864+0000] {docker.py:429} INFO - → 10 posts CAN trouvés
[2026-01-05T00:02:02.861+0000] {docker.py:429} INFO - 🔍 Scraping r/Morocco/new (limit=50)...
[2026-01-05T00:02:05.216+0000] {docker.py:429} INFO - ✅ Post envoyé: How are Moroccans raised abroad viewed in relation... (score: 1)
[2026-01-05T00:02:05.416+0000] {docker.py:429} INFO - → 10 posts CAN trouvés
[2026-01-05T00:02:07.418+0000] {docker.py:429} INFO - 📍 PHASE 3: Top posts du mois
----------------------------------------------------------------------
🔍 Scraping r/soccer/top (limit=50)...
[2026-01-05T00:02:08.805+0000] {docker.py:429} INFO - ✅ Post envoyé: Zinedine Zidane at AFCON watching his son Luca Zid... (score: 10908)
[2026-01-05T00:02:08.906+0000] {docker.py:429} INFO - ✅ Post envoyé: A fan in the Senegal vs Botswana game (no idea for... (score: 10493)
[2026-01-05T00:02:09.010+0000] {docker.py:429} INFO - ✅ Post envoyé: FIFA World Cup match in Seattle on June 26 had alr... (score: 9641)
[2026-01-05T00:02:09.116+0000] {docker.py:429} INFO - ✅ Post envoyé: Weird Clearance by Algeria's defender Achref Abada... (score: 8386)
[2026-01-05T00:02:09.221+0000] {docker.py:429} INFO - → 5 posts CAN trouvés
[2026-01-05T00:02:11.219+0000] {docker.py:429} INFO - 🔍 Scraping r/Africa/top (limit=50)...
[2026-01-05T00:02:12.556+0000] {docker.py:429} INFO - ✅ Post envoyé: Mother, Daughter and Maid, Johannesburg, South Afr... (score: 2398)
[2026-01-05T00:02:12.663+0000] {docker.py:429} INFO - ✅ Post envoyé: The original "Waka Waka"song (1986)... (score: 1183)
[2026-01-05T00:02:12.768+0000] {docker.py:429} INFO - ✅ Post envoyé: Faces of Ghana (1950s-1970s) James Barnor... (score: 1041)
[2026-01-05T00:02:12.874+0000] {docker.py:429} INFO - ✅ Post envoyé: West Africa’s Megacity…Lagos, Nigeria.... (score: 907)
[2026-01-05T00:02:12.977+0000] {docker.py:429} INFO - ✅ Post envoyé: Medieval Towns of Mali... (score: 710)
[2026-01-05T00:02:13.082+0000] {docker.py:429} INFO - ✅ Post envoyé: Algeria Government Declares French Colonisation A ... (score: 565)
[2026-01-05T00:02:13.288+0000] {docker.py:429} INFO - ✅ Post envoyé: African mythology... (score: 431)
[2026-01-05T00:02:13.695+0000] {docker.py:429} INFO - ✅ Post envoyé: Shoutout to the Somali community... (score: 272)
[2026-01-05T00:02:13.803+0000] {docker.py:429} INFO - ✅ Post envoyé: Ghana's president urged to rally African leaders b... (score: 268)
[2026-01-05T00:02:14.108+0000] {docker.py:429} INFO - ✅ Post envoyé: Somali hate... (score: 222)
[2026-01-05T00:02:14.214+0000] {docker.py:429} INFO - ✅ Post envoyé: Israel becomes first country to recognize Somalila... (score: 201)
[2026-01-05T00:02:14.317+0000] {docker.py:429} INFO - ✅ Post envoyé: Burkina Faso, Mali and Niger Launch NATO-Like Mili... (score: 206)
[2026-01-05T00:02:14.523+0000] {docker.py:429} INFO - ✅ Post envoyé: US launches 'powerful strikes' against Islamic Sta... (score: 171)
[2026-01-05T00:02:14.724+0000] {docker.py:429} INFO - → 21 posts CAN trouvés
[2026-01-05T00:02:16.726+0000] {docker.py:429} INFO - 🔍 Scraping r/Morocco/top (limit=50)...
[2026-01-05T00:02:18.350+0000] {docker.py:429} INFO - ✅ Post envoyé: morocco wins the arab cup! 🇲🇦... (score: 1132)
[2026-01-05T00:02:18.353+0000] {docker.py:429} INFO - 
[2026-01-05T00:02:18.465+0000] {docker.py:429} INFO - ✅ Post envoyé: Handmade map of Morocco... (score: 717)
[2026-01-05T00:02:18.577+0000] {docker.py:429} INFO - ✅ Post envoyé: Wld l malik m9mr 3la l mghreb rab7... (score: 495)
[2026-01-05T00:02:18.693+0000] {docker.py:429} INFO - ✅ Post envoyé: Morocco is beautiful ❄️🥶🏔️... (score: 374)
[2026-01-05T00:02:18.799+0000] {docker.py:429} INFO - ✅ Post envoyé: I moved to Morocco two months ago and i already re... (score: 254)
[2026-01-05T00:02:18.910+0000] {docker.py:429} INFO - ✅ Post envoyé: Iraqi fan tries to stir something between Algerian... (score: 243)
[2026-01-05T00:02:19.040+0000] {docker.py:429} INFO - ✅ Post envoyé: weird name for a café lol... (score: 233)
[2026-01-05T00:02:19.131+0000] {docker.py:429} INFO - ✅ Post envoyé: Another hospital scandal... (score: 210)
[2026-01-05T00:02:19.242+0000] {docker.py:429} INFO - ✅ Post envoyé: Orange Morocco has exceeded all legal limits in re... (score: 206)
[2026-01-05T00:02:19.345+0000] {docker.py:429} INFO - ✅ Post envoyé: Took this shot at Tangier Stadium during the Seneg... (score: 191)
[2026-01-05T00:02:19.453+0000] {docker.py:429} INFO - ✅ Post envoyé: Am I screwed? 305,000 MAD debt in my early 20s and... (score: 186)
[2026-01-05T00:02:19.559+0000] {docker.py:429} INFO - → 11 posts CAN trouvés
[2026-01-05T00:02:21.560+0000] {docker.py:429} INFO - 💬 PHASE 4: Récupération des commentaires
----------------------------------------------------------------------
[2026-01-05T00:02:21.562+0000] {docker.py:429} INFO - 📝 Commentaires pour: A DR Congo fan stood for 90+ minutes during the AF...
[2026-01-05T00:02:23.011+0000] {docker.py:429} INFO - → 9 commentaires récupérés
[2026-01-05T00:02:25.011+0000] {docker.py:429} INFO - 📝 Commentaires pour: A DR Congo fan stood for 90+ minutes during the AF...
[2026-01-05T00:02:25.546+0000] {docker.py:429} INFO - → 9 commentaires récupérés
[2026-01-05T00:02:27.558+0000] {docker.py:429} INFO - 📝 Commentaires pour: Zinedine Zidane at AFCON watching his son Luca Zid...
[2026-01-05T00:02:28.035+0000] {docker.py:429} INFO - → 8 commentaires récupérés
[2026-01-05T00:02:30.045+0000] {docker.py:429} INFO - 📝 Commentaires pour: A fan in the Senegal vs Botswana game (no idea for...
[2026-01-05T00:02:31.048+0000] {docker.py:429} INFO - → 16 commentaires récupérés
[2026-01-05T00:02:33.049+0000] {docker.py:429} INFO - 📝 Commentaires pour: FIFA World Cup match in Seattle on June 26 had alr...
[2026-01-05T00:02:33.758+0000] {docker.py:429} INFO - → 6 commentaires récupérés
[2026-01-05T00:02:35.759+0000] {docker.py:429} INFO - 📝 Commentaires pour: Weird Clearance by Algeria's defender Achref Abada...
[2026-01-05T00:02:36.442+0000] {docker.py:429} INFO - → 15 commentaires récupérés
[2026-01-05T00:02:38.442+0000] {docker.py:429} INFO - 📝 Commentaires pour: Zambia coach Moses Sichone on Morocco as the Host ...
[2026-01-05T00:02:39.259+0000] {docker.py:429} INFO - → 9 commentaires récupérés
[2026-01-05T00:02:41.259+0000] {docker.py:429} INFO - 📝 Commentaires pour: Zambia coach Moses Sichone on Morocco as the Host ...
[2026-01-05T00:02:42.157+0000] {docker.py:429} INFO - → 9 commentaires récupérés
[2026-01-05T00:02:44.160+0000] {docker.py:429} INFO - 📝 Commentaires pour: Mbappé, Tchouaméni and Koundé are in Morocco for A...
[2026-01-05T00:02:44.933+0000] {docker.py:429} INFO - → 14 commentaires récupérés
[2026-01-05T00:02:46.952+0000] {docker.py:429} INFO - 📝 Commentaires pour: Alex Iwobi on Calvin Bassey's chance vs. Burnley: ...
[2026-01-05T00:02:48.095+0000] {docker.py:429} INFO - → 15 commentaires récupérés
[2026-01-05T00:02:50.096+0000] {docker.py:429} INFO - ======================================================================
📊 RAPPORT DE COLLECTE INTENSIVE
======================================================================
Posts envoyés:         303
Commentaires envoyés:  92
Doublons évités:       83
Erreurs:               0
Total unique:          395
======================================================================
[2026-01-05T00:02:50.098+0000] {docker.py:429} INFO - ⏸️  Pause de 600s avant prochain cycle...
[2026-01-05T00:12:17.126+0000] {timeout.py:68} ERROR - Process timed out, PID: 6852
[2026-01-05T00:12:17.444+0000] {taskinstance.py:2698} ERROR - Task failed with exception
Traceback (most recent call last):
  File "/home/airflow/.local/lib/python3.11/site-packages/airflow/providers/docker/operators/docker.py", line 426, in _run_image_with_mounts
    for log_chunk in logstream:
  File "/home/airflow/.local/lib/python3.11/site-packages/docker/types/daemon.py", line 29, in __next__
    return next(self._stream)
           ^^^^^^^^^^^^^^^^^^
  File "/home/airflow/.local/lib/python3.11/site-packages/docker/api/client.py", line 428, in <genexpr>
    gen = (data for (_, data) in gen)
          ^^^^^^^^^^^^^^^^^^^^^^^^^^^
  File "/home/airflow/.local/lib/python3.11/site-packages/docker/utils/socket.py", line 112, in frames_iter_no_tty
    (stream, n) = next_frame_header(socket)
                  ^^^^^^^^^^^^^^^^^^^^^^^^^
  File "/home/airflow/.local/lib/python3.11/site-packages/docker/utils/socket.py", line 84, in next_frame_header
    data = read_exactly(socket, 8)
           ^^^^^^^^^^^^^^^^^^^^^^^
  File "/home/airflow/.local/lib/python3.11/site-packages/docker/utils/socket.py", line 69, in read_exactly
    next_data = read(socket, n - len(data))
                ^^^^^^^^^^^^^^^^^^^^^^^^^^^
  File "/home/airflow/.local/lib/python3.11/site-packages/docker/utils/socket.py", line 40, in read
    poll.poll()
  File "/home/airflow/.local/lib/python3.11/site-packages/airflow/utils/timeout.py", line 69, in handle_timeout
    raise AirflowTaskTimeout(self.error_message)
airflow.exceptions.AirflowTaskTimeout: Timeout, PID: 6852

During handling of the above exception, another exception occurred:

Traceback (most recent call last):
  File "/home/airflow/.local/lib/python3.11/site-packages/docker/api/client.py", line 265, in _raise_for_status
    response.raise_for_status()
  File "/home/airflow/.local/lib/python3.11/site-packages/requests/models.py", line 1021, in raise_for_status
    raise HTTPError(http_error_msg, response=self)
requests.exceptions.HTTPError: 409 Client Error: Conflict for url: http+docker://localhost/v1.51/containers/d438ed8776ff4bb7c0eaf81b732d1f6e9bbe68987179701d066f5350a25e783a?v=False&link=False&force=False

The above exception was the direct cause of the following exception:

Traceback (most recent call last):
  File "/home/airflow/.local/lib/python3.11/site-packages/airflow/models/taskinstance.py", line 428, in _execute_task
    result = execute_callable(context=context, **execute_callable_kwargs)
             ^^^^^^^^^^^^^^^^^^^^^^^^^^^^^^^^^^^^^^^^^^^^^^^^^^^^^^^^^^^^
  File "/home/airflow/.local/lib/python3.11/site-packages/airflow/providers/docker/operators/docker.py", line 502, in execute
    return self._run_image()
           ^^^^^^^^^^^^^^^^^
  File "/home/airflow/.local/lib/python3.11/site-packages/airflow/providers/docker/operators/docker.py", line 376, in _run_image
    return self._run_image_with_mounts(self.mounts, add_tmp_variable=False)
           ^^^^^^^^^^^^^^^^^^^^^^^^^^^^^^^^^^^^^^^^^^^^^^^^^^^^^^^^^^^^^^^^
  File "/home/airflow/.local/lib/python3.11/site-packages/airflow/providers/docker/operators/docker.py", line 455, in _run_image_with_mounts
    self.cli.remove_container(self.container["Id"])
  File "/home/airflow/.local/lib/python3.11/site-packages/docker/utils/decorators.py", line 19, in wrapped
    return f(self, resource_id, *args, **kwargs)
           ^^^^^^^^^^^^^^^^^^^^^^^^^^^^^^^^^^^^^
  File "/home/airflow/.local/lib/python3.11/site-packages/docker/api/container.py", line 1036, in remove_container
    self._raise_for_status(res)
  File "/home/airflow/.local/lib/python3.11/site-packages/docker/api/client.py", line 267, in _raise_for_status
    raise create_api_error_from_http_exception(e) from e
          ^^^^^^^^^^^^^^^^^^^^^^^^^^^^^^^^^^^^^^^
  File "/home/airflow/.local/lib/python3.11/site-packages/docker/errors.py", line 39, in create_api_error_from_http_exception
    raise cls(e, response=response, explanation=explanation) from e
docker.errors.APIError: 409 Client Error for http+docker://localhost/v1.51/containers/d438ed8776ff4bb7c0eaf81b732d1f6e9bbe68987179701d066f5350a25e783a?v=False&link=False&force=False: Conflict ("cannot remove container "d438ed8776ff4bb7c0eaf81b732d1f6e9bbe68987179701d066f5350a25e783a": container is running: stop the container before removing or force remove")
[2026-01-05T00:12:17.691+0000] {taskinstance.py:1138} INFO - Marking task as UP_FOR_RETRY. dag_id=reddit_can_complete_pipeline, task_id=scraping_reddit_to_kafka, execution_date=20260104T180000, start_date=20260105T000016, end_date=20260105T001217
[2026-01-05T00:12:17.864+0000] {standard_task_runner.py:107} ERROR - Failed to execute job 42 for task scraping_reddit_to_kafka (409 Client Error for http+docker://localhost/v1.51/containers/d438ed8776ff4bb7c0eaf81b732d1f6e9bbe68987179701d066f5350a25e783a?v=False&link=False&force=False: Conflict ("cannot remove container "d438ed8776ff4bb7c0eaf81b732d1f6e9bbe68987179701d066f5350a25e783a": container is running: stop the container before removing or force remove"); 6852)
[2026-01-05T00:12:17.978+0000] {local_task_job_runner.py:234} INFO - Task exited with return code 1
[2026-01-05T00:12:18.291+0000] {taskinstance.py:3280} INFO - 0 downstream tasks scheduled from follow-on schedule check
