[2026-01-04T21:55:27.382+0000] {taskinstance.py:1956} INFO - Dependencies all met for dep_context=non-requeueable deps ti=<TaskInstance: reddit_can_complete_pipeline.pipeline_success manual__2026-01-04T21:37:03+00:00 [queued]>
[2026-01-04T21:55:27.416+0000] {taskinstance.py:1956} INFO - Dependencies all met for dep_context=requeueable deps ti=<TaskInstance: reddit_can_complete_pipeline.pipeline_success manual__2026-01-04T21:37:03+00:00 [queued]>
[2026-01-04T21:55:27.418+0000] {taskinstance.py:2170} INFO - Starting attempt 1 of 3
[2026-01-04T21:55:27.446+0000] {taskinstance.py:2191} INFO - Executing <Task(BashOperator): pipeline_success> on 2026-01-04 21:37:03+00:00
[2026-01-04T21:55:27.457+0000] {standard_task_runner.py:60} INFO - Started process 4186 to run task
[2026-01-04T21:55:27.462+0000] {standard_task_runner.py:87} INFO - Running: ['***', 'tasks', 'run', 'reddit_can_complete_pipeline', 'pipeline_success', 'manual__2026-01-04T21:37:03+00:00', '--job-id', '39', '--raw', '--subdir', 'DAGS_FOLDER/reddit_can_complete_pipeline.py', '--cfg-path', '/tmp/tmp5r9kj2ty']
[2026-01-04T21:55:27.468+0000] {standard_task_runner.py:88} INFO - Job 39: Subtask pipeline_success
[2026-01-04T21:55:27.550+0000] {task_command.py:423} INFO - Running <TaskInstance: reddit_can_complete_pipeline.pipeline_success manual__2026-01-04T21:37:03+00:00 [running]> on host ea2e4c1a0da0
[2026-01-04T21:55:27.731+0000] {taskinstance.py:2480} INFO - Exporting env vars: AIRFLOW_CTX_DAG_OWNER='bigdata_team' AIRFLOW_CTX_DAG_ID='reddit_can_complete_pipeline' AIRFLOW_CTX_TASK_ID='pipeline_success' AIRFLOW_CTX_EXECUTION_DATE='2026-01-04T21:37:03+00:00' AIRFLOW_CTX_TRY_NUMBER='1' AIRFLOW_CTX_DAG_RUN_ID='manual__2026-01-04T21:37:03+00:00'
[2026-01-04T21:55:27.737+0000] {subprocess.py:63} INFO - Tmp dir root location: /tmp
[2026-01-04T21:55:27.744+0000] {subprocess.py:75} INFO - Running command: ['/usr/bin/bash', '-c', '\n        echo "=========================================="\n        echo "✅ PIPELINE TERMINÉ AVEC SUCCÈS"\n        echo "=========================================="\n        echo ""\n        echo "🌐 Dashboard: http://localhost:8501"\n        echo "📊 MongoDB: http://localhost:8081"\n        echo ""\n        echo "📝 Logs complets dans Airflow UI"\n        echo "=========================================="\n        ']
[2026-01-04T21:55:27.771+0000] {subprocess.py:86} INFO - Output:
[2026-01-04T21:55:27.835+0000] {subprocess.py:93} INFO - ==========================================
[2026-01-04T21:55:27.836+0000] {subprocess.py:93} INFO - ✅ PIPELINE TERMINÉ AVEC SUCCÈS
[2026-01-04T21:55:27.837+0000] {subprocess.py:93} INFO - ==========================================
[2026-01-04T21:55:27.838+0000] {subprocess.py:93} INFO - 
[2026-01-04T21:55:27.838+0000] {subprocess.py:93} INFO - 🌐 Dashboard: http://localhost:8501
[2026-01-04T21:55:27.839+0000] {subprocess.py:93} INFO - 📊 MongoDB: http://localhost:8081
[2026-01-04T21:55:27.839+0000] {subprocess.py:93} INFO - 
[2026-01-04T21:55:27.839+0000] {subprocess.py:93} INFO - 📝 Logs complets dans Airflow UI
[2026-01-04T21:55:27.840+0000] {subprocess.py:93} INFO - ==========================================
[2026-01-04T21:55:27.840+0000] {subprocess.py:97} INFO - Command exited with return code 0
[2026-01-04T21:55:27.908+0000] {taskinstance.py:1138} INFO - Marking task as SUCCESS. dag_id=reddit_can_complete_pipeline, task_id=pipeline_success, execution_date=20260104T213703, start_date=20260104T215527, end_date=20260104T215527
[2026-01-04T21:55:27.960+0000] {local_task_job_runner.py:234} INFO - Task exited with return code 0
[2026-01-04T21:55:27.985+0000] {taskinstance.py:3280} INFO - 0 downstream tasks scheduled from follow-on schedule check
