[2026-01-21T06:22:26.016+0000] {taskinstance.py:1956} INFO - Dependencies all met for dep_context=non-requeueable deps ti=<TaskInstance: reddit_can_complete_pipeline_v2.pipeline_success scheduled__2026-01-19T12:00:00+00:00 [queued]>
[2026-01-21T06:22:26.045+0000] {taskinstance.py:1956} INFO - Dependencies all met for dep_context=requeueable deps ti=<TaskInstance: reddit_can_complete_pipeline_v2.pipeline_success scheduled__2026-01-19T12:00:00+00:00 [queued]>
[2026-01-21T06:22:26.047+0000] {taskinstance.py:2170} INFO - Starting attempt 1 of 3
[2026-01-21T06:22:26.084+0000] {taskinstance.py:2191} INFO - Executing <Task(BashOperator): pipeline_success> on 2026-01-19 12:00:00+00:00
[2026-01-21T06:22:26.097+0000] {standard_task_runner.py:60} INFO - Started process 312 to run task
[2026-01-21T06:22:26.107+0000] {standard_task_runner.py:87} INFO - Running: ['***', 'tasks', 'run', 'reddit_can_complete_pipeline_v2', 'pipeline_success', 'scheduled__2026-01-19T12:00:00+00:00', '--job-id', '82', '--raw', '--subdir', 'DAGS_FOLDER/reddit_can_complete_pipeline.py', '--cfg-path', '/tmp/tmp63z5abx2']
[2026-01-21T06:22:26.113+0000] {standard_task_runner.py:88} INFO - Job 82: Subtask pipeline_success
[2026-01-21T06:22:26.240+0000] {task_command.py:423} INFO - Running <TaskInstance: reddit_can_complete_pipeline_v2.pipeline_success scheduled__2026-01-19T12:00:00+00:00 [running]> on host a22fe05094c5
[2026-01-21T06:22:26.710+0000] {taskinstance.py:2480} INFO - Exporting env vars: AIRFLOW_CTX_DAG_OWNER='bigdata_team' AIRFLOW_CTX_DAG_ID='reddit_can_complete_pipeline_v2' AIRFLOW_CTX_TASK_ID='pipeline_success' AIRFLOW_CTX_EXECUTION_DATE='2026-01-19T12:00:00+00:00' AIRFLOW_CTX_TRY_NUMBER='1' AIRFLOW_CTX_DAG_RUN_ID='scheduled__2026-01-19T12:00:00+00:00'
[2026-01-21T06:22:26.720+0000] {subprocess.py:63} INFO - Tmp dir root location: /tmp
[2026-01-21T06:22:26.734+0000] {subprocess.py:75} INFO - Running command: ['/usr/bin/bash', '-c', '\n        echo "=========================================="\n        echo "✅ PIPELINE TERMINÉ AVEC SUCCÈS"\n        echo "=========================================="\n        echo ""\n        echo "🌐 Dashboard: http://localhost:8501"\n        echo "📊 MongoDB: http://localhost:8081"\n        echo "🕸️ Network Analysis: COMPLET"\n        echo ""\n        echo "📝 Logs complets dans Airflow UI"\n        echo "=========================================="\n        ']
[2026-01-21T06:22:26.793+0000] {subprocess.py:86} INFO - Output:
[2026-01-21T06:22:26.811+0000] {subprocess.py:93} INFO - ==========================================
[2026-01-21T06:22:26.824+0000] {subprocess.py:93} INFO - ✅ PIPELINE TERMINÉ AVEC SUCCÈS
[2026-01-21T06:22:26.827+0000] {subprocess.py:93} INFO - ==========================================
[2026-01-21T06:22:26.829+0000] {subprocess.py:93} INFO - 
[2026-01-21T06:22:26.831+0000] {subprocess.py:93} INFO - 🌐 Dashboard: http://localhost:8501
[2026-01-21T06:22:26.833+0000] {subprocess.py:93} INFO - 📊 MongoDB: http://localhost:8081
[2026-01-21T06:22:26.836+0000] {subprocess.py:93} INFO - 🕸️ Network Analysis: COMPLET
[2026-01-21T06:22:26.841+0000] {subprocess.py:93} INFO - 
[2026-01-21T06:22:26.843+0000] {subprocess.py:93} INFO - 📝 Logs complets dans Airflow UI
[2026-01-21T06:22:26.845+0000] {subprocess.py:93} INFO - ==========================================
[2026-01-21T06:22:26.850+0000] {subprocess.py:97} INFO - Command exited with return code 0
[2026-01-21T06:22:27.007+0000] {taskinstance.py:1138} INFO - Marking task as SUCCESS. dag_id=reddit_can_complete_pipeline_v2, task_id=pipeline_success, execution_date=20260119T120000, start_date=20260121T062226, end_date=20260121T062227
[2026-01-21T06:22:27.090+0000] {local_task_job_runner.py:234} INFO - Task exited with return code 0
[2026-01-21T06:22:27.150+0000] {taskinstance.py:3280} INFO - 0 downstream tasks scheduled from follow-on schedule check
