[2026-01-04T21:52:16.096+0000] {taskinstance.py:1956} INFO - Dependencies all met for dep_context=non-requeueable deps ti=<TaskInstance: reddit_can_complete_pipeline.scraping_reddit_to_kafka manual__2026-01-04T21:37:03+00:00 [queued]>
[2026-01-04T21:52:16.138+0000] {taskinstance.py:1956} INFO - Dependencies all met for dep_context=requeueable deps ti=<TaskInstance: reddit_can_complete_pipeline.scraping_reddit_to_kafka manual__2026-01-04T21:37:03+00:00 [queued]>
[2026-01-04T21:52:16.141+0000] {taskinstance.py:2170} INFO - Starting attempt 2 of 3
[2026-01-04T21:52:16.210+0000] {taskinstance.py:2191} INFO - Executing <Task(DockerOperator): scraping_reddit_to_kafka> on 2026-01-04 21:37:03+00:00
[2026-01-04T21:52:16.236+0000] {standard_task_runner.py:60} INFO - Started process 4111 to run task
[2026-01-04T21:52:16.250+0000] {standard_task_runner.py:87} INFO - Running: ['***', 'tasks', 'run', 'reddit_can_complete_pipeline', 'scraping_reddit_to_kafka', 'manual__2026-01-04T21:37:03+00:00', '--job-id', '36', '--raw', '--subdir', 'DAGS_FOLDER/reddit_can_complete_pipeline.py', '--cfg-path', '/tmp/tmplygbx3xm']
[2026-01-04T21:52:16.264+0000] {standard_task_runner.py:88} INFO - Job 36: Subtask scraping_reddit_to_kafka
[2026-01-04T21:52:16.432+0000] {task_command.py:423} INFO - Running <TaskInstance: reddit_can_complete_pipeline.scraping_reddit_to_kafka manual__2026-01-04T21:37:03+00:00 [running]> on host ea2e4c1a0da0
[2026-01-04T21:52:16.674+0000] {taskinstance.py:2480} INFO - Exporting env vars: AIRFLOW_CTX_DAG_OWNER='bigdata_team' AIRFLOW_CTX_DAG_ID='reddit_can_complete_pipeline' AIRFLOW_CTX_TASK_ID='scraping_reddit_to_kafka' AIRFLOW_CTX_EXECUTION_DATE='2026-01-04T21:37:03+00:00' AIRFLOW_CTX_TRY_NUMBER='2' AIRFLOW_CTX_DAG_RUN_ID='manual__2026-01-04T21:37:03+00:00'
[2026-01-04T21:52:16.933+0000] {docker.py:359} INFO - Starting docker container from image projet-bigdata-can-scraper-producer:latest
[2026-01-04T21:52:17.212+0000] {taskinstance.py:2698} ERROR - Task failed with exception
Traceback (most recent call last):
  File "/home/airflow/.local/lib/python3.11/site-packages/docker/api/client.py", line 265, in _raise_for_status
    response.raise_for_status()
  File "/home/airflow/.local/lib/python3.11/site-packages/requests/models.py", line 1021, in raise_for_status
    raise HTTPError(http_error_msg, response=self)
requests.exceptions.HTTPError: 409 Client Error: Conflict for url: http+docker://localhost/v1.51/containers/create?name=***_scraper_20260104T213703

The above exception was the direct cause of the following exception:

Traceback (most recent call last):
  File "/home/airflow/.local/lib/python3.11/site-packages/airflow/models/taskinstance.py", line 428, in _execute_task
    result = execute_callable(context=context, **execute_callable_kwargs)
             ^^^^^^^^^^^^^^^^^^^^^^^^^^^^^^^^^^^^^^^^^^^^^^^^^^^^^^^^^^^^
  File "/home/airflow/.local/lib/python3.11/site-packages/airflow/providers/docker/operators/docker.py", line 502, in execute
    return self._run_image()
           ^^^^^^^^^^^^^^^^^
  File "/home/airflow/.local/lib/python3.11/site-packages/airflow/providers/docker/operators/docker.py", line 376, in _run_image
    return self._run_image_with_mounts(self.mounts, add_tmp_variable=False)
           ^^^^^^^^^^^^^^^^^^^^^^^^^^^^^^^^^^^^^^^^^^^^^^^^^^^^^^^^^^^^^^^^
  File "/home/airflow/.local/lib/python3.11/site-packages/airflow/providers/docker/operators/docker.py", line 391, in _run_image_with_mounts
    self.container = self.cli.create_container(
                     ^^^^^^^^^^^^^^^^^^^^^^^^^^
  File "/home/airflow/.local/lib/python3.11/site-packages/docker/api/container.py", line 439, in create_container
    return self.create_container_from_config(config, name, platform)
           ^^^^^^^^^^^^^^^^^^^^^^^^^^^^^^^^^^^^^^^^^^^^^^^^^^^^^^^^^
  File "/home/airflow/.local/lib/python3.11/site-packages/docker/api/container.py", line 456, in create_container_from_config
    return self._result(res, True)
           ^^^^^^^^^^^^^^^^^^^^^^^
  File "/home/airflow/.local/lib/python3.11/site-packages/docker/api/client.py", line 271, in _result
    self._raise_for_status(response)
  File "/home/airflow/.local/lib/python3.11/site-packages/docker/api/client.py", line 267, in _raise_for_status
    raise create_api_error_from_http_exception(e) from e
          ^^^^^^^^^^^^^^^^^^^^^^^^^^^^^^^^^^^^^^^
  File "/home/airflow/.local/lib/python3.11/site-packages/docker/errors.py", line 39, in create_api_error_from_http_exception
    raise cls(e, response=response, explanation=explanation) from e
docker.errors.APIError: 409 Client Error for http+docker://localhost/v1.51/containers/create?name=airflow_scraper_20260104T213703: Conflict ("Conflict. The container name "/airflow_scraper_20260104T213703" is already in use by container "0871c6cf7421d1e8d440ca516f12bddeeefda3c7be393d1eb5c79d768eef3213". You have to remove (or rename) that container to be able to reuse that name.")
[2026-01-04T21:52:17.297+0000] {taskinstance.py:1138} INFO - Marking task as UP_FOR_RETRY. dag_id=reddit_can_complete_pipeline, task_id=scraping_reddit_to_kafka, execution_date=20260104T213703, start_date=20260104T215216, end_date=20260104T215217
[2026-01-04T21:52:17.380+0000] {standard_task_runner.py:107} ERROR - Failed to execute job 36 for task scraping_reddit_to_kafka (409 Client Error for http+docker://localhost/v1.51/containers/create?name=airflow_scraper_20260104T213703: Conflict ("Conflict. The container name "/airflow_scraper_20260104T213703" is already in use by container "0871c6cf7421d1e8d440ca516f12bddeeefda3c7be393d1eb5c79d768eef3213". You have to remove (or rename) that container to be able to reuse that name."); 4111)
[2026-01-04T21:52:17.486+0000] {local_task_job_runner.py:234} INFO - Task exited with return code 1
[2026-01-04T21:52:17.734+0000] {taskinstance.py:3280} INFO - 0 downstream tasks scheduled from follow-on schedule check
