[2026-01-04T21:00:06.671+0000] {taskinstance.py:1956} INFO - Dependencies all met for dep_context=non-requeueable deps ti=<TaskInstance: reddit_can_pipeline_optimized.scraping_intensive scheduled__2026-01-04T18:00:00+00:00 [queued]>
[2026-01-04T21:00:06.716+0000] {taskinstance.py:1956} INFO - Dependencies all met for dep_context=requeueable deps ti=<TaskInstance: reddit_can_pipeline_optimized.scraping_intensive scheduled__2026-01-04T18:00:00+00:00 [queued]>
[2026-01-04T21:00:06.719+0000] {taskinstance.py:2170} INFO - Starting attempt 1 of 4
[2026-01-04T21:00:06.784+0000] {taskinstance.py:2191} INFO - Executing <Task(DockerOperator): scraping_intensive> on 2026-01-04 18:00:00+00:00
[2026-01-04T21:00:06.801+0000] {standard_task_runner.py:60} INFO - Started process 2668 to run task
[2026-01-04T21:00:06.814+0000] {standard_task_runner.py:87} INFO - Running: ['***', 'tasks', 'run', 'reddit_can_pipeline_optimized', 'scraping_intensive', 'scheduled__2026-01-04T18:00:00+00:00', '--job-id', '22', '--raw', '--subdir', 'DAGS_FOLDER/reddit_can_pipeline_optimized.py', '--cfg-path', '/tmp/tmp_ar41fvp']
[2026-01-04T21:00:06.830+0000] {standard_task_runner.py:88} INFO - Job 22: Subtask scraping_intensive
[2026-01-04T21:00:07.034+0000] {task_command.py:423} INFO - Running <TaskInstance: reddit_can_pipeline_optimized.scraping_intensive scheduled__2026-01-04T18:00:00+00:00 [running]> on host ea2e4c1a0da0
[2026-01-04T21:00:07.291+0000] {taskinstance.py:2480} INFO - Exporting env vars: AIRFLOW_CTX_DAG_OWNER='bigdata_team' AIRFLOW_CTX_DAG_ID='reddit_can_pipeline_optimized' AIRFLOW_CTX_TASK_ID='scraping_intensive' AIRFLOW_CTX_EXECUTION_DATE='2026-01-04T18:00:00+00:00' AIRFLOW_CTX_TRY_NUMBER='1' AIRFLOW_CTX_DAG_RUN_ID='scheduled__2026-01-04T18:00:00+00:00'
[2026-01-04T21:00:07.528+0000] {docker.py:359} INFO - Starting docker container from image projet-bigdata-can-scraper-producer:latest
[2026-01-04T21:00:07.570+0000] {docker.py:367} WARNING - Using remote engine or docker-in-docker and mounting temporary volume from host is not supported. Falling back to `mount_tmp_dir=False` mode. You can set `mount_tmp_dir` parameter to False to disable mounting and remove the warning
[2026-01-04T21:00:09.380+0000] {docker.py:429} INFO - 🔌 Connexion à Kafka: kafka:29092
📍 Topic: reddit-can-posts
⏳ Attente de Kafka...
[2026-01-04T21:00:09.726+0000] {docker.py:429} INFO - ✅ Kafka est prêt!
[2026-01-04T21:00:09.839+0000] {docker.py:429} INFO - ✅ Connecté à Kafka!
[2026-01-04T21:00:09.841+0000] {docker.py:429} INFO - 
[2026-01-04T21:00:09.843+0000] {docker.py:429} INFO - ======================================================================
🎯 REDDIT KAFKA PRODUCER - MODE INTENSIF
======================================================================
📍 Topic Kafka: reddit-can-posts
⏱️  Intervalle: 600s
🔍 Mots-clés: 52
📍 Subreddits: 18
======================================================================


🔄 CYCLE #1

======================================================================
🚀 COLLECTE INTENSIVE - 2026-01-04 21:00:09
======================================================================

📍 PHASE 1: Recherche ciblée par mots-clés
----------------------------------------------------------------------
🔎 Recherche: 'AFCON 2025' (global)...
[2026-01-04T21:00:15.745+0000] {docker.py:429} INFO - ✅ Post envoyé: AFCON 2025 in Morocco will be the first edition wh... (score: 824)
[2026-01-04T21:00:15.846+0000] {docker.py:429} INFO - ✅ Post envoyé: Birthplaces of all AFCON 2025 players on the map... (score: 337)
[2026-01-04T21:00:15.986+0000] {docker.py:429} INFO - ✅ Post envoyé: Meet Assad, the official mascot for AFCON 2025... (score: 141)
[2026-01-04T21:00:16.093+0000] {docker.py:429} INFO - ✅ Post envoyé: Clubs with the most players in AFCON 2025... (score: 40)
[2026-01-04T21:00:16.200+0000] {docker.py:429} INFO - ✅ Post envoyé: AFCON 2025: Faced with empty seats during Egypt-Zi... (score: 237)
[2026-01-04T21:00:16.306+0000] {docker.py:429} INFO - ✅ Post envoyé: Opta Supercomputer predicts AFCON 2025  Morocco fa... (score: 80)
[2026-01-04T21:00:16.412+0000] {docker.py:429} INFO - ✅ Post envoyé: Zambia coach Moses Sichone on Morocco as the Host ... (score: 6563)
[2026-01-04T21:00:16.517+0000] {docker.py:429} INFO - ✅ Post envoyé: "Show Dem" Nike commercial for AFCON 2025, featuri... (score: 3320)
[2026-01-04T21:00:16.622+0000] {docker.py:429} INFO - ✅ Post envoyé: The 29-year-old Abdou Abdel Mefire is the youngest... (score: 2337)
[2026-01-04T21:00:16.726+0000] {docker.py:429} INFO - ✅ Post envoyé: The Côte d'Ivoire national football team arriving ... (score: 1630)
[2026-01-04T21:00:16.833+0000] {docker.py:429} INFO - ✅ Post envoyé: Amad and the rest of the Côte d'Ivoire squad arriv... (score: 1423)
[2026-01-04T21:00:16.940+0000] {docker.py:429} INFO - ✅ Post envoyé: Kylian Mbappe at the Morocco vs Mali game at Afcon... (score: 1229)
[2026-01-04T21:00:17.049+0000] {docker.py:429} INFO - ✅ Post envoyé: AFCON 2025 Megathread... (score: 28)
[2026-01-04T21:00:17.154+0000] {docker.py:429} INFO - ✅ Post envoyé: 2025 AFCON Knockout Bracket... (score: 323)
[2026-01-04T21:00:17.288+0000] {docker.py:429} INFO - ✅ Post envoyé: Côte d'Ivoire, arrived in style in Morocco for the... (score: 824)
[2026-01-04T21:00:17.395+0000] {docker.py:429} INFO - ✅ Post envoyé: [CAF] Official AFCON 2025 Team of the group stage... (score: 318)
[2026-01-04T21:00:17.499+0000] {docker.py:429} INFO - ✅ Post envoyé: [CAF] Official AFCON 2025 Team of the group stage... (score: 310)
[2026-01-04T21:00:17.605+0000] {docker.py:429} INFO - ✅ Post envoyé: Brahim Diaz opens the scoring for Morocco against ... (score: 564)
[2026-01-04T21:00:17.709+0000] {docker.py:429} INFO - ✅ Post envoyé: Noussair Mazraoui assist vs Comoros (AFCON 2025 Gr... (score: 343)
[2026-01-04T21:00:17.814+0000] {docker.py:429} INFO - ✅ Post envoyé: AFCON 2025 (so far): penalties missed — 2/2, bicyc... (score: 396)
[2026-01-04T21:00:17.921+0000] {docker.py:429} INFO - ✅ Post envoyé: What if every dual nationality player could repres... (score: 40)
[2026-01-04T21:00:18.027+0000] {docker.py:429} INFO - ✅ Post envoyé: Question for Algerians attending the 2025 AFCON in... (score: 56)
[2026-01-04T21:00:18.138+0000] {docker.py:429} INFO - ✅ Post envoyé: BeIN Sports France's predictions for the 2025 AFCO... (score: 32)
[2026-01-04T21:00:18.245+0000] {docker.py:429} INFO - ✅ Post envoyé: Match Thread: Algeria vs Equatorial Guinea - AFCON... (score: 3)
[2026-01-04T21:00:18.386+0000] {docker.py:429} INFO - ✅ Post envoyé: [BBC] 'I can kill you right now' - Sudan's footbal... (score: 3020)
[2026-01-04T21:00:18.495+0000] {docker.py:429} INFO - ✅ Post envoyé: Match Thread: Algeria vs Sudan - AFCON 2025... (score: 5)
[2026-01-04T21:00:18.601+0000] {docker.py:429} INFO - ✅ Post envoyé: Match Thread: Algeria vs Burkina Faso - AFCON 2025... (score: 5)
[2026-01-04T21:00:18.706+0000] {docker.py:429} INFO - ✅ Post envoyé: CAF fines Egypt 5000 dollars after AFCON 2025 open... (score: 105)
[2026-01-04T21:00:18.819+0000] {docker.py:429} INFO - ✅ Post envoyé: Two weeks until AFCON 2025... (score: 118)
[2026-01-04T21:00:18.923+0000] {docker.py:429} INFO - ✅ Post envoyé: EFL Championship Players Called Up For Africa Cup ... (score: 34)
[2026-01-04T21:00:19.030+0000] {docker.py:429} INFO - ✅ Post envoyé: Mali will face Tunisia in the round of 16 of AFCON... (score: 22)
[2026-01-04T21:00:19.135+0000] {docker.py:429} INFO - ✅ Post envoyé: The 2025 AFCON Squad... (score: 3)
[2026-01-04T21:00:19.240+0000] {docker.py:429} INFO - ✅ Post envoyé: Crown Prince Moulay Hassan Greets Players and Kick... (score: 55)
[2026-01-04T21:00:19.350+0000] {docker.py:429} INFO - ✅ Post envoyé: I made clean stadium &amp; city access diagrams fo... (score: 6)
[2026-01-04T21:00:19.455+0000] {docker.py:429} INFO - ✅ Post envoyé: AFCON 2025 Group Stage best XI by CAF... (score: 42)
[2026-01-04T21:00:19.563+0000] {docker.py:429} INFO - ✅ Post envoyé: Post-Match Thread: Algeria vs Sudan - AFCON 2025... (score: 4)
[2026-01-04T21:00:19.668+0000] {docker.py:429} INFO - ✅ Post envoyé: Post-Match Thread: Algeria vs Burkina Faso - AFCON... (score: 4)
[2026-01-04T21:00:19.775+0000] {docker.py:429} INFO - ✅ Post envoyé: [Official] Senegal squad for 2025 AFCON... (score: 52)
[2026-01-04T21:00:19.880+0000] {docker.py:429} INFO - ✅ Post envoyé: Morocco will face Tanzania in the round of 16 of A... (score: 26)
[2026-01-04T21:00:19.987+0000] {docker.py:429} INFO - ✅ Post envoyé: South Africa will face Cameroon in the round of 16... (score: 45)
[2026-01-04T21:00:20.090+0000] {docker.py:429} INFO - ✅ Post envoyé: Algeria will face DR Congo in the round of 16 of A... (score: 58)
[2026-01-04T21:00:20.200+0000] {docker.py:429} INFO - ✅ Post envoyé: Nigeria will face Mozambique in the round of 16 of... (score: 30)
[2026-01-04T21:00:20.315+0000] {docker.py:429} INFO - ✅ Post envoyé: Match thread - Angola VS Zimbabwe - AFCON 2025... (score: 3)
[2026-01-04T21:00:20.426+0000] {docker.py:429} INFO - ✅ Post envoyé: 🔥 FOR SALE – 2025 AFCON TICKETS FULL ROUND MOROCCA... (score: 0)
[2026-01-04T21:00:20.541+0000] {docker.py:429} INFO - ✅ Post envoyé: Pre-Match Thread: Algeria vs Burkina Faso - AFCON ... (score: 5)
[2026-01-04T21:00:20.646+0000] {docker.py:429} INFO - ✅ Post envoyé: Where to Watch AFCON 2025 Live? Africa Cup of Nati... (score: 9)
[2026-01-04T21:00:20.746+0000] {docker.py:429} INFO - ✅ Post envoyé: The 2025 AFCON Squad... (score: 3)
[2026-01-04T21:00:20.850+0000] {docker.py:429} INFO - ✅ Post envoyé: AFCON 2025: Team guide and ones to watch ahead of ... (score: 30)
[2026-01-04T21:00:20.964+0000] {docker.py:429} INFO - ✅ Post envoyé: AFCON 2025 Matchday 1!... (score: 37)
[2026-01-04T21:00:21.071+0000] {docker.py:429} INFO - ✅ Post envoyé: AFCON 2025 - News Website... (score: 10)
[2026-01-04T21:00:21.172+0000] {docker.py:429} INFO - → 50 posts trouvés
[2026-01-04T21:00:24.174+0000] {docker.py:429} INFO - 🔎 Recherche: 'Africa Cup 2025' (global)...
[2026-01-04T21:00:25.915+0000] {docker.py:429} INFO - ✅ Post envoyé: Morocco's goal in the Africa Cup of Nations 2025 m... (score: 177)
[2026-01-04T21:00:26.024+0000] {docker.py:429} INFO - ✅ Post envoyé: Africa Cup of Nations winners... (score: 99)
[2026-01-04T21:00:26.132+0000] {docker.py:429} INFO - ✅ Post envoyé: Africa Cup of Nations to be held every four years ... (score: 2824)
[2026-01-04T21:00:26.245+0000] {docker.py:429} INFO - ✅ Post envoyé: All 9 confirmed stadiums that will host the Africa... (score: 49)
[2026-01-04T21:00:26.352+0000] {docker.py:429} INFO - ✅ Post envoyé: Brahmin Diaz opens the Score for Morocco at the Af... (score: 771)
[2026-01-04T21:00:26.462+0000] {docker.py:429} INFO - ✅ Post envoyé: FIFAe World Cup 2025 | Event Thread | Day 2 | Dec ... (score: 54)
[2026-01-04T21:00:26.567+0000] {docker.py:429} INFO - ✅ Post envoyé: FIFAe World Cup 2025 | Event Thread | Day 1 | Dec ... (score: 53)
[2026-01-04T21:00:26.676+0000] {docker.py:429} INFO - ✅ Post envoyé: [Pre-Match Thread] Arsenal vs Crystal Palace | 23r... (score: 105)
[2026-01-04T21:00:26.787+0000] {docker.py:429} INFO - ✅ Post envoyé: A year of work mapping U.S. regional food traditio... (score: 2990)
[2026-01-04T21:00:26.892+0000] {docker.py:429} INFO - ✅ Post envoyé: After a year of work (and a publishing deal), here... (score: 2892)
[2026-01-04T21:00:27.228+0000] {docker.py:429} INFO - ✅ Post envoyé: [Sounders FC] Best of luck to Nouhou and Georgi in... (score: 145)
[2026-01-04T21:00:27.333+0000] {docker.py:429} INFO - ✅ Post envoyé: The 2025 Africa Cup of Nations Round of 16... (score: 65)
[2026-01-04T21:00:27.639+0000] {docker.py:429} INFO - ✅ Post envoyé: The 2025 Africa Cup of Nations kicks off... (score: 90)
[2026-01-04T21:00:27.742+0000] {docker.py:429} INFO - ✅ Post envoyé: 17 - South Africa had 17 shots on goal against Egy... (score: 18)
[2026-01-04T21:00:27.849+0000] {docker.py:429} INFO - ✅ Post envoyé: 2025 Africa Cup of Nations broadcasting rights: Ca... (score: 21)
[2026-01-04T21:00:27.986+0000] {docker.py:429} INFO - ✅ Post envoyé: Africa Cup of Nations Group Standings after Matchd... (score: 34)
[2026-01-04T21:00:28.098+0000] {docker.py:429} INFO - ✅ Post envoyé: Team India Reaches Squash World Cup Semis After 3–... (score: 47)
[2026-01-04T21:00:28.202+0000] {docker.py:429} INFO - ✅ Post envoyé: Equatorial Guinea vs Algeria, Africa Cup of Nation... (score: 4)
[2026-01-04T21:00:28.332+0000] {docker.py:429} INFO - ✅ Post envoyé: Africa cup paying out... (score: 37)
[2026-01-04T21:00:28.419+0000] {docker.py:429} INFO - ✅ Post envoyé: South Africa's Bafana Bafana defeat Angola 2-1 at ... (score: 15)
[2026-01-04T21:00:28.526+0000] {docker.py:429} INFO - ✅ Post envoyé: Zimbabwe vs South Africa, Africa Cup of Nations, 2... (score: 3)
[2026-01-04T21:00:28.632+0000] {docker.py:429} INFO - ✅ Post envoyé: Ivory Coast vs Cameroon, Africa Cup of Nations, 28... (score: 3)
[2026-01-04T21:00:28.735+0000] {docker.py:429} INFO - ✅ Post envoyé: REQUEST: Senegal vs Botswana Africa Cup of Nations... (score: 2)
[2026-01-04T21:00:28.841+0000] {docker.py:429} INFO - ✅ Post envoyé: Uganda vs Nigeria, Africa Cup of Nations, 30-Dec-2... (score: 1)
[2026-01-04T21:00:28.949+0000] {docker.py:429} INFO - ✅ Post envoyé: Angola vs Egypt, Africa Cup of Nations, 29-Dec-202... (score: 2)
[2026-01-04T21:00:29.056+0000] {docker.py:429} INFO - ✅ Post envoyé: [ OptaJoe ] Against Tanzania in matchday one , Ale... (score: 6)
[2026-01-04T21:00:29.165+0000] {docker.py:429} INFO - ✅ Post envoyé: Bank Al-Maghrib Issues a 250 Dirham Silver Commemo... (score: 18)
[2026-01-04T21:00:29.270+0000] {docker.py:429} INFO - ✅ Post envoyé: ⚽ [LIVE MATCH THREAD] Evening Action: Watch, Bet &... (score: 2)
[2026-01-04T21:00:29.377+0000] {docker.py:429} INFO - ✅ Post envoyé: REQUEST: Nigeria vs Tanzania, Africa Cup of Nation... (score: 2)
[2026-01-04T21:00:29.485+0000] {docker.py:429} INFO - ✅ Post envoyé: Tanzania vs Tunisia, Africa Cup of Nations, 30-Dec... (score: 2)
[2026-01-04T21:00:29.591+0000] {docker.py:429} INFO - ✅ Post envoyé: NEWS: Earthquakes’ Ousseni Bouda to Represent Burk... (score: 29)
[2026-01-04T21:00:29.699+0000] {docker.py:429} INFO - ✅ Post envoyé: Botswana vs DR Congo, Africa Cup of Nations, 30-De... (score: 1)
[2026-01-04T21:00:29.811+0000] {docker.py:429} INFO - ✅ Post envoyé: Benin vs Senegal, Africa Cup of Nations, 30-Dec-20... (score: 1)
[2026-01-04T21:00:29.916+0000] {docker.py:429} INFO - ✅ Post envoyé: Zambia vs Morocco, Africa Cup of Nations, 29-Dec-2... (score: 2)
[2026-01-04T21:00:30.021+0000] {docker.py:429} INFO - ✅ Post envoyé: Comoros vs Mali, Africa Cup of Nations, 29-Dec-202... (score: 2)
[2026-01-04T21:00:30.127+0000] {docker.py:429} INFO - ✅ Post envoyé: Today’s Matches 30/12/2025 – Africa Cup of Nations... (score: 1)
[2026-01-04T21:00:30.237+0000] {docker.py:429} INFO - ✅ Post envoyé: Oakland Roots SC’s Bobosi Byaruhanga selected by U... (score: 17)
[2026-01-04T21:00:30.349+0000] {docker.py:429} INFO - ✅ Post envoyé: Gabon vs Mozambique, Africa Cup of Nations, 28-Dec... (score: 2)
[2026-01-04T21:00:30.457+0000] {docker.py:429} INFO - ✅ Post envoyé: Equatorial Guinea vs Sudan, Africa Cup of Nations,... (score: 2)
[2026-01-04T21:00:30.590+0000] {docker.py:429} INFO - ✅ Post envoyé: Algeria vs Burkina Faso, Africa Cup of Nations, 28... (score: 2)
[2026-01-04T21:00:30.606+0000] {docker.py:429} INFO - 
[2026-01-04T21:00:30.708+0000] {docker.py:429} INFO - ✅ Post envoyé: Which Premier League Teams Will be Impacted Most b... (score: 7)
[2026-01-04T21:00:30.815+0000] {docker.py:429} INFO - ✅ Post envoyé: Benin vs Botswana, Africa Cup of Nations, 27-Dec-2... (score: 2)
[2026-01-04T21:00:30.921+0000] {docker.py:429} INFO - ✅ Post envoyé: Kampleng Com - South Africa vs Cameroon LIVE⚽ 2025... (score: 1)
[2026-01-04T21:00:31.027+0000] {docker.py:429} INFO - ✅ Post envoyé: South Africa Crowned WBSC Africa U15 Baseball Cham... (score: 20)
[2026-01-04T21:00:31.136+0000] {docker.py:429} INFO - ✅ Post envoyé: Morocco vs. Tanzania (Africa Cup of Nations) | AFC... (score: 1)
[2026-01-04T21:00:31.247+0000] {docker.py:429} INFO - ✅ Post envoyé: African Cup of Nations Predictions | 2025-12-26... (score: 1)
[2026-01-04T21:00:31.347+0000] {docker.py:429} INFO - → 50 posts trouvés
[2026-01-04T21:00:34.350+0000] {docker.py:429} INFO - 🔎 Recherche: 'Morocco AFCON' (global)...
[2026-01-04T21:00:36.175+0000] {docker.py:429} INFO - ✅ Post envoyé: Does anyone here actually watch the AFCON that is ... (score: 58)
[2026-01-04T21:00:36.411+0000] {docker.py:429} INFO - ✅ Post envoyé: South Africa coach Hugo Broos says there is no AFC... (score: 130)
[2026-01-04T21:00:36.523+0000] {docker.py:429} INFO - ✅ Post envoyé: Nicolas Pepe on Morocco’s lack of success in AFCON... (score: 72)
[2026-01-04T21:00:36.724+0000] {docker.py:429} INFO - ✅ Post envoyé: Which country are you supporting in the currently ... (score: 23)
[2026-01-04T21:00:36.832+0000] {docker.py:429} INFO - ✅ Post envoyé: Morocco no longer continental pariah as Afcon show... (score: 0)
[2026-01-04T21:00:36.940+0000] {docker.py:429} INFO - ✅ Post envoyé: Moroccan squad for AFCON... (score: 57)
[2026-01-04T21:00:37.055+0000] {docker.py:429} INFO - ✅ Post envoyé: Mbappé, Tchouaméni and Koundé are in Morocco for A... (score: 4294)
[2026-01-04T21:00:37.362+0000] {docker.py:429} INFO - ✅ Post envoyé: Since 2022, Morocco has won the CHAN 2024 (domesti... (score: 501)
[2026-01-04T21:00:37.471+0000] {docker.py:429} INFO - ✅ Post envoyé: [Rob Dawson] Man United irked with Morocco over Ma... (score: 302)
[2026-01-04T21:00:37.572+0000] {docker.py:429} INFO - ✅ Post envoyé: Zambia player Wilson Chisala: "Morocco is an overr... (score: 265)
[2026-01-04T21:00:37.878+0000] {docker.py:429} INFO - ✅ Post envoyé: [Simon Stone] Man Utd anger at Morocco over releas... (score: 215)
[2026-01-04T21:00:37.982+0000] {docker.py:429} INFO - ✅ Post envoyé: Noussair Mazraoui called up in Morocco squad for A... (score: 253)
[2026-01-04T21:00:38.389+0000] {docker.py:429} INFO - ✅ Post envoyé: Morocco squad list for AFCON... (score: 53)
[2026-01-04T21:00:38.494+0000] {docker.py:429} INFO - ✅ Post envoyé: Morocco will face Algeria in the AFCON semi-finals... (score: 50)
[2026-01-04T21:00:38.600+0000] {docker.py:429} INFO - ✅ Post envoyé: AFCON Megathread: Morocco v. Mali - Dec 26... (score: 7)
[2026-01-04T21:00:39.007+0000] {docker.py:429} INFO - ✅ Post envoyé: AFCON Megathread: Morocco v. Zambia - Dec 29... (score: 5)
[2026-01-04T21:00:39.114+0000] {docker.py:429} INFO - ✅ Post envoyé: When can we stop pretending this entire AFCON isn'... (score: 0)
[2026-01-04T21:00:39.219+0000] {docker.py:429} INFO - ✅ Post envoyé: Morocco AFCON 25 tickets for sale... (score: 1)
[2026-01-04T21:00:39.324+0000] {docker.py:429} INFO - ✅ Post envoyé: Tangier Grand Stadium, Tangier, Morocco. Remodelle... (score: 67)
[2026-01-04T21:00:39.435+0000] {docker.py:429} INFO - ✅ Post envoyé: Today's MotD: Uganda vs Nigeria (AFCON, Morocco)... (score: 20)
[2026-01-04T21:00:39.541+0000] {docker.py:429} INFO - ✅ Post envoyé: Prince Moulay Abdellah Stadium + Olympic Stadium, ... (score: 64)
[2026-01-04T21:00:39.645+0000] {docker.py:429} INFO - ✅ Post envoyé: Afcon tickets Morocco vs Comores... (score: 1)
[2026-01-04T21:00:39.752+0000] {docker.py:429} INFO - ✅ Post envoyé: For people going to AFCON Morocco here, did you bu... (score: 4)
[2026-01-04T21:00:39.888+0000] {docker.py:429} INFO - ✅ Post envoyé: Looking for Afcon Tickets Morocco... (score: 2)
[2026-01-04T21:00:39.997+0000] {docker.py:429} INFO - ✅ Post envoyé: Senegal, Mali, Morocco Head to Afcon Quarter-Final... (score: 1)
[2026-01-04T21:00:40.099+0000] {docker.py:429} INFO - ✅ Post envoyé: Diaz fires Afcon hosts Morocco into quarter-finals... (score: 1)
[2026-01-04T21:00:40.207+0000] {docker.py:429} INFO - ✅ Post envoyé: [REQUEST] Morocco vs Zambia, AFCON, 29/12/25... (score: 4)
[2026-01-04T21:00:40.319+0000] {docker.py:429} INFO - ✅ Post envoyé: 🇲🇦 AFCON 2025 Stadiums: Morocco... (score: 3)
[2026-01-04T21:00:40.430+0000] {docker.py:429} INFO - ✅ Post envoyé: Afcon hosts Morocco cruise into last 16 as Hakimi ... (score: 1)
[2026-01-04T21:00:40.539+0000] {docker.py:429} INFO - ✅ Post envoyé: Morocco will face Cameroon in the AFCON quarter fi... (score: 1)
[2026-01-04T21:00:40.643+0000] {docker.py:429} INFO - ✅ Post envoyé: [World] - Morocco lose injured playmaker Ounahi fo... (score: 1)
[2026-01-04T21:00:40.750+0000] {docker.py:429} INFO - ✅ Post envoyé: [World] - Morocco lose injured playmaker Ounahi fo... (score: 1)
[2026-01-04T21:00:40.855+0000] {docker.py:429} INFO - ✅ Post envoyé: [Sports] - Brahim Díaz fires winner as Afcon hosts... (score: 1)
[2026-01-04T21:00:40.962+0000] {docker.py:429} INFO - ✅ Post envoyé: [Sports] - Brahim Díaz fires winner as Afcon hosts... (score: 1)
[2026-01-04T21:00:41.069+0000] {docker.py:429} INFO - ✅ Post envoyé: Morocco qualifies for the AFCON 2025 semi-finals!... (score: 1)
[2026-01-04T21:00:41.178+0000] {docker.py:429} INFO - ✅ Post envoyé: [World] - AFCON 2025 - Morocco under pressure to g... (score: 1)
[2026-01-04T21:00:41.283+0000] {docker.py:429} INFO - ✅ Post envoyé: [World] - AFCON 2025 - Morocco under pressure to g... (score: 1)
[2026-01-04T21:00:41.390+0000] {docker.py:429} INFO - ✅ Post envoyé: [World] - Morocco coach demands 'humility' against... (score: 1)
[2026-01-04T21:00:41.490+0000] {docker.py:429} INFO - → 50 posts trouvés
[2026-01-04T21:00:44.493+0000] {docker.py:429} INFO - 🔎 Recherche: 'Senegal AFCON' (global)...
[2026-01-04T21:00:46.759+0000] {docker.py:429} INFO - ✅ Post envoyé: A DR Congo fan stood for 90+ minutes during the AF... (score: 11536)
[2026-01-04T21:00:46.866+0000] {docker.py:429} INFO - ✅ Post envoyé: A DR Congo fan stood for 90+ minutes during the AF... (score: 426)
[2026-01-04T21:00:47.071+0000] {docker.py:429} INFO - ✅ Post envoyé: Who are you supporting for AFCON if not Senegal?... (score: 31)
[2026-01-04T21:00:47.188+0000] {docker.py:429} INFO - ✅ Post envoyé: Jakobs and Senegal advances to QF of AFCON... (score: 18)
[2026-01-04T21:00:47.296+0000] {docker.py:429} INFO - ✅ Post envoyé: Ismail Jakobs assists Nicolas Jackson for Senegal'... (score: 76)
[2026-01-04T21:00:47.512+0000] {docker.py:429} INFO - ✅ Post envoyé: Senegal will face Sudan in the round of 16 of AFCO... (score: 32)
[2026-01-04T21:00:47.622+0000] {docker.py:429} INFO - ✅ Post envoyé: Diouf doesn't make the squad for Senegal at AFCON?... (score: 14)
[2026-01-04T21:00:47.729+0000] {docker.py:429} INFO - ✅ Post envoyé: The first AFCON 2025 quarter final match is decide... (score: 37)
[2026-01-04T21:00:47.839+0000] {docker.py:429} INFO - ✅ Post envoyé: Senegal beat Sudan 3-1 and advance to the AFCON 20... (score: 34)
[2026-01-04T21:00:48.054+0000] {docker.py:429} INFO - ✅ Post envoyé: Sudan's warriors fall fighting as teenage Mbaye se... (score: 2)
[2026-01-04T21:00:48.163+0000] {docker.py:429} INFO - ✅ Post envoyé: Gueye double helps Senegal end Sudan's Afcon run... (score: 1)
[2026-01-04T21:00:48.269+0000] {docker.py:429} INFO - ✅ Post envoyé: Sudan's warriors fall fighting as teenage Mbaye se... (score: 6)
[2026-01-04T21:00:48.380+0000] {docker.py:429} INFO - ✅ Post envoyé: [World] - AFCON 2025: Pape Gueye double helps Sene... (score: 1)
[2026-01-04T21:00:48.487+0000] {docker.py:429} INFO - ✅ Post envoyé: [World] - AFCON 2025: Pape Gueye double helps Sene... (score: 1)
[2026-01-04T21:00:48.595+0000] {docker.py:429} INFO - ✅ Post envoyé: A DR Congo fan stood for 90+ minutes during the AF... (score: 3)
[2026-01-04T21:00:48.703+0000] {docker.py:429} INFO - ✅ Post envoyé: [World] - AFCON 2025 - Senegal come from behind to... (score: 1)
[2026-01-04T21:00:48.810+0000] {docker.py:429} INFO - ✅ Post envoyé: [World] - AFCON 2025 - Senegal come from behind to... (score: 1)
[2026-01-04T21:00:48.936+0000] {docker.py:429} INFO - ✅ Post envoyé: [World] - Senegal beat Sudan to reach AFCON quarte... (score: 1)
[2026-01-04T21:00:49.043+0000] {docker.py:429} INFO - ✅ Post envoyé: [World] - Senegal beat Sudan to reach AFCON quarte... (score: 1)
[2026-01-04T21:00:49.152+0000] {docker.py:429} INFO - ✅ Post envoyé: [World] - AFCON 2025 : Senegal and Sudan open knoc... (score: 1)
[2026-01-04T21:00:49.259+0000] {docker.py:429} INFO - ✅ Post envoyé: [World] - Teen Mbaye seals AFCON last-16 victory f... (score: 1)
[2026-01-04T21:00:49.367+0000] {docker.py:429} INFO - ✅ Post envoyé: [World] - Teen Mbaye seals AFCON last-16 victory f... (score: 1)
[2026-01-04T21:00:49.506+0000] {docker.py:429} INFO - ✅ Post envoyé: [World] - AFCON 2025 : Senegal and Sudan open knoc... (score: 1)
[2026-01-04T21:00:49.610+0000] {docker.py:429} INFO - ✅ Post envoyé: [World] - LIVE: Senegal vs Sudan – AFCON 2025 | Al... (score: 1)
[2026-01-04T21:00:49.716+0000] {docker.py:429} INFO - ✅ Post envoyé: [World] - LIVE: Senegal vs Sudan – AFCON 2025... (score: 1)
[2026-01-04T21:00:49.824+0000] {docker.py:429} INFO - ✅ Post envoyé: [World] - Senegal vs Sudan: AFCON 2025 – team news... (score: 1)
[2026-01-04T21:00:49.930+0000] {docker.py:429} INFO - ✅ Post envoyé: [World] - Senegal vs Sudan: AFCON 2025 – team news... (score: 1)
[2026-01-04T21:00:50.039+0000] {docker.py:429} INFO - ✅ Post envoyé: Senegal vs. Sudan (Africa Cup of Nations) | AFCON ... (score: 1)
[2026-01-04T21:00:50.145+0000] {docker.py:429} INFO - ✅ Post envoyé: Nigeria stay PERFECT | Senegal Unbeaten | Tunisia ... (score: 1)
[2026-01-04T21:00:50.254+0000] {docker.py:429} INFO - ✅ Post envoyé: Senegal vs DR Kongo Highlights | AFCON Reaction 😳... (score: 1)
[2026-01-04T21:00:50.365+0000] {docker.py:429} INFO - ✅ Post envoyé: [World] - AFCON: Senegal beat Benin and finish top... (score: 1)
[2026-01-04T21:00:50.473+0000] {docker.py:429} INFO - ✅ Post envoyé: [World] - AFCON: Senegal beat Benin and finish top... (score: 1)
[2026-01-04T21:00:50.582+0000] {docker.py:429} INFO - ✅ Post envoyé: [World] - Senegal beat Benin to claim AFCON group,... (score: 1)
[2026-01-04T21:00:50.688+0000] {docker.py:429} INFO - ✅ Post envoyé: [World] - Senegal beat Benin to claim AFCON group,... (score: 1)
[2026-01-04T21:00:50.794+0000] {docker.py:429} INFO - ✅ Post envoyé: 🦁 Senegal vs Benin 🐆 | AFCON Group D Decider in Ta... (score: 1)
[2026-01-04T21:00:50.901+0000] {docker.py:429} INFO - ✅ Post envoyé: Senegal vs Botswana AFCON Highlights | Reaction... (score: 1)
[2026-01-04T21:00:51.009+0000] {docker.py:429} INFO - ✅ Post envoyé: [World] - AFCON: Sadio Mané's equaliser salvages p... (score: 1)
[2026-01-04T21:00:51.119+0000] {docker.py:429} INFO - ✅ Post envoyé: [World] - AFCON: Sadio Mané's equaliser salvages p... (score: 1)
[2026-01-04T21:00:51.220+0000] {docker.py:429} INFO - ✅ Post envoyé: Ilay Camara is out for 6 weeks and won't be joinin... (score: 5)
[2026-01-04T21:00:51.325+0000] {docker.py:429} INFO - ✅ Post envoyé: [World] - AFCON Daily Round Up: Super Eagles beat ... (score: 1)
[2026-01-04T21:00:51.432+0000] {docker.py:429} INFO - ✅ Post envoyé: [World] - AFCON big cat fight ends in draw: Senega... (score: 1)
[2026-01-04T21:00:51.538+0000] {docker.py:429} INFO - ✅ Post envoyé: [World] - AFCON big cat fight ends in draw: Senega... (score: 1)
[2026-01-04T21:00:51.644+0000] {docker.py:429} INFO - ✅ Post envoyé: [World] - AFCON Daily Round Up: Super Eagles beat ... (score: 1)
[2026-01-04T21:00:51.750+0000] {docker.py:429} INFO - ✅ Post envoyé: [World] - Mane rescues Senegal in draw with DR Con... (score: 1)
[2026-01-04T21:00:51.854+0000] {docker.py:429} INFO - ✅ Post envoyé: [World] - Mane rescues Senegal in draw with DR Con... (score: 1)
[2026-01-04T21:00:51.991+0000] {docker.py:429} INFO - ✅ Post envoyé: [World] - AFCON 2025: Senegal and DR Congo to targ... (score: 1)
[2026-01-04T21:00:52.096+0000] {docker.py:429} INFO - ✅ Post envoyé: [World] - AFCON 2025: Senegal and DR Congo to targ... (score: 1)
[2026-01-04T21:00:52.197+0000] {docker.py:429} INFO - → 50 posts trouvés
[2026-01-04T21:00:55.202+0000] {docker.py:429} INFO - 🔎 Recherche: 'Nigeria AFCON' (global)...
[2026-01-04T21:00:58.021+0000] {docker.py:429} INFO - ✅ Post envoyé: Alex Iwobi on Calvin Bassey's chance vs. Burnley: ... (score: 4033)
[2026-01-04T21:00:58.127+0000] {docker.py:429} INFO - ✅ Post envoyé: Nigeria defeat Tunisia 3-2 and qualify for the AFC... (score: 77)
[2026-01-04T21:00:58.233+0000] {docker.py:429} INFO - ✅ Post envoyé: Match Thread: Nigeria vs Tanzania... (score: 26)
[2026-01-04T21:00:58.340+0000] {docker.py:429} INFO - ✅ Post envoyé: I love AFCON, but the state of our continent is de... (score: 79)
[2026-01-04T21:00:58.448+0000] {docker.py:429} INFO - ✅ Post envoyé: Uganda have used all of their 3 goalkeepers today,... (score: 1149)
[2026-01-04T21:00:58.554+0000] {docker.py:429} INFO - ✅ Post envoyé: A fan brought out a DR Congo flag during Nigeria v... (score: 484)
[2026-01-04T21:00:58.660+0000] {docker.py:429} INFO - ✅ Post envoyé: Osimhen's Nigeria have advanced to the round of 16... (score: 37)
[2026-01-04T21:00:58.799+0000] {docker.py:429} INFO - ✅ Post envoyé: Nigeria vs Tunisia AFCON Tickets... (score: 3)
[2026-01-04T21:00:58.906+0000] {docker.py:429} INFO - ✅ Post envoyé: Nigeria’s squad for upcoming AFCON... (score: 21)
[2026-01-04T21:00:59.114+0000] {docker.py:429} INFO - ✅ Post envoyé: Akinsanmiro: "I was very surprised to be called up... (score: 75)
[2026-01-04T21:00:59.226+0000] {docker.py:429} INFO - ✅ Post envoyé: AFCON - Nigeria vs Uganda... (score: 22)
[2026-01-04T21:00:59.333+0000] {docker.py:429} INFO - ✅ Post envoyé: AFCON: Nigeria vs Tanzania... (score: 12)
[2026-01-04T21:00:59.540+0000] {docker.py:429} INFO - ✅ Post envoyé: Nigeria will face Mozambique in the round of 16 of... (score: 20)
[2026-01-04T21:00:59.645+0000] {docker.py:429} INFO - ✅ Post envoyé: The only two teams to post a 100% record in the AF... (score: 20)
[2026-01-04T21:00:59.752+0000] {docker.py:429} INFO - ✅ Post envoyé: Nigeria's Path to Our 4th AFCON... (score: 6)
[2026-01-04T21:00:59.859+0000] {docker.py:429} INFO - ✅ Post envoyé: Nigeria vs Tunisia Preview: Prediction, Team News,... (score: 3)
[2026-01-04T21:00:59.993+0000] {docker.py:429} INFO - ✅ Post envoyé: Is the Nigeria comparison accurate here for afcon?... (score: 11)
[2026-01-04T21:01:00.101+0000] {docker.py:429} INFO - ✅ Post envoyé: Have Nigeria finally found their winning formula a... (score: 5)
[2026-01-04T21:01:00.213+0000] {docker.py:429} INFO - ✅ Post envoyé: The only two teams to post a 100% record in the AF... (score: 9)
[2026-01-04T21:01:00.334+0000] {docker.py:429} INFO - ✅ Post envoyé: The Super Eagles kick off their AFCON 2025 campaig... (score: 14)
[2026-01-04T21:01:00.478+0000] {docker.py:429} INFO - ✅ Post envoyé: Nigeria reach Afcon last 16 despite Tunisia fightb... (score: 1)
[2026-01-04T21:01:00.586+0000] {docker.py:429} INFO - ✅ Post envoyé: [World] - Nigeria vs Mozambique: AFCON 2025 – team... (score: 1)
[2026-01-04T21:01:00.688+0000] {docker.py:429} INFO - ✅ Post envoyé: [World] - Nigeria vs Mozambique: AFCON 2025 – team... (score: 1)
[2026-01-04T21:01:00.810+0000] {docker.py:429} INFO - ✅ Post envoyé: Uganda vs Nigeria Highlights | AFCON Reaction ⚽... (score: 1)
[2026-01-04T21:01:00.938+0000] {docker.py:429} INFO - ✅ Post envoyé: Nigeria, Algeria Enter AFCON 2025 Knockouts in Com... (score: 3)
[2026-01-04T21:01:01.124+0000] {docker.py:429} INFO - ✅ Post envoyé: Nigeria vs Tunesia Highlights | AFCON Reaction 😳... (score: 1)
[2026-01-04T21:01:01.130+0000] {docker.py:429} INFO - 
[2026-01-04T21:01:01.247+0000] {docker.py:429} INFO - ✅ Post envoyé: Uganda have used all of their 3 goalkeepers today,... (score: 1)
[2026-01-04T21:01:01.364+0000] {docker.py:429} INFO - ✅ Post envoyé: [World] - AFCON 2025: Nigeria complete near-perfec... (score: 1)
[2026-01-04T21:01:01.477+0000] {docker.py:429} INFO - ✅ Post envoyé: [World] - AFCON 2025: Nigeria complete near-perfec... (score: 1)
[2026-01-04T21:01:01.480+0000] {docker.py:429} INFO - 
[2026-01-04T21:01:01.619+0000] {docker.py:429} INFO - ✅ Post envoyé: [Sports] - Afcon roundup: Nigeria stay perfect as ... (score: 1)
[2026-01-04T21:01:01.731+0000] {docker.py:429} INFO - ✅ Post envoyé: [Sports] - Afcon roundup: Nigeria stay perfect as ... (score: 1)
[2026-01-04T21:01:01.859+0000] {docker.py:429} INFO - ✅ Post envoyé: [World] - Nigeria beat Uganda 3-1 to head into AFC... (score: 1)
[2026-01-04T21:01:02.012+0000] {docker.py:429} INFO - ✅ Post envoyé: [World] - Nigeria beat Uganda 3-1 to head into AFC... (score: 1)
[2026-01-04T21:01:02.114+0000] {docker.py:429} INFO - ✅ Post envoyé: [World] - LIVE: Uganda vs Nigeria – AFCON 2025 | A... (score: 1)
[2026-01-04T21:01:02.225+0000] {docker.py:429} INFO - ✅ Post envoyé: Today's MotD: Uganda vs Nigeria (AFCON, Morocco)... (score: 1)
[2026-01-04T21:01:02.344+0000] {docker.py:429} INFO - ✅ Post envoyé: [World] - LIVE: Uganda vs Nigeria – AFCON 2025... (score: 1)
[2026-01-04T21:01:02.468+0000] {docker.py:429} INFO - ✅ Post envoyé: (Request) Nigeria vs Tunisia, AFCON, 27/12/25 –Ful... (score: 2)
[2026-01-04T21:01:02.604+0000] {docker.py:429} INFO - ✅ Post envoyé: Nigeria vs Tanzania Highlights | AFCON Reaction 😳... (score: 1)
[2026-01-04T21:01:02.618+0000] {docker.py:429} INFO - 
[2026-01-04T21:01:02.709+0000] {docker.py:429} INFO - ✅ Post envoyé: [World] - Uganda vs Nigeria: AFCON 2025 – team new... (score: 1)
[2026-01-04T21:01:02.913+0000] {docker.py:429} INFO - ✅ Post envoyé: [World] - Uganda vs Nigeria: AFCON 2025 – team new... (score: 1)
[2026-01-04T21:01:03.035+0000] {docker.py:429} INFO - ✅ Post envoyé: Nigeria Lookman Stars As 3-2 Win Over Tunisia Book... (score: 1)
[2026-01-04T21:01:03.151+0000] {docker.py:429} INFO - ✅ Post envoyé: [World] - Nigeria reach AFCON knockouts despite la... (score: 1)
[2026-01-04T21:01:03.255+0000] {docker.py:429} INFO - ✅ Post envoyé: [World] - Nigeria reach AFCON knockouts despite la... (score: 1)
[2026-01-04T21:01:03.388+0000] {docker.py:429} INFO - ✅ Post envoyé: (Request) Nigeria vs Tunisia, AFCON, 27/12/25... (score: 1)
[2026-01-04T21:01:03.501+0000] {docker.py:429} INFO - ✅ Post envoyé: [World] - LIVE: Nigeria vs Tunisia – AFCON 2025 | ... (score: 1)
[2026-01-04T21:01:03.598+0000] {docker.py:429} INFO - ✅ Post envoyé: [World] - LIVE: Nigeria vs Tunisia – AFCON 2025... (score: 1)
[2026-01-04T21:01:03.711+0000] {docker.py:429} INFO - ✅ Post envoyé: [World] - Nigeria vs Tunisia: AFCON 2025 – team ne... (score: 1)
[2026-01-04T21:01:03.804+0000] {docker.py:429} INFO - → 50 posts trouvés
[2026-01-04T21:01:06.801+0000] {docker.py:429} INFO - 📍 PHASE 2: Scraping des subreddits
----------------------------------------------------------------------
🔍 Scraping r/soccer/hot (limit=50)...
[2026-01-04T21:01:23.317+0000] {docker.py:429} INFO - ❌ Erreur scraping r/soccer: HTTPSConnectionPool(host='www.reddit.com', port=443): Read timed out.
[2026-01-04T21:01:25.313+0000] {docker.py:429} INFO - 🔍 Scraping r/soccer/new (limit=50)...
[2026-01-04T21:01:28.656+0000] {docker.py:429} INFO - ✅ Post envoyé: South Africa [1]-2 Cameroon - Evidence Makgopa 88'... (score: 8)
[2026-01-04T21:01:28.763+0000] {docker.py:429} INFO - ✅ Post envoyé: South Africa 0-2 Cameroon - Christian Kofane 47'... (score: 37)
[2026-01-04T21:01:28.872+0000] {docker.py:429} INFO - ✅ Post envoyé: Match Thread: Paris Saint-Germain vs Paris FC... (score: 7)
[2026-01-04T21:01:28.977+0000] {docker.py:429} INFO - ✅ Post envoyé: South Africa 0-1 Cameroon - Junior Tchamadeu 34'... (score: 20)
[2026-01-04T21:01:29.082+0000] {docker.py:429} INFO - ✅ Post envoyé: The AFCON is finished for Azeddine Ounahi, after i... (score: 51)
[2026-01-04T21:01:29.191+0000] {docker.py:429} INFO - ✅ Post envoyé: Match Thread: South Africa vs Cameroon... (score: 16)
[2026-01-04T21:01:29.297+0000] {docker.py:429} INFO - ✅ Post envoyé: South African players before their game against Ca... (score: 86)
[2026-01-04T21:01:29.402+0000] {docker.py:429} INFO - ✅ Post envoyé: Tanzania penalty shout vs. Morocco... (score: 6)
[2026-01-04T21:01:29.511+0000] {docker.py:429} INFO - ✅ Post envoyé: Post Match Thread: Morocco 1-0 Tanzania... (score: 22)
[2026-01-04T21:01:29.614+0000] {docker.py:429} INFO - → 9 posts CAN trouvés
[2026-01-04T21:01:31.613+0000] {docker.py:429} INFO - 🔍 Scraping r/football/hot (limit=50)...
[2026-01-04T21:01:33.263+0000] {docker.py:429} INFO - ✅ Post envoyé: After poor results at Afcon (africa), the Gabon fo... (score: 204)
[2026-01-04T21:01:33.471+0000] {docker.py:429} INFO - ✅ Post envoyé: Africa Cup of Nations to be held every four years ... (score: 344)
[2026-01-04T21:01:33.574+0000] {docker.py:429} INFO - → 3 posts CAN trouvés
[2026-01-04T21:01:35.569+0000] {docker.py:429} INFO - 🔍 Scraping r/football/new (limit=50)...
[2026-01-04T21:01:37.396+0000] {docker.py:429} INFO - → 3 posts CAN trouvés
[2026-01-04T21:01:39.397+0000] {docker.py:429} INFO - 🔍 Scraping r/sports/hot (limit=50)...
[2026-01-04T21:01:40.829+0000] {docker.py:429} INFO - ✅ Post envoyé: Boxer Anthony Joshua’s driver charged after deadly... (score: 1172)
[2026-01-04T21:01:40.930+0000] {docker.py:429} INFO - → 1 posts CAN trouvés
[2026-01-04T21:01:42.932+0000] {docker.py:429} INFO - 🔍 Scraping r/sports/new (limit=50)...
[2026-01-04T21:01:47.235+0000] {docker.py:429} INFO - ✅ Post envoyé: Texas Tech Lady Raiders Add 7' Nigerian Stephanie ... (score: 186)
[2026-01-04T21:01:47.337+0000] {docker.py:429} INFO - → 2 posts CAN trouvés
[2026-01-04T21:01:49.338+0000] {docker.py:429} INFO - 🔍 Scraping r/worldcup/hot (limit=50)...
[2026-01-04T21:01:50.718+0000] {docker.py:429} INFO - ✅ Post envoyé: Song and clip AFCON African cup 2026 hosted by Mor... (score: 5)
[2026-01-04T21:01:50.922+0000] {docker.py:429} INFO - ✅ Post envoyé: Nigeria files World Cup complaint to FIFA over Con... (score: 169)
[2026-01-04T21:01:51.048+0000] {docker.py:429} INFO - ✅ Post envoyé: World Cup countries Senegal and Côte d’Ivoire amon... (score: 203)
[2026-01-04T21:01:51.178+0000] {docker.py:429} INFO - ✅ Post envoyé: European World cup winner stats when played outsid... (score: 36)
[2026-01-04T21:01:51.271+0000] {docker.py:429} INFO - ✅ Post envoyé: World Cup 'Pride Match' still on after Egypt, Iran... (score: 958)
[2026-01-04T21:01:51.414+0000] {docker.py:429} INFO - ✅ Post envoyé: Egypt protests Pride plans for World Cup match aga... (score: 302)
[2026-01-04T21:01:51.519+0000] {docker.py:429} INFO - → 7 posts CAN trouvés
[2026-01-04T21:01:53.515+0000] {docker.py:429} INFO - 🔍 Scraping r/worldcup/new (limit=50)...
[2026-01-04T21:01:57.341+0000] {docker.py:429} INFO - → 6 posts CAN trouvés
[2026-01-04T21:01:59.342+0000] {docker.py:429} INFO - 🔍 Scraping r/Africa/hot (limit=50)...
[2026-01-04T21:02:01.336+0000] {docker.py:429} INFO - ✅ Post envoyé: African Diaspora Sex Tourism (LONG READ)... (score: 337)
[2026-01-04T21:02:01.449+0000] {docker.py:429} INFO - ✅ Post envoyé: During the U.S intervention in Somalia in the earl... (score: 31)
[2026-01-04T21:02:01.564+0000] {docker.py:429} INFO - ✅ Post envoyé: UAE recognizes Somaliland Passports but blocks Vis... (score: 169)
[2026-01-04T21:02:01.678+0000] {docker.py:429} INFO - ✅ Post envoyé: Why do SOME North Africans claim not to be African... (score: 271)
[2026-01-04T21:02:01.792+0000] {docker.py:429} INFO - ✅ Post envoyé: Leading Private Investment Countries In 2025... (score: 28)
[2026-01-04T21:02:01.913+0000] {docker.py:429} INFO - ✅ Post envoyé: Baka People of Cameroon: Traditional Music from th... (score: 39)
[2026-01-04T21:02:02.033+0000] {docker.py:429} INFO - ✅ Post envoyé: Mali and Burkina Faso impose travel ban on US citi... (score: 438)
[2026-01-04T21:02:02.146+0000] {docker.py:429} INFO - ✅ Post envoyé: Anyone else notice how Ankara print is evolving? F... (score: 9)
[2026-01-04T21:02:02.250+0000] {docker.py:429} INFO - ✅ Post envoyé: There is no legal route for Israelis to reach soma... (score: 90)
[2026-01-04T21:02:02.353+0000] {docker.py:429} INFO - ✅ Post envoyé: Angolans didn’t get to share that sweet border wit... (score: 328)
[2026-01-04T21:02:02.462+0000] {docker.py:429} INFO - ✅ Post envoyé: Guinea elections: Gen Mamady Doumbouya takes lead ... (score: 21)
[2026-01-04T21:02:02.567+0000] {docker.py:429} INFO - ✅ Post envoyé: Le grand Mali... (score: 157)
[2026-01-04T21:02:02.674+0000] {docker.py:429} INFO - ✅ Post envoyé: Eyo Festival of Lagos Nigeria, Dec 27, 2025... (score: 240)
[2026-01-04T21:02:02.783+0000] {docker.py:429} INFO - ✅ Post envoyé: Explain why Somaliland is a big deal?... (score: 222)
[2026-01-04T21:02:02.896+0000] {docker.py:429} INFO - ✅ Post envoyé: IGAD rejects Israel’s recognition of Somaliland, c... (score: 96)
[2026-01-04T21:02:03.004+0000] {docker.py:429} INFO - ✅ Post envoyé: UN Security Council to hold emergency meeting afte... (score: 20)
[2026-01-04T21:02:03.103+0000] {docker.py:429} INFO - → 16 posts CAN trouvés
[2026-01-04T21:02:05.105+0000] {docker.py:429} INFO - 🔍 Scraping r/Africa/new (limit=50)...
[2026-01-04T21:02:09.179+0000] {docker.py:429} INFO - ✅ Post envoyé: Recommendations for countries to visit in Africa... (score: 8)
[2026-01-04T21:02:09.488+0000] {docker.py:429} INFO - ✅ Post envoyé: Thoughts on the US military intervention against t... (score: 16)
[2026-01-04T21:02:09.590+0000] {docker.py:429} INFO - → 18 posts CAN trouvés
[2026-01-04T21:02:11.584+0000] {docker.py:429} INFO - 🔍 Scraping r/africapics/hot (limit=50)...
[2026-01-04T21:02:12.329+0000] {docker.py:429} INFO - → 0 posts CAN trouvés
[2026-01-04T21:02:14.341+0000] {docker.py:429} INFO - 🔍 Scraping r/africapics/new (limit=50)...
[2026-01-04T21:02:15.849+0000] {docker.py:429} INFO - → 0 posts CAN trouvés
[2026-01-04T21:02:17.839+0000] {docker.py:429} INFO - 🔍 Scraping r/African/hot (limit=50)...
[2026-01-04T21:02:18.498+0000] {docker.py:429} INFO - ❌ Erreur scraping r/African: 404 Client Error: Not Found for url: https://www.reddit.com/r/African/hot.json?limit=50
[2026-01-04T21:02:20.512+0000] {docker.py:429} INFO - 🔍 Scraping r/African/new (limit=50)...
[2026-01-04T21:02:21.305+0000] {docker.py:429} INFO - ❌ Erreur scraping r/African: 404 Client Error: Not Found for url: https://www.reddit.com/r/African/new.json?limit=50
[2026-01-04T21:02:23.308+0000] {docker.py:429} INFO - 🔍 Scraping r/Morocco/hot (limit=50)...
[2026-01-04T21:02:25.764+0000] {docker.py:429} INFO - ✅ Post envoyé: Mod recruitment is open... (score: 3)
[2026-01-04T21:02:25.871+0000] {docker.py:429} INFO - ✅ Post envoyé: Present to myself... (score: 58)
[2026-01-04T21:02:25.984+0000] {docker.py:429} INFO - ✅ Post envoyé: Morocco is beautiful ❄️🥶🏔️... (score: 365)
[2026-01-04T21:02:26.099+0000] {docker.py:429} INFO - ✅ Post envoyé: How are Moroccans raised abroad viewed in relation... (score: 1)
[2026-01-04T21:02:26.213+0000] {docker.py:429} INFO - ✅ Post envoyé: The quiet power of presence during AFCON... (score: 48)
[2026-01-04T21:02:26.316+0000] {docker.py:429} INFO - → 5 posts CAN trouvés
[2026-01-04T21:02:28.309+0000] {docker.py:429} INFO - 🔍 Scraping r/Morocco/new (limit=50)...
[2026-01-04T21:02:33.308+0000] {docker.py:429} INFO - ✅ Post envoyé: Foreign income -... (score: 1)
[2026-01-04T21:02:33.413+0000] {docker.py:429} INFO - ✅ Post envoyé: Baking/Cooking School... (score: 1)
[2026-01-04T21:02:33.551+0000] {docker.py:429} INFO - ✅ Post envoyé: Revolut payments in Morocco... (score: 1)
[2026-01-04T21:02:33.620+0000] {docker.py:429} INFO - → 5 posts CAN trouvés
[2026-01-04T21:02:35.622+0000] {docker.py:429} INFO - 📍 PHASE 3: Top posts du mois
----------------------------------------------------------------------
🔍 Scraping r/soccer/top (limit=50)...
[2026-01-04T21:02:37.213+0000] {docker.py:429} INFO - ✅ Post envoyé: Zinedine Zidane at AFCON watching his son Luca Zid... (score: 10915)
[2026-01-04T21:02:37.317+0000] {docker.py:429} INFO - ✅ Post envoyé: A fan in the Senegal vs Botswana game (no idea for... (score: 10497)
[2026-01-04T21:02:37.424+0000] {docker.py:429} INFO - ✅ Post envoyé: FIFA World Cup match in Seattle on June 26 had alr... (score: 9636)
[2026-01-04T21:02:37.529+0000] {docker.py:429} INFO - ✅ Post envoyé: Weird Clearance by Algeria's defender Achref Abada... (score: 8387)
[2026-01-04T21:02:37.631+0000] {docker.py:429} INFO - → 5 posts CAN trouvés
[2026-01-04T21:02:39.632+0000] {docker.py:429} INFO - 🔍 Scraping r/Africa/top (limit=50)...
[2026-01-04T21:02:46.924+0000] {docker.py:429} INFO - ✅ Post envoyé: Mother, Daughter and Maid, Johannesburg, South Afr... (score: 2401)
[2026-01-04T21:02:47.057+0000] {docker.py:429} INFO - ✅ Post envoyé: The original "Waka Waka"song (1986)... (score: 1179)
[2026-01-04T21:02:47.137+0000] {docker.py:429} INFO - ✅ Post envoyé: Faces of Ghana (1950s-1970s) James Barnor... (score: 1037)
[2026-01-04T21:02:47.243+0000] {docker.py:429} INFO - ✅ Post envoyé: West Africa’s Megacity…Lagos, Nigeria.... (score: 911)
[2026-01-04T21:02:47.351+0000] {docker.py:429} INFO - ✅ Post envoyé: Medieval Towns of Mali... (score: 709)
[2026-01-04T21:02:47.468+0000] {docker.py:429} INFO - ✅ Post envoyé: Algeria Government Declares French Colonisation A ... (score: 570)
[2026-01-04T21:02:47.567+0000] {docker.py:429} INFO - ✅ Post envoyé: Fang Women... (score: 518)
[2026-01-04T21:02:47.775+0000] {docker.py:429} INFO - ✅ Post envoyé: African mythology... (score: 430)
[2026-01-04T21:02:48.086+0000] {docker.py:429} INFO - ✅ Post envoyé: Shoutout to the Somali community... (score: 271)
[2026-01-04T21:02:48.292+0000] {docker.py:429} INFO - ✅ Post envoyé: Ghana's president urged to rally African leaders b... (score: 264)
[2026-01-04T21:02:48.601+0000] {docker.py:429} INFO - ✅ Post envoyé: Somali hate... (score: 226)
[2026-01-04T21:02:48.708+0000] {docker.py:429} INFO - ✅ Post envoyé: Israel becomes first country to recognize Somalila... (score: 204)
[2026-01-04T21:02:48.812+0000] {docker.py:429} INFO - ✅ Post envoyé: Burkina Faso, Mali and Niger Launch NATO-Like Mili... (score: 202)
[2026-01-04T21:02:49.022+0000] {docker.py:429} INFO - ✅ Post envoyé: US launches 'powerful strikes' against Islamic Sta... (score: 172)
[2026-01-04T21:02:49.131+0000] {docker.py:429} INFO - → 21 posts CAN trouvés
[2026-01-04T21:02:51.137+0000] {docker.py:429} INFO - 🔍 Scraping r/Morocco/top (limit=50)...
[2026-01-04T21:02:57.536+0000] {docker.py:429} INFO - ✅ Post envoyé: morocco wins the arab cup! 🇲🇦... (score: 1135)
[2026-01-04T21:02:57.641+0000] {docker.py:429} INFO - ✅ Post envoyé: Handmade map of Morocco... (score: 716)
[2026-01-04T21:02:57.746+0000] {docker.py:429} INFO - ✅ Post envoyé: Wld l malik m9mr 3la l mghreb rab7... (score: 488)
[2026-01-04T21:02:57.955+0000] {docker.py:429} INFO - ✅ Post envoyé: I moved to Morocco two months ago and i already re... (score: 253)
[2026-01-04T21:02:58.092+0000] {docker.py:429} INFO - ✅ Post envoyé: Iraqi fan tries to stir something between Algerian... (score: 243)
[2026-01-04T21:02:58.215+0000] {docker.py:429} INFO - ✅ Post envoyé: weird name for a café lol... (score: 236)
[2026-01-04T21:02:58.299+0000] {docker.py:429} INFO - ✅ Post envoyé: Another hospital scandal... (score: 209)
[2026-01-04T21:02:58.403+0000] {docker.py:429} INFO - ✅ Post envoyé: Orange Morocco has exceeded all legal limits in re... (score: 206)
[2026-01-04T21:02:58.509+0000] {docker.py:429} INFO - ✅ Post envoyé: Took this shot at Tangier Stadium during the Seneg... (score: 189)
[2026-01-04T21:02:58.618+0000] {docker.py:429} INFO - ✅ Post envoyé: Am I screwed? 305,000 MAD debt in my early 20s and... (score: 189)
[2026-01-04T21:02:58.718+0000] {docker.py:429} INFO - → 11 posts CAN trouvés
[2026-01-04T21:03:00.727+0000] {docker.py:429} INFO - 💬 PHASE 4: Récupération des commentaires
----------------------------------------------------------------------
[2026-01-04T21:03:00.729+0000] {docker.py:429} INFO - 📝 Commentaires pour: A DR Congo fan stood for 90+ minutes during the AF...
[2026-01-04T21:03:02.491+0000] {docker.py:429} INFO - → 9 commentaires récupérés
[2026-01-04T21:03:04.484+0000] {docker.py:429} INFO - 📝 Commentaires pour: A DR Congo fan stood for 90+ minutes during the AF...
[2026-01-04T21:03:06.345+0000] {docker.py:429} INFO - → 9 commentaires récupérés
[2026-01-04T21:03:08.346+0000] {docker.py:429} INFO - 📝 Commentaires pour: Zinedine Zidane at AFCON watching his son Luca Zid...
[2026-01-04T21:03:09.559+0000] {docker.py:429} INFO - → 8 commentaires récupérés
[2026-01-04T21:03:11.558+0000] {docker.py:429} INFO - 📝 Commentaires pour: A fan in the Senegal vs Botswana game (no idea for...
[2026-01-04T21:03:12.634+0000] {docker.py:429} INFO - → 16 commentaires récupérés
[2026-01-04T21:03:14.637+0000] {docker.py:429} INFO - 📝 Commentaires pour: FIFA World Cup match in Seattle on June 26 had alr...
[2026-01-04T21:03:15.581+0000] {docker.py:429} INFO - → 6 commentaires récupérés
[2026-01-04T21:03:17.582+0000] {docker.py:429} INFO - 📝 Commentaires pour: Weird Clearance by Algeria's defender Achref Abada...
[2026-01-04T21:03:18.433+0000] {docker.py:429} INFO - → 15 commentaires récupérés
[2026-01-04T21:03:20.437+0000] {docker.py:429} INFO - 📝 Commentaires pour: Zambia coach Moses Sichone on Morocco as the Host ...
[2026-01-04T21:03:21.549+0000] {docker.py:429} INFO - → 9 commentaires récupérés
[2026-01-04T21:03:23.551+0000] {docker.py:429} INFO - 📝 Commentaires pour: Zambia coach Moses Sichone on Morocco as the Host ...
[2026-01-04T21:03:25.836+0000] {docker.py:429} INFO - → 9 commentaires récupérés
[2026-01-04T21:03:27.833+0000] {docker.py:429} INFO - 📝 Commentaires pour: Mbappé, Tchouaméni and Koundé are in Morocco for A...
[2026-01-04T21:03:31.327+0000] {docker.py:429} INFO - → 14 commentaires récupérés
[2026-01-04T21:03:33.325+0000] {docker.py:429} INFO - 📝 Commentaires pour: Alex Iwobi on Calvin Bassey's chance vs. Burnley: ...
[2026-01-04T21:03:35.496+0000] {docker.py:429} INFO - → 15 commentaires récupérés
[2026-01-04T21:03:37.497+0000] {docker.py:429} INFO - ======================================================================
📊 RAPPORT DE COLLECTE INTENSIVE
======================================================================
Posts envoyés:         301
Commentaires envoyés:  92
Doublons évités:       79
Erreurs:               0
Total unique:          393
======================================================================
[2026-01-04T21:03:37.499+0000] {docker.py:429} INFO - ⏸️  Pause de 600s avant prochain cycle...
[2026-01-04T21:13:37.450+0000] {docker.py:429} INFO - 🔄 CYCLE #2

======================================================================
[2026-01-04T21:13:37.459+0000] {docker.py:429} INFO - 🚀 COLLECTE INTENSIVE - 2026-01-04 21:13:37
======================================================================

📍 PHASE 1: Recherche ciblée par mots-clés
----------------------------------------------------------------------
🔎 Recherche: 'AFCON 2025' (global)...
[2026-01-04T21:13:44.607+0000] {docker.py:429} INFO - → 50 posts trouvés
[2026-01-04T21:13:47.619+0000] {docker.py:429} INFO - 🔎 Recherche: 'Africa Cup 2025' (global)...
[2026-01-04T21:13:54.521+0000] {docker.py:429} INFO - → 50 posts trouvés
[2026-01-04T21:13:57.528+0000] {docker.py:429} INFO - 🔎 Recherche: 'Morocco AFCON' (global)...
[2026-01-04T21:14:04.046+0000] {docker.py:429} INFO - → 50 posts trouvés
[2026-01-04T21:14:07.048+0000] {docker.py:429} INFO - 🔎 Recherche: 'Senegal AFCON' (global)...
[2026-01-04T21:14:15.184+0000] {docker.py:429} INFO - → 50 posts trouvés
[2026-01-04T21:14:18.172+0000] {docker.py:429} INFO - 🔎 Recherche: 'Nigeria AFCON' (global)...
[2026-01-04T21:14:24.127+0000] {docker.py:429} INFO - → 50 posts trouvés
[2026-01-04T21:14:27.127+0000] {docker.py:429} INFO - 📍 PHASE 2: Scraping des subreddits
----------------------------------------------------------------------
🔍 Scraping r/soccer/hot (limit=50)...
[2026-01-04T21:14:28.544+0000] {docker.py:429} INFO - ✅ Post envoyé: Morocco 1-0 Tanzania - Brahim Diaz 64'... (score: 117)
[2026-01-04T21:14:28.742+0000] {docker.py:429} INFO - → 2 posts CAN trouvés
[2026-01-04T21:14:30.749+0000] {docker.py:429} INFO - 🔍 Scraping r/soccer/new (limit=50)...
[2026-01-04T21:14:31.595+0000] {docker.py:429} INFO - ✅ Post envoyé: Post Match Thread: South Africa 1-2 Cameroon... (score: 11)
[2026-01-04T21:14:31.600+0000] {docker.py:429} INFO - 
[2026-01-04T21:14:32.601+0000] {docker.py:429} INFO - → 10 posts CAN trouvés
[2026-01-04T21:14:34.603+0000] {docker.py:429} INFO - 🔍 Scraping r/football/hot (limit=50)...
[2026-01-04T21:14:36.271+0000] {docker.py:429} INFO - → 3 posts CAN trouvés
[2026-01-04T21:14:38.273+0000] {docker.py:429} INFO - 🔍 Scraping r/football/new (limit=50)...
[2026-01-04T21:14:44.488+0000] {docker.py:429} INFO - → 3 posts CAN trouvés
[2026-01-04T21:14:46.496+0000] {docker.py:429} INFO - 🔍 Scraping r/sports/hot (limit=50)...
[2026-01-04T21:14:48.801+0000] {docker.py:429} INFO - → 1 posts CAN trouvés
[2026-01-04T21:14:50.796+0000] {docker.py:429} INFO - 🔍 Scraping r/sports/new (limit=50)...
[2026-01-04T21:14:52.906+0000] {docker.py:429} INFO - → 2 posts CAN trouvés
[2026-01-04T21:14:54.909+0000] {docker.py:429} INFO - 🔍 Scraping r/worldcup/hot (limit=50)...
[2026-01-04T21:14:57.784+0000] {docker.py:429} INFO - → 6 posts CAN trouvés
[2026-01-04T21:14:59.798+0000] {docker.py:429} INFO - 🔍 Scraping r/worldcup/new (limit=50)...
[2026-01-04T21:15:01.948+0000] {docker.py:429} INFO - → 6 posts CAN trouvés
[2026-01-04T21:15:03.955+0000] {docker.py:429} INFO - 🔍 Scraping r/Africa/hot (limit=50)...
[2026-01-04T21:15:07.184+0000] {timeout.py:68} ERROR - Process timed out, PID: 2668
[2026-01-04T21:15:07.239+0000] {taskinstance.py:2698} ERROR - Task failed with exception
Traceback (most recent call last):
  File "/home/airflow/.local/lib/python3.11/site-packages/docker/api/client.py", line 265, in _raise_for_status
    response.raise_for_status()
  File "/home/airflow/.local/lib/python3.11/site-packages/requests/models.py", line 1021, in raise_for_status
    raise HTTPError(http_error_msg, response=self)
requests.exceptions.HTTPError: 400 Client Error: Bad Request for url: http+docker://localhost/v1.51/containers/create?name=***_scraper_intensive_20260104T180000

The above exception was the direct cause of the following exception:

Traceback (most recent call last):
  File "/home/airflow/.local/lib/python3.11/site-packages/airflow/providers/docker/operators/docker.py", line 364, in _run_image
    return self._run_image_with_mounts([*self.mounts, tmp_mount], add_tmp_variable=True)
           ^^^^^^^^^^^^^^^^^^^^^^^^^^^^^^^^^^^^^^^^^^^^^^^^^^^^^^^^^^^^^^^^^^^^^^^^^^^^^
  File "/home/airflow/.local/lib/python3.11/site-packages/airflow/providers/docker/operators/docker.py", line 391, in _run_image_with_mounts
    self.container = self.cli.create_container(
                     ^^^^^^^^^^^^^^^^^^^^^^^^^^
  File "/home/airflow/.local/lib/python3.11/site-packages/docker/api/container.py", line 439, in create_container
    return self.create_container_from_config(config, name, platform)
           ^^^^^^^^^^^^^^^^^^^^^^^^^^^^^^^^^^^^^^^^^^^^^^^^^^^^^^^^^
  File "/home/airflow/.local/lib/python3.11/site-packages/docker/api/container.py", line 456, in create_container_from_config
    return self._result(res, True)
           ^^^^^^^^^^^^^^^^^^^^^^^
  File "/home/airflow/.local/lib/python3.11/site-packages/docker/api/client.py", line 271, in _result
    self._raise_for_status(response)
  File "/home/airflow/.local/lib/python3.11/site-packages/docker/api/client.py", line 267, in _raise_for_status
    raise create_api_error_from_http_exception(e) from e
          ^^^^^^^^^^^^^^^^^^^^^^^^^^^^^^^^^^^^^^^
  File "/home/airflow/.local/lib/python3.11/site-packages/docker/errors.py", line 39, in create_api_error_from_http_exception
    raise cls(e, response=response, explanation=explanation) from e
docker.errors.APIError: 400 Client Error for http+docker://localhost/v1.51/containers/create?name=airflow_scraper_intensive_20260104T180000: Bad Request ("invalid mount config for type "bind": bind source path does not exist: /tmp/airflowtmp3yucogda")

During handling of the above exception, another exception occurred:

Traceback (most recent call last):
  File "/home/airflow/.local/lib/python3.11/site-packages/airflow/providers/docker/operators/docker.py", line 426, in _run_image_with_mounts
    for log_chunk in logstream:
  File "/home/airflow/.local/lib/python3.11/site-packages/docker/types/daemon.py", line 29, in __next__
    return next(self._stream)
           ^^^^^^^^^^^^^^^^^^
  File "/home/airflow/.local/lib/python3.11/site-packages/docker/api/client.py", line 428, in <genexpr>
    gen = (data for (_, data) in gen)
          ^^^^^^^^^^^^^^^^^^^^^^^^^^^
  File "/home/airflow/.local/lib/python3.11/site-packages/docker/utils/socket.py", line 112, in frames_iter_no_tty
    (stream, n) = next_frame_header(socket)
                  ^^^^^^^^^^^^^^^^^^^^^^^^^
  File "/home/airflow/.local/lib/python3.11/site-packages/docker/utils/socket.py", line 84, in next_frame_header
    data = read_exactly(socket, 8)
           ^^^^^^^^^^^^^^^^^^^^^^^
  File "/home/airflow/.local/lib/python3.11/site-packages/docker/utils/socket.py", line 69, in read_exactly
    next_data = read(socket, n - len(data))
                ^^^^^^^^^^^^^^^^^^^^^^^^^^^
  File "/home/airflow/.local/lib/python3.11/site-packages/docker/utils/socket.py", line 40, in read
    poll.poll()
  File "/home/airflow/.local/lib/python3.11/site-packages/airflow/utils/timeout.py", line 69, in handle_timeout
    raise AirflowTaskTimeout(self.error_message)
airflow.exceptions.AirflowTaskTimeout: Timeout, PID: 2668

During handling of the above exception, another exception occurred:

Traceback (most recent call last):
  File "/home/airflow/.local/lib/python3.11/site-packages/docker/api/client.py", line 265, in _raise_for_status
    response.raise_for_status()
  File "/home/airflow/.local/lib/python3.11/site-packages/requests/models.py", line 1021, in raise_for_status
    raise HTTPError(http_error_msg, response=self)
requests.exceptions.HTTPError: 409 Client Error: Conflict for url: http+docker://localhost/v1.51/containers/d5b84d8f40364545fe14d1600dbfefd24e01b4e4b8693dd9fe83519be7bed4c6?v=False&link=False&force=False

The above exception was the direct cause of the following exception:

Traceback (most recent call last):
  File "/home/airflow/.local/lib/python3.11/site-packages/airflow/models/taskinstance.py", line 428, in _execute_task
    result = execute_callable(context=context, **execute_callable_kwargs)
             ^^^^^^^^^^^^^^^^^^^^^^^^^^^^^^^^^^^^^^^^^^^^^^^^^^^^^^^^^^^^
  File "/home/airflow/.local/lib/python3.11/site-packages/airflow/providers/docker/operators/docker.py", line 502, in execute
    return self._run_image()
           ^^^^^^^^^^^^^^^^^
  File "/home/airflow/.local/lib/python3.11/site-packages/airflow/providers/docker/operators/docker.py", line 373, in _run_image
    return self._run_image_with_mounts(self.mounts, add_tmp_variable=False)
           ^^^^^^^^^^^^^^^^^^^^^^^^^^^^^^^^^^^^^^^^^^^^^^^^^^^^^^^^^^^^^^^^
  File "/home/airflow/.local/lib/python3.11/site-packages/airflow/providers/docker/operators/docker.py", line 455, in _run_image_with_mounts
    self.cli.remove_container(self.container["Id"])
  File "/home/airflow/.local/lib/python3.11/site-packages/docker/utils/decorators.py", line 19, in wrapped
    return f(self, resource_id, *args, **kwargs)
           ^^^^^^^^^^^^^^^^^^^^^^^^^^^^^^^^^^^^^
  File "/home/airflow/.local/lib/python3.11/site-packages/docker/api/container.py", line 1036, in remove_container
    self._raise_for_status(res)
  File "/home/airflow/.local/lib/python3.11/site-packages/docker/api/client.py", line 267, in _raise_for_status
    raise create_api_error_from_http_exception(e) from e
          ^^^^^^^^^^^^^^^^^^^^^^^^^^^^^^^^^^^^^^^
  File "/home/airflow/.local/lib/python3.11/site-packages/docker/errors.py", line 39, in create_api_error_from_http_exception
    raise cls(e, response=response, explanation=explanation) from e
docker.errors.APIError: 409 Client Error for http+docker://localhost/v1.51/containers/d5b84d8f40364545fe14d1600dbfefd24e01b4e4b8693dd9fe83519be7bed4c6?v=False&link=False&force=False: Conflict ("cannot remove container "d5b84d8f40364545fe14d1600dbfefd24e01b4e4b8693dd9fe83519be7bed4c6": container is running: stop the container before removing or force remove")
[2026-01-04T21:15:07.441+0000] {taskinstance.py:1138} INFO - Marking task as UP_FOR_RETRY. dag_id=reddit_can_pipeline_optimized, task_id=scraping_intensive, execution_date=20260104T180000, start_date=20260104T210006, end_date=20260104T211507
[2026-01-04T21:15:07.776+0000] {standard_task_runner.py:107} ERROR - Failed to execute job 22 for task scraping_intensive (409 Client Error for http+docker://localhost/v1.51/containers/d5b84d8f40364545fe14d1600dbfefd24e01b4e4b8693dd9fe83519be7bed4c6?v=False&link=False&force=False: Conflict ("cannot remove container "d5b84d8f40364545fe14d1600dbfefd24e01b4e4b8693dd9fe83519be7bed4c6": container is running: stop the container before removing or force remove"); 2668)
[2026-01-04T21:15:07.877+0000] {local_task_job_runner.py:234} INFO - Task exited with return code 1
[2026-01-04T21:15:08.253+0000] {taskinstance.py:3280} INFO - 0 downstream tasks scheduled from follow-on schedule check
