[2026-01-19T12:18:47.424+0000] {taskinstance.py:1956} INFO - Dependencies all met for dep_context=non-requeueable deps ti=<TaskInstance: reddit_can_complete_pipeline_v2.pipeline_success scheduled__2026-01-19T06:00:00+00:00 [queued]>
[2026-01-19T12:18:47.453+0000] {taskinstance.py:1956} INFO - Dependencies all met for dep_context=requeueable deps ti=<TaskInstance: reddit_can_complete_pipeline_v2.pipeline_success scheduled__2026-01-19T06:00:00+00:00 [queued]>
[2026-01-19T12:18:47.455+0000] {taskinstance.py:2170} INFO - Starting attempt 1 of 3
[2026-01-19T12:18:47.494+0000] {taskinstance.py:2191} INFO - Executing <Task(BashOperator): pipeline_success> on 2026-01-19 06:00:00+00:00
[2026-01-19T12:18:47.509+0000] {standard_task_runner.py:60} INFO - Started process 5522 to run task
[2026-01-19T12:18:47.517+0000] {standard_task_runner.py:87} INFO - Running: ['***', 'tasks', 'run', 'reddit_can_complete_pipeline_v2', 'pipeline_success', 'scheduled__2026-01-19T06:00:00+00:00', '--job-id', '71', '--raw', '--subdir', 'DAGS_FOLDER/reddit_can_complete_pipeline.py', '--cfg-path', '/tmp/tmp3ff442xj']
[2026-01-19T12:18:47.525+0000] {standard_task_runner.py:88} INFO - Job 71: Subtask pipeline_success
[2026-01-19T12:18:47.804+0000] {task_command.py:423} INFO - Running <TaskInstance: reddit_can_complete_pipeline_v2.pipeline_success scheduled__2026-01-19T06:00:00+00:00 [running]> on host 8778a7da77bb
[2026-01-19T12:18:48.068+0000] {taskinstance.py:2480} INFO - Exporting env vars: AIRFLOW_CTX_DAG_OWNER='bigdata_team' AIRFLOW_CTX_DAG_ID='reddit_can_complete_pipeline_v2' AIRFLOW_CTX_TASK_ID='pipeline_success' AIRFLOW_CTX_EXECUTION_DATE='2026-01-19T06:00:00+00:00' AIRFLOW_CTX_TRY_NUMBER='1' AIRFLOW_CTX_DAG_RUN_ID='scheduled__2026-01-19T06:00:00+00:00'
[2026-01-19T12:18:48.074+0000] {subprocess.py:63} INFO - Tmp dir root location: /tmp
[2026-01-19T12:18:48.082+0000] {subprocess.py:75} INFO - Running command: ['/usr/bin/bash', '-c', '\n        echo "=========================================="\n        echo "✅ PIPELINE TERMINÉ AVEC SUCCÈS"\n        echo "=========================================="\n        echo ""\n        echo "🌐 Dashboard: http://localhost:8501"\n        echo "📊 MongoDB: http://localhost:8081"\n        echo "🕸️ Network Analysis: COMPLET"\n        echo ""\n        echo "📝 Logs complets dans Airflow UI"\n        echo "=========================================="\n        ']
[2026-01-19T12:18:48.114+0000] {subprocess.py:86} INFO - Output:
[2026-01-19T12:18:48.200+0000] {subprocess.py:93} INFO - ==========================================
[2026-01-19T12:18:48.202+0000] {subprocess.py:93} INFO - ✅ PIPELINE TERMINÉ AVEC SUCCÈS
[2026-01-19T12:18:48.203+0000] {subprocess.py:93} INFO - ==========================================
[2026-01-19T12:18:48.205+0000] {subprocess.py:93} INFO - 
[2026-01-19T12:18:48.207+0000] {subprocess.py:93} INFO - 🌐 Dashboard: http://localhost:8501
[2026-01-19T12:18:48.209+0000] {subprocess.py:93} INFO - 📊 MongoDB: http://localhost:8081
[2026-01-19T12:18:48.211+0000] {subprocess.py:93} INFO - 🕸️ Network Analysis: COMPLET
[2026-01-19T12:18:48.212+0000] {subprocess.py:93} INFO - 
[2026-01-19T12:18:48.214+0000] {subprocess.py:93} INFO - 📝 Logs complets dans Airflow UI
[2026-01-19T12:18:48.215+0000] {subprocess.py:93} INFO - ==========================================
[2026-01-19T12:18:48.216+0000] {subprocess.py:97} INFO - Command exited with return code 0
[2026-01-19T12:18:48.287+0000] {taskinstance.py:1138} INFO - Marking task as SUCCESS. dag_id=reddit_can_complete_pipeline_v2, task_id=pipeline_success, execution_date=20260119T060000, start_date=20260119T121847, end_date=20260119T121848
[2026-01-19T12:18:48.336+0000] {local_task_job_runner.py:234} INFO - Task exited with return code 0
[2026-01-19T12:18:48.391+0000] {taskinstance.py:3280} INFO - 0 downstream tasks scheduled from follow-on schedule check
