[2026-01-19T06:01:05.533+0000] {taskinstance.py:1956} INFO - Dependencies all met for dep_context=non-requeueable deps ti=<TaskInstance: reddit_can_complete_pipeline_v2.scraping_reddit_to_kafka scheduled__2026-01-19T00:00:00+00:00 [queued]>
[2026-01-19T06:01:05.560+0000] {taskinstance.py:1956} INFO - Dependencies all met for dep_context=requeueable deps ti=<TaskInstance: reddit_can_complete_pipeline_v2.scraping_reddit_to_kafka scheduled__2026-01-19T00:00:00+00:00 [queued]>
[2026-01-19T06:01:05.561+0000] {taskinstance.py:2170} INFO - Starting attempt 1 of 3
[2026-01-19T06:01:05.605+0000] {taskinstance.py:2191} INFO - Executing <Task(DockerOperator): scraping_reddit_to_kafka> on 2026-01-19 00:00:00+00:00
[2026-01-19T06:01:05.619+0000] {standard_task_runner.py:60} INFO - Started process 230 to run task
[2026-01-19T06:01:05.629+0000] {standard_task_runner.py:87} INFO - Running: ['***', 'tasks', 'run', 'reddit_can_complete_pipeline_v2', 'scraping_reddit_to_kafka', 'scheduled__2026-01-19T00:00:00+00:00', '--job-id', '56', '--raw', '--subdir', 'DAGS_FOLDER/reddit_can_complete_pipeline.py', '--cfg-path', '/tmp/tmpijik1to3']
[2026-01-19T06:01:05.636+0000] {standard_task_runner.py:88} INFO - Job 56: Subtask scraping_reddit_to_kafka
[2026-01-19T06:01:05.802+0000] {task_command.py:423} INFO - Running <TaskInstance: reddit_can_complete_pipeline_v2.scraping_reddit_to_kafka scheduled__2026-01-19T00:00:00+00:00 [running]> on host b10457a51225
[2026-01-19T06:01:06.354+0000] {taskinstance.py:2480} INFO - Exporting env vars: AIRFLOW_CTX_DAG_OWNER='bigdata_team' AIRFLOW_CTX_DAG_ID='reddit_can_complete_pipeline_v2' AIRFLOW_CTX_TASK_ID='scraping_reddit_to_kafka' AIRFLOW_CTX_EXECUTION_DATE='2026-01-19T00:00:00+00:00' AIRFLOW_CTX_TRY_NUMBER='1' AIRFLOW_CTX_DAG_RUN_ID='scheduled__2026-01-19T00:00:00+00:00'
[2026-01-19T06:01:06.589+0000] {docker.py:359} INFO - Starting docker container from image projet-bigdata-can-scraper-producer:latest
[2026-01-19T06:01:08.206+0000] {docker.py:429} INFO - 🔌 Connexion à Kafka: kafka:29092
📍 Topic: reddit-can-posts
⏳ Attente de Kafka...
[2026-01-19T06:01:08.563+0000] {docker.py:429} INFO - ✅ Kafka est prêt!
[2026-01-19T06:01:08.705+0000] {docker.py:429} INFO - ✅ Connecté à Kafka!
[2026-01-19T06:01:08.709+0000] {docker.py:429} INFO - ======================================================================
[2026-01-19T06:01:08.711+0000] {docker.py:429} INFO - 🎯 REDDIT KAFKA PRODUCER - MODE INTENSIF
======================================================================
📍 Topic Kafka: reddit-can-posts
⏱️  Intervalle: 600s
🔍 Mots-clés: 52
📍 Subreddits: 18
======================================================================


🔄 CYCLE #1

======================================================================
[2026-01-19T06:01:08.718+0000] {docker.py:429} INFO - 🚀 COLLECTE INTENSIVE - 2026-01-19 06:01:08
======================================================================

📍 PHASE 1: Recherche ciblée par mots-clés
----------------------------------------------------------------------
🔎 Recherche: 'AFCON 2025' (global)...
[2026-01-19T06:01:10.377+0000] {docker.py:429} INFO - ✅ Post envoyé: AFCON 2025 Quarter-Finals Bracket.... (score: 1075)
[2026-01-19T06:01:10.518+0000] {docker.py:429} INFO - ✅ Post envoyé: Birthplaces of all AFCON 2025 players on the map... (score: 346)
[2026-01-19T06:01:10.628+0000] {docker.py:429} INFO - ✅ Post envoyé: 2025 AFCON Knockout Bracket... (score: 327)
[2026-01-19T06:01:10.748+0000] {docker.py:429} INFO - ✅ Post envoyé: AFCON 2025 Semi-Finals Bracket... (score: 126)
[2026-01-19T06:01:10.853+0000] {docker.py:429} INFO - ✅ Post envoyé: BeIN Sports France's predictions for the 2025 AFCO... (score: 31)
[2026-01-19T06:01:10.956+0000] {docker.py:429} INFO - ✅ Post envoyé: The 2025 AFCON Semi Finals... (score: 101)
[2026-01-19T06:01:11.061+0000] {docker.py:429} INFO - ✅ Post envoyé: Scenes as Senegal defeat Morocco in the AFCON 2025... (score: 5167)
[2026-01-19T06:01:11.187+0000] {docker.py:429} INFO - ✅ Post envoyé: Zambia coach Moses Sichone on Morocco as the Host ... (score: 6592)
[2026-01-19T06:01:11.294+0000] {docker.py:429} INFO - ✅ Post envoyé: The 29-year-old Abdou Abdel Mefire is the youngest... (score: 2340)
[2026-01-19T06:01:11.402+0000] {docker.py:429} INFO - ✅ Post envoyé: Sadio Mané (Senegal) wins Player of the Tournament... (score: 1683)
[2026-01-19T06:01:11.508+0000] {docker.py:429} INFO - ✅ Post envoyé: CAF reveals ball for AFCON 2025 final.... (score: 2011)
[2026-01-19T06:01:11.617+0000] {docker.py:429} INFO - ✅ Post envoyé: The Côte d'Ivoire national football team arriving ... (score: 1629)
[2026-01-19T06:01:11.723+0000] {docker.py:429} INFO - ✅ Post envoyé: Brahim Diaz wins golden boot at AFCON 2025... (score: 688)
[2026-01-19T06:01:11.833+0000] {docker.py:429} INFO - ✅ Post envoyé: AFCON 2025 Megathread... (score: 49)
[2026-01-19T06:01:11.941+0000] {docker.py:429} INFO - ✅ Post envoyé: Senegal national team celebrate as they lift the A... (score: 1285)
[2026-01-19T06:01:12.051+0000] {docker.py:429} INFO - ✅ Post envoyé: Amad and the rest of the Côte d'Ivoire squad arriv... (score: 1418)
[2026-01-19T06:01:12.180+0000] {docker.py:429} INFO - ✅ Post envoyé: Kylian Mbappe at the Morocco vs Mali game at Afcon... (score: 1229)
[2026-01-19T06:01:12.288+0000] {docker.py:429} INFO - ✅ Post envoyé: Live! Senegal vs Morocco – AFCON 2025 Final on beI... (score: 1)
[2026-01-19T06:01:12.291+0000] {docker.py:429} INFO - 
[2026-01-19T06:01:12.393+0000] {docker.py:429} INFO - ✅ Post envoyé: The Senegalese FA has lodged an official complaint... (score: 50)
[2026-01-19T06:01:12.499+0000] {docker.py:429} INFO - ✅ Post envoyé: Benin's poster ahead of their AFCON game against E... (score: 8012)
[2026-01-19T06:01:12.609+0000] {docker.py:429} INFO - ✅ Post envoyé: [CAF] Official AFCON 2025 Team of the group stage... (score: 379)
[2026-01-19T06:01:12.715+0000] {docker.py:429} INFO - ✅ Post envoyé: Morocco to the 2025 AFCON Final!... (score: 148)
[2026-01-19T06:01:12.828+0000] {docker.py:429} INFO - ✅ Post envoyé: Côte d'Ivoire, arrived in style in Morocco for the... (score: 826)
[2026-01-19T06:01:12.933+0000] {docker.py:429} INFO - ✅ Post envoyé: [CAF] Official AFCON 2025 Team of the group stage... (score: 315)
[2026-01-19T06:01:13.044+0000] {docker.py:429} INFO - ✅ Post envoyé: Brahim Diaz opens the scoring for Morocco against ... (score: 567)
[2026-01-19T06:01:13.153+0000] {docker.py:429} INFO - ✅ Post envoyé: Match Thread: Algeria vs Nigeria - AFCON 2025... (score: 3)
[2026-01-19T06:01:13.261+0000] {docker.py:429} INFO - ✅ Post envoyé: Nigeria claims bronze at AFCON 2025... (score: 235)
[2026-01-19T06:01:13.370+0000] {docker.py:429} INFO - ✅ Post envoyé: The first semi-final of AFCON 2025... (score: 94)
[2026-01-19T06:01:13.504+0000] {docker.py:429} INFO - ✅ Post envoyé: Noussair Mazraoui assist vs Comoros (AFCON 2025 Gr... (score: 345)
[2026-01-19T06:01:13.611+0000] {docker.py:429} INFO - ✅ Post envoyé: Match Thread: Algeria vs DR Congo - AFCON 2025... (score: 4)
[2026-01-19T06:01:13.725+0000] {docker.py:429} INFO - ✅ Post envoyé: AFCON 2025 (so far): penalties missed — 2/2, bicyc... (score: 389)
[2026-01-19T06:01:13.826+0000] {docker.py:429} INFO - ✅ Post envoyé: This is how the Senegal national team arrived in R... (score: 59)
[2026-01-19T06:01:13.933+0000] {docker.py:429} INFO - ✅ Post envoyé: AFCON 2025: Faced with empty seats during Egypt-Zi... (score: 237)
[2026-01-19T06:01:14.039+0000] {docker.py:429} INFO - ✅ Post envoyé: What if every dual nationality player could repres... (score: 32)
[2026-01-19T06:01:14.171+0000] {docker.py:429} INFO - ✅ Post envoyé: Nora Fatehi is reportedly dating Spanish Footballe... (score: 54)
[2026-01-19T06:01:14.278+0000] {docker.py:429} INFO - ✅ Post envoyé: Senegal vs Morocco finala AFCON 2025 final as host... (score: 30)
[2026-01-19T06:01:14.385+0000] {docker.py:429} INFO - ✅ Post envoyé: Nigeria claims the AFCON 2025 Bronze Medal... (score: 106)
[2026-01-19T06:01:14.495+0000] {docker.py:429} INFO - ✅ Post envoyé: The Pharaohs are through to the AFCON 2025 semi-fi... (score: 68)
[2026-01-19T06:01:14.603+0000] {docker.py:429} INFO - ✅ Post envoyé: Nora Fatehi is reportedly dating Spanish Footballe... (score: 93)
[2026-01-19T06:01:14.706+0000] {docker.py:429} INFO - ✅ Post envoyé: Nigeria will face Algeria in the Quarter Finals AF... (score: 64)
[2026-01-19T06:01:14.821+0000] {docker.py:429} INFO - ✅ Post envoyé: Opta Supercomputer predicts AFCON 2025  Morocco fa... (score: 78)
[2026-01-19T06:01:14.928+0000] {docker.py:429} INFO - ✅ Post envoyé: [BBC] 'I can kill you right now' - Sudan's footbal... (score: 3059)
[2026-01-19T06:01:15.040+0000] {docker.py:429} INFO - ✅ Post envoyé: Match Thread: Algeria vs Equatorial Guinea - AFCON... (score: 3)
[2026-01-19T06:01:15.143+0000] {docker.py:429} INFO - ✅ Post envoyé: Nigeria will face Morocco in the Semi-Final AFCON ... (score: 39)
[2026-01-19T06:01:15.251+0000] {docker.py:429} INFO - ✅ Post envoyé: [Megathread] AFCON 2025 Knockout Stages &amp; Tour... (score: 9)
[2026-01-19T06:01:15.358+0000] {docker.py:429} INFO - ✅ Post envoyé: Match officials for both Afcon 2025 Semifinals... (score: 34)
[2026-01-19T06:01:15.472+0000] {docker.py:429} INFO - ✅ Post envoyé: AFCON 2025: Ndidi offers to pay Super Eagles' bonu... (score: 94)
[2026-01-19T06:01:15.605+0000] {docker.py:429} INFO - ✅ Post envoyé: Match Thread: Algeria vs Sudan - AFCON 2025... (score: 4)
[2026-01-19T06:01:15.681+0000] {docker.py:429} INFO - ✅ Post envoyé: Senegal to the 2025 AFCON Final!... (score: 95)
[2026-01-19T06:01:15.787+0000] {docker.py:429} INFO - ✅ Post envoyé: Match Thread: Algeria vs Burkina Faso - AFCON 2025... (score: 4)
[2026-01-19T06:01:15.889+0000] {docker.py:429} INFO - → 50 posts trouvés
[2026-01-19T06:01:18.890+0000] {docker.py:429} INFO - 🔎 Recherche: 'Africa Cup 2025' (global)...
[2026-01-19T06:01:19.672+0000] {docker.py:429} INFO - ✅ Post envoyé: The 2025 Africa Cup of Nations Quarter Finals... (score: 43)
[2026-01-19T06:01:19.777+0000] {docker.py:429} INFO - ✅ Post envoyé: The 2025 Africa Cup of Nations Round of 16... (score: 65)
[2026-01-19T06:01:19.889+0000] {docker.py:429} INFO - ✅ Post envoyé: Morocco's goal in the Africa Cup of Nations 2025 m... (score: 181)
[2026-01-19T06:01:19.998+0000] {docker.py:429} INFO - ✅ Post envoyé: Africa Cup of Nations to be held every four years ... (score: 2829)
[2026-01-19T06:01:20.103+0000] {docker.py:429} INFO - ✅ Post envoyé: As a neutral Fan of CAF 2025 Morocco, who do you w... (score: 20)
[2026-01-19T06:01:20.220+0000] {docker.py:429} INFO - ✅ Post envoyé: Senegal 🇸🇳 are the champions of the 2025 Africa Cu... (score: 339)
[2026-01-19T06:01:20.355+0000] {docker.py:429} INFO - ✅ Post envoyé: [Pre-Match Thread] Arsenal vs Crystal Palace | 23r... (score: 104)
[2026-01-19T06:01:20.477+0000] {docker.py:429} INFO - ✅ Post envoyé: [Senegalese Football Federation] Concerns regardin... (score: 259)
[2026-01-19T06:01:20.620+0000] {docker.py:429} INFO - ✅ Post envoyé: Ryan Rickelton, dropped from South Africa’s T20 Wo... (score: 172)
[2026-01-19T06:01:20.686+0000] {docker.py:429} INFO - ✅ Post envoyé: Match Thread: Senegal vs Morocco Live Score | Afri... (score: 8)
[2026-01-19T06:01:20.883+0000] {docker.py:429} INFO - ✅ Post envoyé: The 2025 Africa Cup of Nations Final... (score: 103)
[2026-01-19T06:01:21.009+0000] {docker.py:429} INFO - ✅ Post envoyé: Full Match || Africa Cup Of Nations 2025 || Senega... (score: 10)
[2026-01-19T06:01:21.131+0000] {docker.py:429} INFO - ✅ Post envoyé: Mané v Salah: veteran superstars dominate buildup ... (score: 86)
[2026-01-19T06:01:21.307+0000] {docker.py:429} INFO - ✅ Post envoyé: Match Thread: Senegal vs Egypt Live Score | Africa... (score: 7)
[2026-01-19T06:01:21.416+0000] {docker.py:429} INFO - ✅ Post envoyé: [Sounders FC] Best of luck to Nouhou and Georgi in... (score: 145)
[2026-01-19T06:01:21.524+0000] {docker.py:429} INFO - ✅ Post envoyé: Where to Watch AFCON 2025 Live? Africa Cup of Nati... (score: 8)
[2026-01-19T06:01:21.634+0000] {docker.py:429} INFO - ✅ Post envoyé: AFCON 2025: Team guide and ones to watch ahead of ... (score: 31)
[2026-01-19T06:01:21.750+0000] {docker.py:429} INFO - ✅ Post envoyé: The 2025 Africa Cup of Nations kicks off... (score: 90)
[2026-01-19T06:01:21.853+0000] {docker.py:429} INFO - ✅ Post envoyé: 17 - South Africa had 17 shots on goal against Egy... (score: 20)
[2026-01-19T06:01:21.957+0000] {docker.py:429} INFO - ✅ Post envoyé: Full Match || Africa Cup Of Nations 2025 || Nigeri... (score: 9)
[2026-01-19T06:01:22.085+0000] {docker.py:429} INFO - ✅ Post envoyé: Africa Cup Of Nations 2025 Closing Ceremony... (score: 3)
[2026-01-19T06:01:22.196+0000] {docker.py:429} INFO - ✅ Post envoyé: Match Thread: Nigeria vs Morocco Live Score | Afri... (score: 2)
[2026-01-19T06:01:22.307+0000] {docker.py:429} INFO - ✅ Post envoyé: Full Match || Africa Cup Of Nations 2025 || Senega... (score: 8)
[2026-01-19T06:01:22.416+0000] {docker.py:429} INFO - ✅ Post envoyé: Africa Cup of Nations Group Standings after Matchd... (score: 35)
[2026-01-19T06:01:22.564+0000] {docker.py:429} INFO - ✅ Post envoyé: African Record: 135 television channels worldwide ... (score: 23)
[2026-01-19T06:01:22.654+0000] {docker.py:429} INFO - ✅ Post envoyé: Match Thread: Egypt vs Nigeria Live Score | Africa... (score: 6)
[2026-01-19T06:01:22.759+0000] {docker.py:429} INFO - ✅ Post envoyé: Full Match || Africa Cup Of Nations 2025 || Egypt ... (score: 3)
[2026-01-19T06:01:22.867+0000] {docker.py:429} INFO - ✅ Post envoyé: Equatorial Guinea vs Algeria, Africa Cup of Nation... (score: 3)
[2026-01-19T06:01:22.980+0000] {docker.py:429} INFO - ✅ Post envoyé: The Africa Cup 2025 has been added to eFootball (a... (score: 6)
[2026-01-19T06:01:23.086+0000] {docker.py:429} INFO - ✅ Post envoyé: Africa Cup of Nations 2025 final: Senegal vs Moroc... (score: 1)
[2026-01-19T06:01:23.193+0000] {docker.py:429} INFO - ✅ Post envoyé: South Africa's Bafana Bafana defeat Angola 2-1 at ... (score: 16)
[2026-01-19T06:01:23.303+0000] {docker.py:429} INFO - ✅ Post envoyé: Africa cup paying out... (score: 33)
[2026-01-19T06:01:23.421+0000] {docker.py:429} INFO - ✅ Post envoyé: CAN I find Senegal vs Morocco 𝒮𝓉𝓇ℯ𝒶𝓂: Africa Cup o... (score: 1)
[2026-01-19T06:01:23.524+0000] {docker.py:429} INFO - ✅ Post envoyé: How I find Senegal vs Morocco 𝒮𝓉𝓇ℯ𝒶𝓂: Africa Cup o... (score: 1)
[2026-01-19T06:01:23.633+0000] {docker.py:429} INFO - ✅ Post envoyé: How can I Senegal vs Morocco Africa Cup of Nations... (score: 1)
[2026-01-19T06:01:23.742+0000] {docker.py:429} INFO - ✅ Post envoyé: Here's I find Africa Cup of Nations 𝕝𝕚𝕧𝕖 𝕊𝕥𝕣𝕖𝕒𝕞𝕤... (score: 1)
[2026-01-19T06:01:23.848+0000] {docker.py:429} INFO - ✅ Post envoyé: How I find Africa Cup of Nations 𝒮𝓉𝓇ℯ𝒶𝓂: Africa Cu... (score: 1)
[2026-01-19T06:01:23.957+0000] {docker.py:429} INFO - ✅ Post envoyé: Here's I find Africa Cup of Nations 𝕝𝕚𝕧𝕖 𝕊𝕥𝕣𝕖𝕒𝕞𝕤... (score: 1)
[2026-01-19T06:01:24.064+0000] {docker.py:429} INFO - ✅ Post envoyé: How I find Africa Cup of Nations 𝒮𝓉𝓇ℯ𝒶𝓂: Africa Cu... (score: 1)
[2026-01-19T06:01:24.171+0000] {docker.py:429} INFO - ✅ Post envoyé: [𝐒𝐓ream]HERE’S*! WAY TO WATCH Africa Cup of Nation... (score: 1)
[2026-01-19T06:01:24.280+0000] {docker.py:429} INFO - ✅ Post envoyé: [𝐒𝐓ream]HERE’S*! WAY TO WATCH Africa Cup of Nation... (score: 1)
[2026-01-19T06:01:24.387+0000] {docker.py:429} INFO - ✅ Post envoyé: BEST WAY TO WATCH Africa Cup of Nations 𝐿𝐼𝒱𝐸 𝒮𝒯𝑅𝐸𝒜... (score: 1)
[2026-01-19T06:01:24.502+0000] {docker.py:429} INFO - ✅ Post envoyé: BEST WAY TO WATCH Africa Cup of Nations 𝐿𝐼𝒱𝐸 𝒮𝒯𝑅𝐸𝒜... (score: 1)
[2026-01-19T06:01:24.504+0000] {docker.py:429} INFO - 
[2026-01-19T06:01:24.601+0000] {docker.py:429} INFO - ✅ Post envoyé: Epic Showdown: Senegal Battles Morocco for Glory i... (score: 1)
[2026-01-19T06:01:24.711+0000] {docker.py:429} INFO - ✅ Post envoyé: Zimbabwe vs South Africa, Africa Cup of Nations, 2... (score: 3)
[2026-01-19T06:01:24.816+0000] {docker.py:429} INFO - ✅ Post envoyé: Ivory Coast vs Cameroon, Africa Cup of Nations, 28... (score: 3)
[2026-01-19T06:01:24.925+0000] {docker.py:429} INFO - ✅ Post envoyé: PURE REALISM: SIMULATING THE AFRICA CUP... (score: 13)
[2026-01-19T06:01:25.034+0000] {docker.py:429} INFO - ✅ Post envoyé: Match Thread: Egypt vs Ivory Coast Live Score | Af... (score: 9)
[2026-01-19T06:01:25.132+0000] {docker.py:429} INFO - → 50 posts trouvés
[2026-01-19T06:01:28.132+0000] {docker.py:429} INFO - 🔎 Recherche: 'Morocco AFCON' (global)...
[2026-01-19T06:01:29.242+0000] {docker.py:429} INFO - ✅ Post envoyé: Morocco will meet Senegal in the AFCON final on Su... (score: 1768)
[2026-01-19T06:01:29.451+0000] {docker.py:429} INFO - ✅ Post envoyé: The sound level in the Moulay Abdellah Stadium in ... (score: 29)
[2026-01-19T06:01:29.562+0000] {docker.py:429} INFO - ✅ Post envoyé: When can we stop pretending this entire AFCON isn'... (score: 0)
[2026-01-19T06:01:29.575+0000] {docker.py:429} INFO - 
[2026-01-19T06:01:29.684+0000] {docker.py:429} INFO - ✅ Post envoyé: [Official] Senegal crowned AFCON champions after 1... (score: 9583)
[2026-01-19T06:01:29.887+0000] {docker.py:429} INFO - ✅ Post envoyé: 92nd-minute Senegal goal disallowed vs Morocco in ... (score: 2543)
[2026-01-19T06:01:29.996+0000] {docker.py:429} INFO - ✅ Post envoyé: Chaos in AFCON final as Senegal coach and players ... (score: 3477)
[2026-01-19T06:01:30.114+0000] {docker.py:429} INFO - ✅ Post envoyé: Mbappé, Tchouaméni and Koundé are in Morocco for A... (score: 4291)
[2026-01-19T06:01:30.323+0000] {docker.py:429} INFO - ✅ Post envoyé: Mohamed Salah: "This has been my favorite camp eve... (score: 1723)
[2026-01-19T06:01:30.435+0000] {docker.py:429} INFO - ✅ Post envoyé: Manchester United on Instagram: “Commiserations to... (score: 748)
[2026-01-19T06:01:30.569+0000] {docker.py:429} INFO - ✅ Post envoyé: [FotMob] Brahim Diaz has scored in every game so f... (score: 678)
[2026-01-19T06:01:30.689+0000] {docker.py:429} INFO - ✅ Post envoyé: [FotMob] Brahim Diaz has scored in every game so f... (score: 938)
[2026-01-19T06:01:30.913+0000] {docker.py:429} INFO - ✅ Post envoyé: Achraf Hakimi (Morocco) stealing Mendy’s (Senegal)... (score: 701)
[2026-01-19T06:01:31.045+0000] {docker.py:429} INFO - ✅ Post envoyé: Noussair Mazraoui and Morocco reach AFCON 2026 Fin... (score: 744)
[2026-01-19T06:01:31.147+0000] {docker.py:429} INFO - ✅ Post envoyé: 𝗪𝗵𝗲𝗿𝗲 to watch AFCON final (Morocco vs Senegal) Li... (score: 1)
[2026-01-19T06:01:31.263+0000] {docker.py:429} INFO - ✅ Post envoyé: Spotted a LaPorta Jersey at the Senegal v Egypt AF... (score: 1318)
[2026-01-19T06:01:31.405+0000] {docker.py:429} INFO - ✅ Post envoyé: LIVE: Senegal vs Morocco – AFCON final... (score: 1)
[2026-01-19T06:01:31.604+0000] {docker.py:429} INFO - ✅ Post envoyé: Since 2022, Morocco has won the CHAN 2024 (domesti... (score: 510)
[2026-01-19T06:01:31.820+0000] {docker.py:429} INFO - ✅ Post envoyé: Zohran Mamdani hosted a watch party for the AFCON ... (score: 1156)
[2026-01-19T06:01:32.023+0000] {docker.py:429} INFO - ✅ Post envoyé: Zambia player Wilson Chisala: "Morocco is an overr... (score: 271)
[2026-01-19T06:01:32.026+0000] {docker.py:429} INFO - 
[2026-01-19T06:01:32.256+0000] {docker.py:429} INFO - ✅ Post envoyé: Morocco are through to the Semi Finals of AFCON... (score: 261)
[2026-01-19T06:01:32.383+0000] {docker.py:429} INFO - ✅ Post envoyé: Does anyone here actually watch the AFCON that is ... (score: 57)
[2026-01-19T06:01:32.492+0000] {docker.py:429} INFO - ✅ Post envoyé: South Africa coach Hugo Broos says there is no AFC... (score: 136)
[2026-01-19T06:01:32.605+0000] {docker.py:429} INFO - ✅ Post envoyé: Air Senegal are looking for the supporter responsi... (score: 296)
[2026-01-19T06:01:32.846+0000] {docker.py:429} INFO - ✅ Post envoyé: Noussair Mazraoui starts for Morocco vs Senegal in... (score: 226)
[2026-01-19T06:01:32.949+0000] {docker.py:429} INFO - ✅ Post envoyé: A statement from the senegalese foreign ministry a... (score: 67)
[2026-01-19T06:01:33.047+0000] {docker.py:429} INFO - ✅ Post envoyé: Morocco shouldn't organize any more AFCON... (score: 68)
[2026-01-19T06:01:33.174+0000] {docker.py:429} INFO - ✅ Post envoyé: AFCON 2026 Semifinalists... (score: 3728)
[2026-01-19T06:01:33.285+0000] {docker.py:429} INFO - ✅ Post envoyé: En-Nesyri scores the winning pen and takes Morocco... (score: 30)
[2026-01-19T06:01:33.388+0000] {docker.py:429} INFO - ✅ Post envoyé: En-Nesyri goat carried Morocco to the AFCON final... (score: 195)
[2026-01-19T06:01:33.502+0000] {docker.py:429} INFO - ✅ Post envoyé: Hosting the AFCON in Morocco was a lose-lose situa... (score: 50)
[2026-01-19T06:01:33.724+0000] {docker.py:429} INFO - ✅ Post envoyé: Noussair Mazraoui celebrates as Morocco beat Niger... (score: 299)
[2026-01-19T06:01:33.832+0000] {docker.py:429} INFO - ✅ Post envoyé: Looking to buy tickets for Morocco 🇲🇦 vs Nigeria 🇳... (score: 32)
[2026-01-19T06:01:33.950+0000] {docker.py:429} INFO - ✅ Post envoyé: Bryan Mbeumo and Noussair Mazraoui start for Camer... (score: 120)
[2026-01-19T06:01:34.159+0000] {docker.py:429} INFO - ✅ Post envoyé: Noussair Mazraoui starts for Morocco vs Nigeria in... (score: 191)
[2026-01-19T06:01:34.265+0000] {docker.py:429} INFO - ✅ Post envoyé: That Senegal vs Morocco AFCON Final... (score: 335)
[2026-01-19T06:01:34.268+0000] {docker.py:429} INFO - 
[2026-01-19T06:01:34.377+0000] {docker.py:429} INFO - ✅ Post envoyé: Which country are you supporting in the currently ... (score: 22)
[2026-01-19T06:01:34.484+0000] {docker.py:429} INFO - ✅ Post envoyé: Where to watch AFCON final (Morocco vs Senegal) Li... (score: 1)
[2026-01-19T06:01:34.786+0000] {docker.py:429} INFO - → 50 posts trouvés
[2026-01-19T06:01:37.785+0000] {docker.py:429} INFO - 🔎 Recherche: 'Senegal AFCON' (global)...
[2026-01-19T06:01:38.625+0000] {docker.py:429} INFO - ✅ Post envoyé: AFCON referee awards Senegal a corner kick in stop... (score: 8712)
[2026-01-19T06:01:38.933+0000] {docker.py:429} INFO - ✅ Post envoyé: Egyptian journalists storm out of the Press Confer... (score: 367)
[2026-01-19T06:01:39.149+0000] {docker.py:429} INFO - ✅ Post envoyé: A DR Congo fan stood for 90+ minutes during the AF... (score: 11682)
[2026-01-19T06:01:39.560+0000] {docker.py:429} INFO - ✅ Post envoyé: This moment of Sadio Mané instructing his Senegele... (score: 2010)
[2026-01-19T06:01:39.879+0000] {docker.py:429} INFO - ✅ Post envoyé: Nico Jackson and Mamadou Sarr win AFCON with Seneg... (score: 1023)
[2026-01-19T06:01:40.482+0000] {docker.py:429} INFO - ✅ Post envoyé: Senegal win AFCON, the players set to return this ... (score: 356)
[2026-01-19T06:01:40.596+0000] {docker.py:429} INFO - ✅ Post envoyé: Diouf wins AFCON with Senegal!... (score: 424)
[2026-01-19T06:01:40.700+0000] {docker.py:429} INFO - ✅ Post envoyé: Senegal reach the AFCON final!... (score: 514)
[2026-01-19T06:01:40.906+0000] {docker.py:429} INFO - ✅ Post envoyé: Mo's Egypt take on Sadio's Senegal today at 5PM GM... (score: 476)
[2026-01-19T06:01:41.011+0000] {docker.py:429} INFO - ✅ Post envoyé: SENEGAL ARE AFCON CHAMPIONS 🎊🎊🎊🎊... (score: 376)
[2026-01-19T06:01:41.423+0000] {docker.py:429} INFO - ✅ Post envoyé: This man’s leadership won the AFCON 🏆 for Senegal ... (score: 157)
[2026-01-19T06:01:41.525+0000] {docker.py:429} INFO - ✅ Post envoyé: SENEGAL WINS AFCON!!! 🇸🇳... (score: 289)
[2026-01-19T06:01:41.736+0000] {docker.py:429} INFO - ✅ Post envoyé: A DR Congo fan stood for 90+ minutes during the AF... (score: 429)
[2026-01-19T06:01:42.042+0000] {docker.py:429} INFO - ✅ Post envoyé: Seeing Senegal do well in Afcon... (score: 305)
[2026-01-19T06:01:42.259+0000] {docker.py:429} INFO - ✅ Post envoyé: Tonight’s AFCON Final [Senegal vs Morocca] ~ Drop ... (score: 3)
[2026-01-19T06:01:42.371+0000] {docker.py:429} INFO - ✅ Post envoyé: Where Can i Find Stream Senegal vs Morocco 2026 Af... (score: 1)
[2026-01-19T06:01:42.578+0000] {docker.py:429} INFO - ✅ Post envoyé: From an Algerian's eyes, reaction to the AFCON aft... (score: 0)
[2026-01-19T06:01:42.682+0000] {docker.py:429} INFO - ✅ Post envoyé: Following Air Senegal post looking for the fan res... (score: 93)
[2026-01-19T06:01:42.793+0000] {docker.py:429} INFO - ✅ Post envoyé: AFCON Final: Senegal 🇸🇳 vs Morocco 🇲🇦, this is wha... (score: 46)
[2026-01-19T06:01:42.901+0000] {docker.py:429} INFO - ✅ Post envoyé: AFCON 2025 Final: Senegal vs Morocco — more than 1... (score: 27)
[2026-01-19T06:01:43.011+0000] {docker.py:429} INFO - ✅ Post envoyé: Senegal and Jakobs are AFCON winners. Jakobs only ... (score: 43)
[2026-01-19T06:01:43.227+0000] {docker.py:429} INFO - ✅ Post envoyé: Jakobs and Senegal advances to QF of AFCON... (score: 18)
[2026-01-19T06:01:43.318+0000] {docker.py:429} INFO - ✅ Post envoyé: Ismail Jakobs assists Nicolas Jackson for Senegal'... (score: 78)
[2026-01-19T06:01:43.427+0000] {docker.py:429} INFO - ✅ Post envoyé: What a Game Morocco vs Senegal AFCON Final... (score: 29)
[2026-01-19T06:01:43.536+0000] {docker.py:429} INFO - ✅ Post envoyé: Honest question: During AFCON, I noticed Senegal h... (score: 20)
[2026-01-19T06:01:43.646+0000] {docker.py:429} INFO - ✅ Post envoyé: A marabout who had collected the equivalent of 33,... (score: 53)
[2026-01-19T06:01:43.760+0000] {docker.py:429} INFO - ✅ Post envoyé: [Crystal Palace F.C.] Ismaïla Sarr and Senegal hav... (score: 71)
[2026-01-19T06:01:43.851+0000] {docker.py:429} INFO - → 50 posts trouvés
[2026-01-19T06:01:46.856+0000] {docker.py:429} INFO - 🔎 Recherche: 'Nigeria AFCON' (global)...
[2026-01-19T06:01:47.706+0000] {docker.py:429} INFO - ✅ Post envoyé: Algerian Fans Tear Moroccan Banknotes After Disapp... (score: 123)
[2026-01-19T06:01:47.916+0000] {docker.py:429} INFO - ✅ Post envoyé: Thank you Nigeria I was rooting for you... (score: 0)
[2026-01-19T06:01:48.023+0000] {docker.py:429} INFO - ✅ Post envoyé: I wan cry. We seriously need to do better at AFCON... (score: 8)
[2026-01-19T06:01:48.130+0000] {docker.py:429} INFO - ✅ Post envoyé: Nigeria 🇳🇬 Making every team look bad... (score: 3)
[2026-01-19T06:01:48.246+0000] {docker.py:429} INFO - ✅ Post envoyé: [Premium Times Nigeria] For the first time in AFCO... (score: 1844)
[2026-01-19T06:01:48.390+0000] {docker.py:429} INFO - ✅ Post envoyé: Fights break out between journalists at the mixed ... (score: 279)
[2026-01-19T06:01:48.765+0000] {docker.py:429} INFO - ✅ Post envoyé: A fan brought out a DR Congo flag during Nigeria v... (score: 490)
[2026-01-19T06:01:48.892+0000] {docker.py:429} INFO - ✅ Post envoyé: Marrakech stadium security prevented a pitch invas... (score: 106)
[2026-01-19T06:01:49.087+0000] {docker.py:429} INFO - ✅ Post envoyé: Victor Osimhem threatens to leave AFCON camp and r... (score: 1912)
[2026-01-19T06:01:49.486+0000] {docker.py:429} INFO - ✅ Post envoyé: Algerian Fans Tear Moroccan Banknotes After Disapp... (score: 25)
[2026-01-19T06:01:49.593+0000] {docker.py:429} INFO - ✅ Post envoyé: Adams Akor goal to put Nigeria 2-0 up against Alge... (score: 112)
[2026-01-19T06:01:49.700+0000] {docker.py:429} INFO - ✅ Post envoyé: [AFCON] Osimhen has asked to be subbed off in an a... (score: 41)
[2026-01-19T06:01:49.910+0000] {docker.py:429} INFO - ✅ Post envoyé: Iwobi and Lookman fire Nigeria into 3rd place at A... (score: 87)
[2026-01-19T06:01:50.156+0000] {docker.py:429} INFO - ✅ Post envoyé: AFCON update Nigeria 4 Mozambique 0... (score: 106)
[2026-01-19T06:01:50.278+0000] {docker.py:429} INFO - ✅ Post envoyé: Nigeria beat Zaire now DR Congo in the 1994 AFCON ... (score: 117)
[2026-01-19T06:01:50.394+0000] {docker.py:429} INFO - ✅ Post envoyé: Algerian FA files official complaints to CAF and F... (score: 11)
[2026-01-19T06:01:50.511+0000] {docker.py:429} INFO - ✅ Post envoyé: Nigeria defeat Tunisia 3-2 and qualify for the AFC... (score: 76)
[2026-01-19T06:01:50.636+0000] {docker.py:429} INFO - ✅ Post envoyé: AFCON 2025: Super Eagles boss reveals three key la... (score: 13)
[2026-01-19T06:01:50.734+0000] {docker.py:429} INFO - ✅ Post envoyé: Nigeria is out of AFCon.... (score: 41)
[2026-01-19T06:01:50.842+0000] {docker.py:429} INFO - ✅ Post envoyé: Osimhen's Nigeria have advanced to the round of 16... (score: 40)
[2026-01-19T06:01:50.949+0000] {docker.py:429} INFO - ✅ Post envoyé: Nigeria vs Tunisia AFCON Tickets... (score: 3)
[2026-01-19T06:01:51.056+0000] {docker.py:429} INFO - ✅ Post envoyé: Nigeria Vs Algerian (AFCON 25/26)... (score: 6)
[2026-01-19T06:01:51.163+0000] {docker.py:429} INFO - ✅ Post envoyé: Nigeria will face Mozambique in the round of 16 of... (score: 29)
[2026-01-19T06:01:51.266+0000] {docker.py:429} INFO - ✅ Post envoyé: Akinsanmiro: "I was very surprised to be called up... (score: 73)
[2026-01-19T06:01:51.375+0000] {docker.py:429} INFO - ✅ Post envoyé: Moroccan vs Nigeria afcon tickets for sale... (score: 1)
[2026-01-19T06:01:51.482+0000] {docker.py:429} INFO - ✅ Post envoyé: JE CHERCHE 1 BILLET POUR LES DEMIES FINALES MAROC-... (score: 3)
[2026-01-19T06:01:51.590+0000] {docker.py:429} INFO - ✅ Post envoyé: AFCON - Nigeria vs Uganda... (score: 22)
[2026-01-19T06:01:51.706+0000] {docker.py:429} INFO - ✅ Post envoyé: AFCON: Nigeria vs Tanzania... (score: 12)
[2026-01-19T06:01:51.805+0000] {docker.py:429} INFO - ✅ Post envoyé: Nigeria advances in AFCON... (score: 42)
[2026-01-19T06:01:51.912+0000] {docker.py:429} INFO - ✅ Post envoyé: Looking to buy tickets for Morocco 🇲🇦 vs Nigeria 🇳... (score: 5)
[2026-01-19T06:01:52.016+0000] {docker.py:429} INFO - ✅ Post envoyé: Looking to buy tickets for Morocco 🇲🇦 vs Nigeria 🇳... (score: 12)
[2026-01-19T06:01:52.124+0000] {docker.py:429} INFO - ✅ Post envoyé: Chérif Oudjani goal against Nigeria in the 1990 AF... (score: 48)
[2026-01-19T06:01:52.232+0000] {docker.py:429} INFO - ✅ Post envoyé: Nigeria will face Mozambique in the round of 16 of... (score: 23)
[2026-01-19T06:01:52.344+0000] {docker.py:429} INFO - ✅ Post envoyé: The only two teams to post a 100% record in the AF... (score: 19)
[2026-01-19T06:01:52.462+0000] {docker.py:429} INFO - ✅ Post envoyé: Today's MotD: Uganda vs Nigeria (AFCON, Morocco)... (score: 18)
[2026-01-19T06:01:52.565+0000] {docker.py:429} INFO - ✅ Post envoyé: Looking to buy tickets for Morocco 🇲🇦 vs Nigeria 🇳... (score: 9)
[2026-01-19T06:01:52.668+0000] {docker.py:429} INFO - ✅ Post envoyé: Nigeria's Path to Our 4th AFCON... (score: 5)
[2026-01-19T06:01:52.781+0000] {docker.py:429} INFO - ✅ Post envoyé: Nigeria vs Tunisia Preview: Prediction, Team News,... (score: 3)
[2026-01-19T06:01:52.892+0000] {docker.py:429} INFO - ✅ Post envoyé: Algeria vs Nigeria: AFCON Giants Clash in High-Sta... (score: 6)
[2026-01-19T06:01:53.000+0000] {docker.py:429} INFO - ✅ Post envoyé: AFCON: Wilfred Ndidi shouldn't have taken the resp... (score: 5)
[2026-01-19T06:01:53.097+0000] {docker.py:429} INFO - → 50 posts trouvés
[2026-01-19T06:01:56.098+0000] {docker.py:429} INFO - 📍 PHASE 2: Scraping des subreddits
----------------------------------------------------------------------
🔍 Scraping r/soccer/hot (limit=50)...
[2026-01-19T06:01:57.052+0000] {docker.py:429} INFO - ✅ Post envoyé: Edouard Mendy penalty save against Morocco 90+13'... (score: 9773)
[2026-01-19T06:01:57.155+0000] {docker.py:429} INFO - ✅ Post envoyé: Moroccan ball boys attempting to steal the towel o... (score: 3522)
[2026-01-19T06:01:57.362+0000] {docker.py:429} INFO - ✅ Post envoyé: Senegal [1] - 0 Morocco - Pape Gueye 94'... (score: 5365)
[2026-01-19T06:01:57.467+0000] {docker.py:429} INFO - ✅ Post envoyé: Moroccan player Saibari trying to block Senegal`s ... (score: 1470)
[2026-01-19T06:01:57.578+0000] {docker.py:429} INFO - ✅ Post envoyé: Senegal players refuse to continue playing after M... (score: 3522)
[2026-01-19T06:01:57.691+0000] {docker.py:429} INFO - ✅ Post envoyé: Ibrahim Mbaye (Senegal) posted on his Snapchat sto... (score: 2401)
[2026-01-19T06:01:57.893+0000] {docker.py:429} INFO - ✅ Post envoyé: Senegal players leaving the field after a controve... (score: 2942)
[2026-01-19T06:01:58.007+0000] {docker.py:429} INFO - ✅ Post envoyé: Alternate angles of Bono great save vs Senegal... (score: 2257)
[2026-01-19T06:01:58.438+0000] {docker.py:429} INFO - ✅ Post envoyé: Sadio Mané Urges Senegal Teammates Back Onto the P... (score: 2062)
[2026-01-19T06:01:58.626+0000] {docker.py:429} INFO - ✅ Post envoyé: Senegal fans clash with security staff before Brah... (score: 1267)
[2026-01-19T06:01:58.832+0000] {docker.py:429} INFO - ✅ Post envoyé: Post Match Thread: Senegal 1-0 Morocco... (score: 593)
[2026-01-19T06:01:58.938+0000] {docker.py:429} INFO - ✅ Post envoyé: Cherif Ndiaye miss against Morocco 112'... (score: 568)
[2026-01-19T06:01:59.041+0000] {docker.py:429} INFO - ✅ Post envoyé: Edouard Mendy's (foreshadowing) gesture to Morocco... (score: 361)
[2026-01-19T06:01:59.148+0000] {docker.py:429} INFO - ✅ Post envoyé: [Middle East Eye] Rare protest held at Manchester ... (score: 1731)
[2026-01-19T06:01:59.260+0000] {docker.py:429} INFO - ✅ Post envoyé: Bono's (Morocco's GK) 1v1 save vs Senegal 38'... (score: 395)
[2026-01-19T06:01:59.365+0000] {docker.py:429} INFO - ✅ Post envoyé: Senegal erupts in joy after dramatic win to take t... (score: 107)
[2026-01-19T06:01:59.466+0000] {docker.py:429} INFO - → 24 posts CAN trouvés
[2026-01-19T06:02:01.481+0000] {docker.py:429} INFO - 🔍 Scraping r/soccer/new (limit=50)...
[2026-01-19T06:02:02.341+0000] {docker.py:429} INFO - ✅ Post envoyé: President Bassirou Diomaye Faye Declares Monday a ... (score: 53)
[2026-01-19T06:02:02.857+0000] {docker.py:429} INFO - ✅ Post envoyé: AFCON stats of each team in the last 8 teams and t... (score: 49)
[2026-01-19T06:02:04.061+0000] {docker.py:429} INFO - → 17 posts CAN trouvés
[2026-01-19T06:02:06.068+0000] {docker.py:429} INFO - 🔍 Scraping r/football/hot (limit=50)...
[2026-01-19T06:02:07.191+0000] {docker.py:429} INFO - ✅ Post envoyé: The African Cup of Nations final mayhem.... (score: 178)
[2026-01-19T06:02:07.399+0000] {docker.py:429} INFO - ✅ Post envoyé: Africa Cup of Nations final: Senegal crowned champ... (score: 28)
[2026-01-19T06:02:07.504+0000] {docker.py:429} INFO - ✅ Post envoyé: Seeing the reaction from the AFCON final tells me ... (score: 0)
[2026-01-19T06:02:07.608+0000] {docker.py:429} INFO - ✅ Post envoyé: Afcon.. Embarrassing, shame on senagal... (score: 0)
[2026-01-19T06:02:07.715+0000] {docker.py:429} INFO - ✅ Post envoyé: Morocco beats Nigeria on penalties to reach Africa... (score: 72)
[2026-01-19T06:02:07.817+0000] {docker.py:429} INFO - → 6 posts CAN trouvés
[2026-01-19T06:02:09.817+0000] {docker.py:429} INFO - 🔍 Scraping r/football/new (limit=50)...
[2026-01-19T06:02:11.566+0000] {docker.py:429} INFO - → 6 posts CAN trouvés
[2026-01-19T06:02:13.571+0000] {docker.py:429} INFO - 🔍 Scraping r/sports/hot (limit=50)...
[2026-01-19T06:02:14.419+0000] {docker.py:429} INFO - ✅ Post envoyé: Chaos at Africa Cup of Nations final after Senegal... (score: 250)
[2026-01-19T06:02:14.521+0000] {docker.py:429} INFO - → 1 posts CAN trouvés
[2026-01-19T06:02:14.524+0000] {docker.py:429} INFO - 
[2026-01-19T06:02:16.522+0000] {docker.py:429} INFO - 🔍 Scraping r/sports/new (limit=50)...
[2026-01-19T06:02:17.411+0000] {docker.py:429} INFO - → 1 posts CAN trouvés
[2026-01-19T06:02:19.418+0000] {docker.py:429} INFO - 🔍 Scraping r/worldcup/hot (limit=50)...
[2026-01-19T06:02:20.506+0000] {docker.py:429} INFO - ✅ Post envoyé: Moroccan player Saibari trying to block Senegal`s ... (score: 5)
[2026-01-19T06:02:20.619+0000] {docker.py:429} INFO - ✅ Post envoyé: World Champions paired with CONCACAF sides in the ... (score: 18)
[2026-01-19T06:02:20.726+0000] {docker.py:429} INFO - ✅ Post envoyé: World Cup qualification shines as new objective fo... (score: 42)
[2026-01-19T06:02:20.936+0000] {docker.py:429} INFO - ✅ Post envoyé: Nigeria files World Cup complaint to FIFA over Con... (score: 171)
[2026-01-19T06:02:21.045+0000] {docker.py:429} INFO - ✅ Post envoyé: World Cup countries Senegal and Côte d’Ivoire amon... (score: 205)
[2026-01-19T06:02:21.148+0000] {docker.py:429} INFO - → 6 posts CAN trouvés
[2026-01-19T06:02:23.162+0000] {docker.py:429} INFO - 🔍 Scraping r/worldcup/new (limit=50)...
[2026-01-19T06:02:24.715+0000] {docker.py:429} INFO - → 6 posts CAN trouvés
[2026-01-19T06:02:26.718+0000] {docker.py:429} INFO - 🔍 Scraping r/Africa/hot (limit=50)...
[2026-01-19T06:02:27.870+0000] {docker.py:429} INFO - ✅ Post envoyé: Cape Town, South Africa... (score: 28)
[2026-01-19T06:02:27.981+0000] {docker.py:429} INFO - ✅ Post envoyé: 🇦🇴🇨🇩 In the Mbanza Kongo region, capital of the fo... (score: 127)
[2026-01-19T06:02:28.087+0000] {docker.py:429} INFO - ✅ Post envoyé: i miss Kenya/Africa... (score: 35)
[2026-01-19T06:02:28.201+0000] {docker.py:429} INFO - ✅ Post envoyé: What’s your opinion about this?... (score: 13)
[2026-01-19T06:02:28.308+0000] {docker.py:429} INFO - ✅ Post envoyé: How popular is Afrobeats in the country you live i... (score: 4)
[2026-01-19T06:02:28.439+0000] {docker.py:429} INFO - ✅ Post envoyé: Why do some people view North Africa as being more... (score: 2)
[2026-01-19T06:02:28.542+0000] {docker.py:429} INFO - ✅ Post envoyé: Origins of the Swahili - Dispelling colonial-era E... (score: 197)
[2026-01-19T06:02:28.651+0000] {docker.py:429} INFO - ✅ Post envoyé: Saudi Arabia to forge military pact with Egypt and... (score: 90)
[2026-01-19T06:02:28.758+0000] {docker.py:429} INFO - ✅ Post envoyé: Guys who live in the west or in a country outside ... (score: 36)
[2026-01-19T06:02:28.867+0000] {docker.py:429} INFO - ✅ Post envoyé: The indigenous Mtepe ship technology of Swahili, E... (score: 154)
[2026-01-19T06:02:28.971+0000] {docker.py:429} INFO - ✅ Post envoyé: Death of Chimamanda Ngozi Adichie’s son prompts ca... (score: 29)
[2026-01-19T06:02:29.078+0000] {docker.py:429} INFO - ✅ Post envoyé: The Nigerian Republic in a Ditch: The Rise and Tra... (score: 5)
[2026-01-19T06:02:29.184+0000] {docker.py:429} INFO - ✅ Post envoyé: When The Swahili and Somali people visited Guangzh... (score: 301)
[2026-01-19T06:02:29.298+0000] {docker.py:429} INFO - ✅ Post envoyé: Startup Funding In Africa In 2025... (score: 20)
[2026-01-19T06:02:29.403+0000] {docker.py:429} INFO - ✅ Post envoyé: Some nice pictures I took in the Atlas Mountains,A... (score: 66)
[2026-01-19T06:02:29.509+0000] {docker.py:429} INFO - ✅ Post envoyé: South Africa’s AGOA uncertainty still looms... (score: 4)
[2026-01-19T06:02:29.619+0000] {docker.py:429} INFO - ✅ Post envoyé: Cairo Takes Military Step in Sudan War Ahead of Ha... (score: 91)
[2026-01-19T06:02:29.723+0000] {docker.py:429} INFO - ✅ Post envoyé: Over 500 million illicit arms flood West Africa, 4... (score: 44)
[2026-01-19T06:02:29.833+0000] {docker.py:429} INFO - ✅ Post envoyé: Seydou Keïta’s illuminating portraits of life in 2... (score: 5)
[2026-01-19T06:02:29.936+0000] {docker.py:429} INFO - ✅ Post envoyé: Somalia cancels all agreements with UAE over alleg... (score: 40)
[2026-01-19T06:02:30.042+0000] {docker.py:429} INFO - ✅ Post envoyé: Why Turkey is building a space port in Somalia... (score: 14)
[2026-01-19T06:02:30.143+0000] {docker.py:429} INFO - → 21 posts CAN trouvés
[2026-01-19T06:02:32.142+0000] {docker.py:429} INFO - 🔍 Scraping r/Africa/new (limit=50)...
[2026-01-19T06:02:35.230+0000] {docker.py:429} INFO - ✅ Post envoyé: Egypt signs renewable energy deals worth $1.8 bill... (score: 9)
[2026-01-19T06:02:35.427+0000] {docker.py:429} INFO - → 22 posts CAN trouvés
[2026-01-19T06:02:37.429+0000] {docker.py:429} INFO - 🔍 Scraping r/africapics/hot (limit=50)...
[2026-01-19T06:02:37.645+0000] {docker.py:429} INFO - → 0 posts CAN trouvés
[2026-01-19T06:02:39.646+0000] {docker.py:429} INFO - 🔍 Scraping r/africapics/new (limit=50)...
[2026-01-19T06:02:39.881+0000] {docker.py:429} INFO - → 0 posts CAN trouvés
[2026-01-19T06:02:41.874+0000] {docker.py:429} INFO - 🔍 Scraping r/African/hot (limit=50)...
[2026-01-19T06:02:42.044+0000] {docker.py:429} INFO - ❌ Erreur scraping r/African: 404 Client Error: Not Found for url: https://www.reddit.com/r/African/hot.json?limit=50
[2026-01-19T06:02:44.046+0000] {docker.py:429} INFO - 🔍 Scraping r/African/new (limit=50)...
[2026-01-19T06:02:44.212+0000] {docker.py:429} INFO - ❌ Erreur scraping r/African: 404 Client Error: Not Found for url: https://www.reddit.com/r/African/new.json?limit=50
[2026-01-19T06:02:46.213+0000] {docker.py:429} INFO - 🔍 Scraping r/Morocco/hot (limit=50)...
[2026-01-19T06:02:47.365+0000] {docker.py:429} INFO - ✅ Post envoyé: Senegal should have been disqualified... (score: 164)
[2026-01-19T06:02:47.571+0000] {docker.py:429} INFO - ✅ Post envoyé: Morrocans should still be proud of a fantastic gam... (score: 85)
[2026-01-19T06:02:47.676+0000] {docker.py:429} INFO - ✅ Post envoyé: Hatred and Jealousy is insane in this AFCON... (score: 37)
[2026-01-19T06:02:47.782+0000] {docker.py:429} INFO - ✅ Post envoyé: Arabs/Fans in the Arab cup where much better and h... (score: 59)
[2026-01-19T06:02:47.897+0000] {docker.py:429} INFO - ✅ Post envoyé: All Senegal players, along with the coach, should ... (score: 66)
[2026-01-19T06:02:47.996+0000] {docker.py:429} INFO - ✅ Post envoyé: Senegal wanna forfeit the final??... (score: 66)
[2026-01-19T06:02:48.103+0000] {docker.py:429} INFO - ✅ Post envoyé: a mauritanian girl zghrtat after senegal scored a ... (score: 46)
[2026-01-19T06:02:48.208+0000] {docker.py:429} INFO - ✅ Post envoyé: Morocco’s false allegations... (score: 48)
[2026-01-19T06:02:48.327+0000] {docker.py:429} INFO - ✅ Post envoyé: Message from a Tunisian about Afcon... (score: 13)
[2026-01-19T06:02:48.429+0000] {docker.py:429} INFO - ✅ Post envoyé: Hey, runner up spot is still great. Don't let anyo... (score: 38)
[2026-01-19T06:02:48.538+0000] {docker.py:429} INFO - ✅ Post envoyé: We organised a great AFCON, and now most of people... (score: 21)
[2026-01-19T06:02:48.644+0000] {docker.py:429} INFO - ✅ Post envoyé: Last Afcon on Moroccan Soil.... (score: 17)
[2026-01-19T06:02:48.752+0000] {docker.py:429} INFO - ✅ Post envoyé: Tunisian here. Congratulations on an incredible AF... (score: 21)
[2026-01-19T06:02:48.860+0000] {docker.py:429} INFO - ✅ Post envoyé: Is it just me? Today's loss... (score: 20)
[2026-01-19T06:02:48.969+0000] {docker.py:429} INFO - ✅ Post envoyé: Morocco Hosts a Top-Tier AFCON and Gets Nothing bu... (score: 10)
[2026-01-19T06:02:49.077+0000] {docker.py:429} INFO - ✅ Post envoyé: Don't feel miserable because we lost... (score: 17)
[2026-01-19T06:02:49.186+0000] {docker.py:429} INFO - ✅ Post envoyé: This is Bs!! L Senegal... (score: 27)
[2026-01-19T06:02:49.295+0000] {docker.py:429} INFO - ✅ Post envoyé: We do care about other’s opinions too much... (score: 17)
[2026-01-19T06:02:49.411+0000] {docker.py:429} INFO - ✅ Post envoyé: Don't forget to buy these in case we win the CAF... (score: 47)
[2026-01-19T06:02:49.521+0000] {docker.py:429} INFO - ✅ Post envoyé: AFCON Ends, Morocco Continues... (score: 12)
[2026-01-19T06:02:49.637+0000] {docker.py:429} INFO - ✅ Post envoyé: AFCON 2026: Lessons Beyond the Field... (score: 9)
[2026-01-19T06:02:49.751+0000] {docker.py:429} INFO - ✅ Post envoyé: It is what it is. Terrible outcome, we move on.... (score: 11)
[2026-01-19T06:02:49.862+0000] {docker.py:429} INFO - ✅ Post envoyé: Thank you Morocco for a great AFCON... (score: 8)
[2026-01-19T06:02:50.029+0000] {docker.py:429} INFO - ✅ Post envoyé: Best thing that happened from this AFCON... (score: 9)
[2026-01-19T06:02:50.131+0000] {docker.py:429} INFO - ✅ Post envoyé: What do you think about Khawa khawa... (score: 8)
[2026-01-19T06:02:50.253+0000] {docker.py:429} INFO - ✅ Post envoyé: Sometimes we have to be patient in this life we sh... (score: 8)
[2026-01-19T06:02:50.338+0000] {docker.py:429} INFO - → 27 posts CAN trouvés
[2026-01-19T06:02:52.335+0000] {docker.py:429} INFO - 🔍 Scraping r/Morocco/new (limit=50)...
[2026-01-19T06:02:53.240+0000] {docker.py:429} INFO - ✅ Post envoyé: The moment the world lost respect for Morocco part... (score: 0)
[2026-01-19T06:02:53.344+0000] {docker.py:429} INFO - ✅ Post envoyé: The truth you don't want to hear: We Deserve The a... (score: 0)
[2026-01-19T06:02:53.451+0000] {docker.py:429} INFO - ✅ Post envoyé: The moment the world lost respect for Morocco. Mor... (score: 2)
[2026-01-19T06:02:53.556+0000] {docker.py:429} INFO - ✅ Post envoyé: Everyone seems to hate Morocco, and we need to fin... (score: 1)
[2026-01-19T06:02:53.665+0000] {docker.py:429} INFO - ✅ Post envoyé: Zlij simulation... (score: 2)
[2026-01-19T06:02:53.876+0000] {docker.py:429} INFO - ✅ Post envoyé: DNA father test does it exist in morocco?... (score: 1)
[2026-01-19T06:02:53.981+0000] {docker.py:429} INFO - ✅ Post envoyé: Our loss was something Unusual and Suspicious. Her... (score: 0)
[2026-01-19T06:02:54.188+0000] {docker.py:429} INFO - ✅ Post envoyé: Go back and see the penalty again... (score: 0)
[2026-01-19T06:02:54.317+0000] {docker.py:429} INFO - ✅ Post envoyé: Now that the afcon is over, would you guys say afc... (score: 4)
[2026-01-19T06:02:54.409+0000] {docker.py:429} INFO - ✅ Post envoyé: Why in the fuck did everyone switch up on Morocco ... (score: 3)
[2026-01-19T06:02:54.628+0000] {docker.py:429} INFO - ✅ Post envoyé: After cooling down, what do you guys think about t... (score: 6)
[2026-01-19T06:02:54.927+0000] {docker.py:429} INFO - ✅ Post envoyé: help me find a girl (la comédie café - Rabat)... (score: 5)
[2026-01-19T06:02:55.035+0000] {docker.py:429} INFO - ✅ Post envoyé: We got to stop hosting Afcon... (score: 3)
[2026-01-19T06:02:55.448+0000] {docker.py:429} INFO - ✅ Post envoyé: Walid Regragui should be praised not criticised... (score: 1)
[2026-01-19T06:02:56.069+0000] {docker.py:429} INFO - ✅ Post envoyé: Can we get a little peace now that whatever africa... (score: 5)
[2026-01-19T06:02:56.169+0000] {docker.py:429} INFO - ✅ Post envoyé: Casablanca suggestions... (score: 1)
[2026-01-19T06:02:56.475+0000] {docker.py:429} INFO - ✅ Post envoyé: The Senegal towel?... (score: 6)
[2026-01-19T06:02:56.575+0000] {docker.py:429} INFO - → 32 posts CAN trouvés
[2026-01-19T06:02:58.589+0000] {docker.py:429} INFO - 📍 PHASE 3: Top posts du mois
----------------------------------------------------------------------
🔍 Scraping r/soccer/top (limit=50)...
[2026-01-19T06:02:59.369+0000] {docker.py:429} INFO - ✅ Post envoyé: Zinedine Zidane at AFCON watching his son Luca Zid... (score: 10926)
[2026-01-19T06:02:59.473+0000] {docker.py:429} INFO - ✅ Post envoyé: A fan in the Senegal vs Botswana game (no idea for... (score: 10516)
[2026-01-19T06:02:59.891+0000] {docker.py:429} INFO - ✅ Post envoyé: Michel Kuka Mboladinga, a DR Congo supporter, prev... (score: 8502)
[2026-01-19T06:03:00.086+0000] {docker.py:429} INFO - → 8 posts CAN trouvés
[2026-01-19T06:03:02.082+0000] {docker.py:429} INFO - 🔍 Scraping r/Africa/top (limit=50)...
[2026-01-19T06:03:03.405+0000] {docker.py:429} INFO - ✅ Post envoyé: West Africa’s Megacity…Lagos, Nigeria.... (score: 909)
[2026-01-19T06:03:03.505+0000] {docker.py:429} INFO - ✅ Post envoyé: Medieval Towns of Mali... (score: 720)
[2026-01-19T06:03:03.615+0000] {docker.py:429} INFO - ✅ Post envoyé: African Diaspora Sex Tourism (LONG READ)... (score: 672)
[2026-01-19T06:03:03.720+0000] {docker.py:429} INFO - ✅ Post envoyé: Class act by Nigerian player Akor Adams 🇳🇬🤝🏿🇨🇩... (score: 587)
[2026-01-19T06:03:03.827+0000] {docker.py:429} INFO - ✅ Post envoyé: Algeria Government Declares French Colonisation A ... (score: 573)
[2026-01-19T06:03:03.933+0000] {docker.py:429} INFO - ✅ Post envoyé: Mogadishu Somalia 🇸🇴... (score: 530)
[2026-01-19T06:03:04.040+0000] {docker.py:429} INFO - ✅ Post envoyé: Mali and Burkina Faso impose travel ban on US citi... (score: 455)
[2026-01-19T06:03:04.147+0000] {docker.py:429} INFO - ✅ Post envoyé: Angolans didn’t get to share that sweet border wit... (score: 334)
[2026-01-19T06:03:04.252+0000] {docker.py:429} INFO - ✅ Post envoyé: Why do SOME North Africans claim not to be African... (score: 324)
[2026-01-19T06:03:04.463+0000] {docker.py:429} INFO - ✅ Post envoyé: Burkina Faso foils plot to assassinate Capt Ibrahi... (score: 293)
[2026-01-19T06:03:04.571+0000] {docker.py:429} INFO - ✅ Post envoyé: During the U.S intervention in Somalia in the earl... (score: 274)
[2026-01-19T06:03:04.673+0000] {docker.py:429} INFO - ✅ Post envoyé: Ghana's president urged to rally African leaders b... (score: 267)
[2026-01-19T06:03:04.785+0000] {docker.py:429} INFO - ✅ Post envoyé: Eyo Festival of Lagos Nigeria, Dec 27, 2025... (score: 243)
[2026-01-19T06:03:04.890+0000] {docker.py:429} INFO - ✅ Post envoyé: Explain why Somaliland is a big deal?... (score: 224)
[2026-01-19T06:03:04.993+0000] {docker.py:429} INFO - ✅ Post envoyé: Israel becomes first country to recognize Somalila... (score: 204)
[2026-01-19T06:03:05.100+0000] {docker.py:429} INFO - ✅ Post envoyé: Burkina Faso, Mali and Niger Launch NATO-Like Mili... (score: 203)
[2026-01-19T06:03:05.310+0000] {docker.py:429} INFO - ✅ Post envoyé: UAE recognizes Somaliland Passports but blocks Vis... (score: 195)
[2026-01-19T06:03:05.417+0000] {docker.py:429} INFO - ✅ Post envoyé: US launches 'powerful strikes' against Islamic Sta... (score: 169)
[2026-01-19T06:03:05.528+0000] {docker.py:429} INFO - ✅ Post envoyé: Le grand Mali... (score: 159)
[2026-01-19T06:03:05.723+0000] {docker.py:429} INFO - → 22 posts CAN trouvés
[2026-01-19T06:03:07.744+0000] {docker.py:429} INFO - 🔍 Scraping r/Morocco/top (limit=50)...
[2026-01-19T06:03:09.268+0000] {docker.py:429} INFO - ✅ Post envoyé: Kicked out from this place because two girls... (score: 1573)
[2026-01-19T06:03:09.386+0000] {docker.py:429} INFO - ✅ Post envoyé: Handmade map of Morocco... (score: 732)
[2026-01-19T06:03:09.496+0000] {docker.py:429} INFO - ✅ Post envoyé: Wld l malik m9mr 3la l mghreb rab7... (score: 500)
[2026-01-19T06:03:09.601+0000] {docker.py:429} INFO - ✅ Post envoyé: Morocco is beautiful ❄️🥶🏔️... (score: 452)
[2026-01-19T06:03:09.709+0000] {docker.py:429} INFO - ✅ Post envoyé: Sick of foreigners looking to retire in Morocco... (score: 414)
[2026-01-19T06:03:09.818+0000] {docker.py:429} INFO - ✅ Post envoyé: All the bad Google reviews for Milk+Honey Casablan... (score: 290)
[2026-01-19T06:03:09.936+0000] {docker.py:429} INFO - ✅ Post envoyé: I made map of Morocco in English Arabic and Tamazi... (score: 290)
[2026-01-19T06:03:10.043+0000] {docker.py:429} INFO - ✅ Post envoyé: I moved to Morocco two months ago and i already re... (score: 258)
[2026-01-19T06:03:10.165+0000] {docker.py:429} INFO - ✅ Post envoyé: weird name for a café lol... (score: 235)
[2026-01-19T06:03:10.275+0000] {docker.py:429} INFO - ✅ Post envoyé: After visiting Malaysia, I feel more proud of Moro... (score: 237)
[2026-01-19T06:03:10.393+0000] {docker.py:429} INFO - ✅ Post envoyé: The best player in Africa's history: this is the b... (score: 212)
[2026-01-19T06:03:10.509+0000] {docker.py:429} INFO - ✅ Post envoyé: Orange Morocco has exceeded all legal limits in re... (score: 210)
[2026-01-19T06:03:10.622+0000] {docker.py:429} INFO - ✅ Post envoyé: Took this shot at Tangier Stadium during the Seneg... (score: 190)
[2026-01-19T06:03:10.731+0000] {docker.py:429} INFO - → 13 posts CAN trouvés
[2026-01-19T06:03:12.728+0000] {docker.py:429} INFO - 💬 PHASE 4: Récupération des commentaires
----------------------------------------------------------------------
[2026-01-19T06:03:12.730+0000] {docker.py:429} INFO - 📝 Commentaires pour: A DR Congo fan stood for 90+ minutes during the AF...
[2026-01-19T06:03:13.193+0000] {docker.py:429} INFO - → 9 commentaires récupérés
[2026-01-19T06:03:15.193+0000] {docker.py:429} INFO - 📝 Commentaires pour: A DR Congo fan stood for 90+ minutes during the AF...
[2026-01-19T06:03:15.579+0000] {docker.py:429} INFO - → 9 commentaires récupérés
[2026-01-19T06:03:17.579+0000] {docker.py:429} INFO - 📝 Commentaires pour: Zinedine Zidane at AFCON watching his son Luca Zid...
[2026-01-19T06:03:17.972+0000] {docker.py:429} INFO - → 8 commentaires récupérés
[2026-01-19T06:03:19.976+0000] {docker.py:429} INFO - 📝 Commentaires pour: A fan in the Senegal vs Botswana game (no idea for...
[2026-01-19T06:03:20.549+0000] {docker.py:429} INFO - → 16 commentaires récupérés
[2026-01-19T06:03:22.542+0000] {docker.py:429} INFO - 📝 Commentaires pour: Edouard Mendy penalty save against Morocco 90+13'...
[2026-01-19T06:03:22.992+0000] {docker.py:429} INFO - → 14 commentaires récupérés
[2026-01-19T06:03:24.986+0000] {docker.py:429} INFO - 📝 Commentaires pour: Edouard Mendy penalty save against Morocco 90+13'...
[2026-01-19T06:03:25.430+0000] {docker.py:429} INFO - → 14 commentaires récupérés
[2026-01-19T06:03:27.430+0000] {docker.py:429} INFO - 📝 Commentaires pour: [Official] Senegal crowned AFCON champions after 1...
[2026-01-19T06:03:27.890+0000] {docker.py:429} INFO - → 14 commentaires récupérés
[2026-01-19T06:03:29.893+0000] {docker.py:429} INFO - 📝 Commentaires pour: [Official] Senegal crowned AFCON champions after 1...
[2026-01-19T06:03:30.366+0000] {docker.py:429} INFO - → 14 commentaires récupérés
[2026-01-19T06:03:32.360+0000] {docker.py:429} INFO - 📝 Commentaires pour: [Official] Senegal crowned AFCON champions after 1...
[2026-01-19T06:03:32.790+0000] {docker.py:429} INFO - → 14 commentaires récupérés
[2026-01-19T06:03:34.791+0000] {docker.py:429} INFO - 📝 Commentaires pour: [Official] Senegal crowned AFCON champions after 1...
[2026-01-19T06:03:35.258+0000] {docker.py:429} INFO - → 14 commentaires récupérés
[2026-01-19T06:03:37.259+0000] {docker.py:429} INFO - ======================================================================
📊 RAPPORT DE COLLECTE INTENSIVE
======================================================================
Posts envoyés:         331
Commentaires envoyés:  61
Doublons évités:       196
Erreurs:               0
Total unique:          392
======================================================================
[2026-01-19T06:03:37.261+0000] {docker.py:429} INFO - ⏸️  Pause de 600s avant prochain cycle...
[2026-01-19T06:15:16.453+0000] {timeout.py:68} ERROR - Process timed out, PID: 230
[2026-01-19T06:15:16.483+0000] {taskinstance.py:2698} ERROR - Task failed with exception
Traceback (most recent call last):
  File "/home/airflow/.local/lib/python3.11/site-packages/airflow/providers/docker/operators/docker.py", line 426, in _run_image_with_mounts
    for log_chunk in logstream:
  File "/home/airflow/.local/lib/python3.11/site-packages/docker/types/daemon.py", line 29, in __next__
    return next(self._stream)
           ^^^^^^^^^^^^^^^^^^
  File "/home/airflow/.local/lib/python3.11/site-packages/docker/api/client.py", line 428, in <genexpr>
    gen = (data for (_, data) in gen)
          ^^^^^^^^^^^^^^^^^^^^^^^^^^^
  File "/home/airflow/.local/lib/python3.11/site-packages/docker/utils/socket.py", line 112, in frames_iter_no_tty
    (stream, n) = next_frame_header(socket)
                  ^^^^^^^^^^^^^^^^^^^^^^^^^
  File "/home/airflow/.local/lib/python3.11/site-packages/docker/utils/socket.py", line 84, in next_frame_header
    data = read_exactly(socket, 8)
           ^^^^^^^^^^^^^^^^^^^^^^^
  File "/home/airflow/.local/lib/python3.11/site-packages/docker/utils/socket.py", line 69, in read_exactly
    next_data = read(socket, n - len(data))
                ^^^^^^^^^^^^^^^^^^^^^^^^^^^
  File "/home/airflow/.local/lib/python3.11/site-packages/docker/utils/socket.py", line 40, in read
    poll.poll()
  File "/home/airflow/.local/lib/python3.11/site-packages/airflow/utils/timeout.py", line 69, in handle_timeout
    raise AirflowTaskTimeout(self.error_message)
airflow.exceptions.AirflowTaskTimeout: Timeout, PID: 230

During handling of the above exception, another exception occurred:

Traceback (most recent call last):
  File "/home/airflow/.local/lib/python3.11/site-packages/docker/api/client.py", line 265, in _raise_for_status
    response.raise_for_status()
  File "/home/airflow/.local/lib/python3.11/site-packages/requests/models.py", line 1021, in raise_for_status
    raise HTTPError(http_error_msg, response=self)
requests.exceptions.HTTPError: 409 Client Error: Conflict for url: http+docker://localhost/v1.51/containers/3b43ed7cfd28311730e6f8baa221f9d99f6e108f760d602873faad3bbb6a9ad1?v=False&link=False&force=False

The above exception was the direct cause of the following exception:

Traceback (most recent call last):
  File "/home/airflow/.local/lib/python3.11/site-packages/airflow/models/taskinstance.py", line 428, in _execute_task
    result = execute_callable(context=context, **execute_callable_kwargs)
             ^^^^^^^^^^^^^^^^^^^^^^^^^^^^^^^^^^^^^^^^^^^^^^^^^^^^^^^^^^^^
  File "/home/airflow/.local/lib/python3.11/site-packages/airflow/providers/docker/operators/docker.py", line 502, in execute
    return self._run_image()
           ^^^^^^^^^^^^^^^^^
  File "/home/airflow/.local/lib/python3.11/site-packages/airflow/providers/docker/operators/docker.py", line 376, in _run_image
    return self._run_image_with_mounts(self.mounts, add_tmp_variable=False)
           ^^^^^^^^^^^^^^^^^^^^^^^^^^^^^^^^^^^^^^^^^^^^^^^^^^^^^^^^^^^^^^^^
  File "/home/airflow/.local/lib/python3.11/site-packages/airflow/providers/docker/operators/docker.py", line 455, in _run_image_with_mounts
    self.cli.remove_container(self.container["Id"])
  File "/home/airflow/.local/lib/python3.11/site-packages/docker/utils/decorators.py", line 19, in wrapped
    return f(self, resource_id, *args, **kwargs)
           ^^^^^^^^^^^^^^^^^^^^^^^^^^^^^^^^^^^^^
  File "/home/airflow/.local/lib/python3.11/site-packages/docker/api/container.py", line 1036, in remove_container
    self._raise_for_status(res)
  File "/home/airflow/.local/lib/python3.11/site-packages/docker/api/client.py", line 267, in _raise_for_status
    raise create_api_error_from_http_exception(e) from e
          ^^^^^^^^^^^^^^^^^^^^^^^^^^^^^^^^^^^^^^^
  File "/home/airflow/.local/lib/python3.11/site-packages/docker/errors.py", line 39, in create_api_error_from_http_exception
    raise cls(e, response=response, explanation=explanation) from e
docker.errors.APIError: 409 Client Error for http+docker://localhost/v1.51/containers/3b43ed7cfd28311730e6f8baa221f9d99f6e108f760d602873faad3bbb6a9ad1?v=False&link=False&force=False: Conflict ("cannot remove container "3b43ed7cfd28311730e6f8baa221f9d99f6e108f760d602873faad3bbb6a9ad1": container is running: stop the container before removing or force remove")
[2026-01-19T06:15:16.536+0000] {taskinstance.py:1138} INFO - Marking task as UP_FOR_RETRY. dag_id=reddit_can_complete_pipeline_v2, task_id=scraping_reddit_to_kafka, execution_date=20260119T000000, start_date=20260119T060105, end_date=20260119T061516
[2026-01-19T06:15:16.584+0000] {standard_task_runner.py:107} ERROR - Failed to execute job 56 for task scraping_reddit_to_kafka (409 Client Error for http+docker://localhost/v1.51/containers/3b43ed7cfd28311730e6f8baa221f9d99f6e108f760d602873faad3bbb6a9ad1?v=False&link=False&force=False: Conflict ("cannot remove container "3b43ed7cfd28311730e6f8baa221f9d99f6e108f760d602873faad3bbb6a9ad1": container is running: stop the container before removing or force remove"); 230)
[2026-01-19T06:15:16.624+0000] {local_task_job_runner.py:234} INFO - Task exited with return code 1
[2026-01-19T06:15:16.711+0000] {taskinstance.py:3280} INFO - 0 downstream tasks scheduled from follow-on schedule check
